Virtual User Script started at: 15.03.2024 18:04:12
Starting action vuser_init.
Web Turbo Replay of LoadRunner 12.55.0 for Windows 10; build 911 (èþë 24 2017 19:46:00)  	[MsgId: MMSG-26983]
Run mode: HTML  	[MsgId: MMSG-26993]
Replay user agent: Mozilla/5.0 (Windows NT 10.0; Win64; x64; rv:123.0) Gecko/20100101 Firefox/123.0  	[MsgId: MMSG-26988]
Run-Time Settings file: "C:\Users\user\Documents\VuGen\Scripts\UC7_EditingProfileData\\default.cfg"  	[MsgId: MMSG-27141]
Ending action vuser_init.
Running Vuser...
Starting iteration 1.
Maximum number of concurrent connections per server: 6  	[MsgId: MMSG-26989]
Starting action Action.
Action.c(7): Notify: Transaction "UC7_EditingProfileData" started.
Action.c(10): Notify: Transaction "Goto_HomePage" started.
Action.c(12): web_set_sockets_option started  	[MsgId: MMSG-26355]
Action.c(12): web_set_sockets_option was successful  	[MsgId: MMSG-26392]
Action.c(14): web_set_user started  	[MsgId: MMSG-26355]
Action.c(14): web_set_user was successful  	[MsgId: MMSG-26392]
Action.c(16): web_add_cookie started  	[MsgId: MMSG-26355]
Action.c(16): web_add_cookie was successful  	[MsgId: MMSG-26392]
Action.c(17): web_add_cookie started  	[MsgId: MMSG-26355]
Action.c(17): web_add_cookie was successful  	[MsgId: MMSG-26392]
Action.c(18): web_add_cookie started  	[MsgId: MMSG-26355]
Action.c(18): web_add_cookie was successful  	[MsgId: MMSG-26392]
Action.c(19): web_add_cookie started  	[MsgId: MMSG-26355]
Action.c(19): web_add_cookie was successful  	[MsgId: MMSG-26392]
Action.c(20): web_add_cookie started  	[MsgId: MMSG-26355]
Action.c(20): web_add_cookie was successful  	[MsgId: MMSG-26392]
Action.c(21): web_add_cookie started  	[MsgId: MMSG-26355]
Action.c(21): web_add_cookie was successful  	[MsgId: MMSG-26392]
Action.c(22): web_add_header("Upgrade-Insecure-Requests") started  	[MsgId: MMSG-26355]
Action.c(22): web_add_header("Upgrade-Insecure-Requests") was successful  	[MsgId: MMSG-26392]
Action.c(23): web_add_cookie started  	[MsgId: MMSG-26355]
Action.c(23): web_add_cookie was successful  	[MsgId: MMSG-26392]
Action.c(24): web_add_cookie started  	[MsgId: MMSG-26355]
Action.c(24): web_add_cookie was successful  	[MsgId: MMSG-26392]
Action.c(26): web_reg_find started  	[MsgId: MMSG-26355]
Action.c(26): Registering web_reg_find was successful  	[MsgId: MMSG-26390]
Action.c(27): web_reg_find started  	[MsgId: MMSG-26355]
Action.c(27): Registering web_reg_find was successful  	[MsgId: MMSG-26390]
Action.c(29): web_url("ALL") started  	[MsgId: MMSG-26355]
Action.c(29): Registered web_reg_find successful for "Text="parameters"" (count=1)  	[MsgId: MMSG-26364]
Action.c(29): Registered web_reg_find successful for "Text="parameterName"" (count=51)  	[MsgId: MMSG-26364]
Action.c(29): web_url("ALL") was successful, 6541 body bytes, 434 header bytes, 18 chunking overhead bytes  	[MsgId: MMSG-26385]
Action.c(39): web_add_header("Origin") started  	[MsgId: MMSG-26355]
Action.c(39): web_add_header("Origin") was successful  	[MsgId: MMSG-26392]
Action.c(40): web_add_header("SOAPAction") started  	[MsgId: MMSG-26355]
Action.c(40): web_add_header("SOAPAction") was successful  	[MsgId: MMSG-26392]
Action.c(41): web_add_header("X-Requested-With") started  	[MsgId: MMSG-26355]
Action.c(41): web_add_header("X-Requested-With") was successful  	[MsgId: MMSG-26392]
Action.c(43): web_reg_find started  	[MsgId: MMSG-26355]
Action.c(43): Registering web_reg_find was successful  	[MsgId: MMSG-26390]
Action.c(45): web_custom_request("GetAccountConfigurationRequest") started  	[MsgId: MMSG-26355]
Action.c(45): Registered web_reg_find successful for "Text=numberOfFailedLoginAttemptsBeforeBlocking" (count=2)  	[MsgId: MMSG-26364]
Action.c(45): web_custom_request("GetAccountConfigurationRequest") was successful, 823 body bytes, 665 header bytes  	[MsgId: MMSG-26386]
Action.c(60): web_reg_find started  	[MsgId: MMSG-26355]
Action.c(60): Registering web_reg_find was successful  	[MsgId: MMSG-26390]
Action.c(61): web_reg_find started  	[MsgId: MMSG-26355]
Action.c(61): Registering web_reg_find was successful  	[MsgId: MMSG-26390]
Action.c(62): web_reg_find started  	[MsgId: MMSG-26355]
Action.c(62): Registering web_reg_find was successful  	[MsgId: MMSG-26390]
Action.c(63): web_reg_find started  	[MsgId: MMSG-26355]
Action.c(63): Registering web_reg_find was successful  	[MsgId: MMSG-26390]
Action.c(64): web_reg_find started  	[MsgId: MMSG-26355]
Action.c(64): Registering web_reg_find was successful  	[MsgId: MMSG-26390]
Action.c(66): web_url("categories") started  	[MsgId: MMSG-26355]
Action.c(66): Registered web_reg_find successful for "Text="categoryName":"LAPTOPS"" (count=1)  	[MsgId: MMSG-26364]
Action.c(66): Registered web_reg_find successful for "Text="categoryName":"HEADPHONES"" (count=1)  	[MsgId: MMSG-26364]
Action.c(66): Registered web_reg_find successful for "Text="categoryName":"TABLETS"" (count=1)  	[MsgId: MMSG-26364]
Action.c(66): Registered web_reg_find successful for "Text="categoryName":"SPEAKERS"" (count=1)  	[MsgId: MMSG-26364]
Action.c(66): Registered web_reg_find successful for "Text="categoryName":"MICE"" (count=1)  	[MsgId: MMSG-26364]
Action.c(66): web_url("categories") was successful, 4482 body bytes, 434 header bytes, 18 chunking overhead bytes  	[MsgId: MMSG-26385]
Action.c(76): web_add_cookie started  	[MsgId: MMSG-26355]
Action.c(76): web_add_cookie was successful  	[MsgId: MMSG-26392]
Action.c(79): web_reg_find started  	[MsgId: MMSG-26355]
Action.c(79): Registering web_reg_find was successful  	[MsgId: MMSG-26390]
Action.c(80): web_reg_find started  	[MsgId: MMSG-26355]
Action.c(80): Registering web_reg_find was successful  	[MsgId: MMSG-26390]
Action.c(82): web_url("dealOfTheDay") started  	[MsgId: MMSG-26355]
Action.c(82): Registered web_reg_find successful for "Text="promotionHeader"" (count=1)  	[MsgId: MMSG-26364]
Action.c(82): Registered web_reg_find successful for "Text="promotionSubHeader"" (count=1)  	[MsgId: MMSG-26364]
Action.c(82): web_url("dealOfTheDay") was successful, 351 body bytes, 434 header bytes, 17 chunking overhead bytes  	[MsgId: MMSG-26385]
Action.c(93): web_reg_find started  	[MsgId: MMSG-26355]
Action.c(93): Registering web_reg_find was successful  	[MsgId: MMSG-26390]
Action.c(94): web_reg_find started  	[MsgId: MMSG-26355]
Action.c(94): Registering web_reg_find was successful  	[MsgId: MMSG-26390]
Action.c(96): web_url("popularProducts") started  	[MsgId: MMSG-26355]
Action.c(96): Registered web_reg_find successful for "Text="productName"" (count=3)  	[MsgId: MMSG-26364]
Action.c(96): Registered web_reg_find successful for "Text="description"" (count=3)  	[MsgId: MMSG-26364]
Action.c(96): web_url("popularProducts") was successful, 500 body bytes, 472 header bytes, 12 chunking overhead bytes  	[MsgId: MMSG-26385]
Action.c(106): Notify: Transaction "Goto_HomePage" ended with a "Pass" status (Duration: 2.1471 Wasted Time: 0.1680).
Action.c(110): lr_think_time: 2.00 seconds.
Action.c(115): Notify: Transaction "Entry_AuthenticateData" started.
Action.c(117): web_add_header("Origin") started  	[MsgId: MMSG-26355]
Action.c(117): web_add_header("Origin") was successful  	[MsgId: MMSG-26392]
Action.c(118): web_add_header("SOAPAction") started  	[MsgId: MMSG-26355]
Action.c(118): web_add_header("SOAPAction") was successful  	[MsgId: MMSG-26392]
Action.c(119): web_add_header("X-Requested-With") started  	[MsgId: MMSG-26355]
Action.c(119): web_add_header("X-Requested-With") was successful  	[MsgId: MMSG-26392]
Action.c(122): web_reg_save_param_xpath started  	[MsgId: MMSG-26355]
Action.c(122): Registering web_reg_save_param_xpath was successful  	[MsgId: MMSG-26390]
Action.c(125): web_reg_save_param_xpath started  	[MsgId: MMSG-26355]
Action.c(125): Registering web_reg_save_param_xpath was successful  	[MsgId: MMSG-26390]
Action.c(128): web_reg_find started  	[MsgId: MMSG-26355]
Action.c(128): Registering web_reg_find was successful  	[MsgId: MMSG-26390]
Action.c(130): web_custom_request("AccountLoginRequest") started  	[MsgId: MMSG-26355]
Action.c(130): Registered web_reg_find successful for "Text=Login Successful" (count=1)  	[MsgId: MMSG-26364]
Action.c(130): web_custom_request("AccountLoginRequest") was successful, 798 body bytes, 665 header bytes  	[MsgId: MMSG-26386]
Action.c(143): web_set_sockets_option started  	[MsgId: MMSG-26355]
Action.c(143): web_set_sockets_option was successful  	[MsgId: MMSG-26392]
Action.c(144): web_add_cookie started  	[MsgId: MMSG-26355]
Action.c(144): web_add_cookie was successful  	[MsgId: MMSG-26392]
Action.c(147): web_reg_find started  	[MsgId: MMSG-26355]
Action.c(147): Registering web_reg_find was successful  	[MsgId: MMSG-26390]
Action.c(149): web_url("700309255") started  	[MsgId: MMSG-26355]
Action.c(149): Registered web_reg_find successful for "Text="userId":280016473" (count=1)  	[MsgId: MMSG-26364]
Action.c(149): web_url("700309255") was successful, 278 body bytes, 514 header bytes, 17 chunking overhead bytes  	[MsgId: MMSG-26385]
Action.c(159): Notify: Transaction "Entry_AuthenticateData" ended with a "Pass" status (Duration: 1,2272 Wasted Time: 0,0192).
Action.c(163): lr_think_time: 2,00 seconds.
Action.c(167): Notify: Transaction "Goto_AccountPage" started.
Action.c(169): web_add_cookie started  	[MsgId: MMSG-26355]
Action.c(169): web_add_cookie was successful  	[MsgId: MMSG-26392]
Action.c(171): web_add_header("SOAPAction") started  	[MsgId: MMSG-26355]
Action.c(171): web_add_header("SOAPAction") was successful  	[MsgId: MMSG-26392]
Action.c(172): web_add_auto_header("X-Requested-With") started  	[MsgId: MMSG-26355]
Action.c(172): web_add_auto_header("X-Requested-With") was successful  	[MsgId: MMSG-26392]
Action.c(174): web_reg_find started  	[MsgId: MMSG-26355]
Action.c(174): Registering web_reg_find was successful  	[MsgId: MMSG-26390]
Action.c(176): web_custom_request("GetAccountByIdNewRequest") started  	[MsgId: MMSG-26355]
Action.c(176): Registered web_reg_find successful for "Text=<ns2:id>280016473</ns2:id>" (count=1)  	[MsgId: MMSG-26364]
Action.c(176): web_custom_request("GetAccountByIdNewRequest") was successful, 1259 body bytes, 666 header bytes  	[MsgId: MMSG-26386]
Action.c(189): web_add_cookie started  	[MsgId: MMSG-26355]
Action.c(189): web_add_cookie was successful  	[MsgId: MMSG-26392]
Action.c(190): web_add_header("SOAPAction") started  	[MsgId: MMSG-26355]
Action.c(190): web_add_header("SOAPAction") was successful  	[MsgId: MMSG-26392]
Action.c(192): web_reg_find started  	[MsgId: MMSG-26355]
Action.c(192): Registering web_reg_find was successful  	[MsgId: MMSG-26390]
Action.c(194): web_custom_request("GetAddressesByAccountIdRequest") started  	[MsgId: MMSG-26355]
Action.c(194): Registered web_reg_find successful for "Text=<ns2:accountId>280016473</ns2:accountId>" (count=2)  	[MsgId: MMSG-26364]
Action.c(194): web_custom_request("GetAddressesByAccountIdRequest") was successful, 906 body bytes, 665 header bytes  	[MsgId: MMSG-26386]
Action.c(207): web_add_header("SOAPAction") started  	[MsgId: MMSG-26355]
Action.c(207): web_add_header("SOAPAction") was successful  	[MsgId: MMSG-26392]
Action.c(209): web_reg_find started  	[MsgId: MMSG-26355]
Action.c(209): Registering web_reg_find was successful  	[MsgId: MMSG-26390]
Action.c(211): web_custom_request("GetAccountPaymentPreferencesRequest") started  	[MsgId: MMSG-26355]
Action.c(211): Registered web_reg_find successful for "Text=PaymentPreferences" (count=2)  	[MsgId: MMSG-26364]
Action.c(211): web_custom_request("GetAccountPaymentPreferencesRequest") was successful, 782 body bytes, 665 header bytes  	[MsgId: MMSG-26386]
Action.c(224): Notify: Transaction "Goto_AccountPage" ended with a "Pass" status (Duration: 1.0885 Wasted Time: 0.0173).
Action.c(228): lr_think_time: 2.00 seconds.
Action.c(232): Notify: Transaction "Goto_AccountDetailsPage" started.
Action.c(234): web_add_cookie started  	[MsgId: MMSG-26355]
Action.c(234): web_add_cookie was successful  	[MsgId: MMSG-26392]
Action.c(236): web_add_header("Origin") started  	[MsgId: MMSG-26355]
Action.c(236): web_add_header("Origin") was successful  	[MsgId: MMSG-26392]
Action.c(237): web_add_header("SOAPAction") started  	[MsgId: MMSG-26355]
Action.c(237): web_add_header("SOAPAction") was successful  	[MsgId: MMSG-26392]
Action.c(238): web_add_header("X-Requested-With") started  	[MsgId: MMSG-26355]
Action.c(238): web_add_header("X-Requested-With") was successful  	[MsgId: MMSG-26392]
Action.c(241): web_reg_save_param_xpath started  	[MsgId: MMSG-26355]
Action.c(241): Registering web_reg_save_param_xpath was successful  	[MsgId: MMSG-26390]
Action.c(243): web_reg_find started  	[MsgId: MMSG-26355]
Action.c(243): Registering web_reg_find was successful  	[MsgId: MMSG-26390]
Action.c(245): web_custom_request("GetAccountByIdNewRequest_2") started  	[MsgId: MMSG-26355]
Action.c(245): Registered web_reg_find successful for "Text=<ns2:id>280016473</ns2:id>" (count=1)  	[MsgId: MMSG-26364]
Action.c(245): web_custom_request("GetAccountByIdNewRequest_2") was successful, 1259 body bytes, 666 header bytes  	[MsgId: MMSG-26386]
Action.c(258): web_add_cookie started  	[MsgId: MMSG-26355]
Action.c(258): web_add_cookie was successful  	[MsgId: MMSG-26392]
Action.c(259): web_add_header("SOAPAction") started  	[MsgId: MMSG-26355]
Action.c(259): web_add_header("SOAPAction") was successful  	[MsgId: MMSG-26392]
Action.c(260): web_add_auto_header("Origin") started  	[MsgId: MMSG-26355]
Action.c(260): web_add_auto_header("Origin") was successful  	[MsgId: MMSG-26392]
Action.c(261): web_add_auto_header("X-Requested-With") started  	[MsgId: MMSG-26355]
Action.c(261): web_add_auto_header("X-Requested-With") was successful  	[MsgId: MMSG-26392]
Action.c(263): web_reg_find started  	[MsgId: MMSG-26355]
Action.c(263): Registering web_reg_find was successful  	[MsgId: MMSG-26390]
Action.c(265): web_custom_request("GetCountriesRequest") started  	[MsgId: MMSG-26355]
Action.c(265): Registered web_reg_find successful for "Text=</ns2:Country>" (count=241)  	[MsgId: MMSG-26364]
Action.c(265): web_custom_request("GetCountriesRequest") was successful, 4184 body bytes, 719 header bytes, 13 chunking overhead bytes  	[MsgId: MMSG-26385]
Action.c(278): Notify: Transaction "Goto_AccountDetailsPage" ended with a "Pass" status (Duration: 0.8998 Wasted Time: 0.0161).
Action.c(283): lr_think_time: 2.00 seconds.
Action.c(288): Notify: Transaction "Entry_AccountDetailsData" started.
Action.c(290): web_add_header("SOAPAction") started  	[MsgId: MMSG-26355]
Action.c(290): web_add_header("SOAPAction") was successful  	[MsgId: MMSG-26392]
Action.c(292): web_reg_find started  	[MsgId: MMSG-26355]
Action.c(292): Registering web_reg_find was successful  	[MsgId: MMSG-26390]
Action.c(294): web_custom_request("AccountUpdateRequest") started  	[MsgId: MMSG-26355]
Action.c(294): Registered web_reg_find successful for "Text=Account updated successfully" (count=1)  	[MsgId: MMSG-26364]
Action.c(294): web_custom_request("AccountUpdateRequest") was successful, 413 body bytes, 665 header bytes  	[MsgId: MMSG-26386]
Action.c(307): web_add_header("SOAPAction") started  	[MsgId: MMSG-26355]
Action.c(307): web_add_header("SOAPAction") was successful  	[MsgId: MMSG-26392]
Action.c(309): web_reg_find started  	[MsgId: MMSG-26355]
Action.c(309): Registering web_reg_find was successful  	[MsgId: MMSG-26390]
Action.c(310): web_reg_find started  	[MsgId: MMSG-26355]
Action.c(310): Registering web_reg_find was successful  	[MsgId: MMSG-26390]
Action.c(311): web_reg_find started  	[MsgId: MMSG-26355]
Action.c(311): Registering web_reg_find was successful  	[MsgId: MMSG-26390]
Action.c(313): web_custom_request("GetAccountByIdNewRequest_3") started  	[MsgId: MMSG-26355]
Action.c(313): Registered web_reg_find successful for "Text=<ns2:mobilePhone>906665042</ns2:mobilePhone>" (count=1)  	[MsgId: MMSG-26364]
Action.c(313): Registered web_reg_find successful for "Text=<ns2:zipcode>600160213</ns2:zipcode>" (count=1)  	[MsgId: MMSG-26364]
Action.c(313): Registered web_reg_find successful for "Text=<ns2:id>280016473</ns2:id>" (count=1)  	[MsgId: MMSG-26364]
Action.c(313): web_custom_request("GetAccountByIdNewRequest_3") was successful, 1259 body bytes, 666 header bytes  	[MsgId: MMSG-26386]
Action.c(326): web_add_header("SOAPAction") started  	[MsgId: MMSG-26355]
Action.c(326): web_add_header("SOAPAction") was successful  	[MsgId: MMSG-26392]
Action.c(328): web_reg_find started  	[MsgId: MMSG-26355]
Action.c(328): Registering web_reg_find was successful  	[MsgId: MMSG-26390]
Action.c(330): web_custom_request("GetAddressesByAccountIdRequest_2") started  	[MsgId: MMSG-26355]
Action.c(330): Registered web_reg_find successful for "Text=<ns2:accountId>280016473</ns2:accountId>" (count=3)  	[MsgId: MMSG-26364]
Action.c(330): web_custom_request("GetAddressesByAccountIdRequest_2") was successful, 1222 body bytes, 666 header bytes  	[MsgId: MMSG-26386]
Action.c(343): web_add_header("SOAPAction") started  	[MsgId: MMSG-26355]
Action.c(343): web_add_header("SOAPAction") was successful  	[MsgId: MMSG-26392]
Action.c(345): web_reg_find started  	[MsgId: MMSG-26355]
Action.c(345): Registering web_reg_find was successful  	[MsgId: MMSG-26390]
Action.c(347): web_custom_request("GetAccountPaymentPreferencesRequest_2") started  	[MsgId: MMSG-26355]
Action.c(347): Registered web_reg_find successful for "Text=PaymentPreferences" (count=2)  	[MsgId: MMSG-26364]
Action.c(347): web_custom_request("GetAccountPaymentPreferencesRequest_2") was successful, 782 body bytes, 665 header bytes  	[MsgId: MMSG-26386]
Action.c(360): Notify: Transaction "Entry_AccountDetailsData" ended with a "Pass" status (Duration: 1.3073 Wasted Time: 0.0252).
Action.c(364): lr_think_time: 2.00 seconds.
Action.c(368): Notify: Transaction "Logout" started.
Action.c(370): web_add_cookie started  	[MsgId: MMSG-26355]
Action.c(370): web_add_cookie was successful  	[MsgId: MMSG-26392]
Action.c(371): web_add_cookie started  	[MsgId: MMSG-26355]
Action.c(371): web_add_cookie was successful  	[MsgId: MMSG-26392]
Action.c(372): web_add_header("SOAPAction") started  	[MsgId: MMSG-26355]
Action.c(372): web_add_header("SOAPAction") was successful  	[MsgId: MMSG-26392]
Action.c(375): web_reg_find started  	[MsgId: MMSG-26355]
Action.c(375): Registering web_reg_find was successful  	[MsgId: MMSG-26390]
Action.c(377): web_custom_request("AccountLogoutRequest") started  	[MsgId: MMSG-26355]
Action.c(377): Registered web_reg_find successful for "Text=Logout Successful" (count=1)  	[MsgId: MMSG-26364]
Action.c(377): web_custom_request("AccountLogoutRequest") was successful, 402 body bytes, 665 header bytes  	[MsgId: MMSG-26386]
Action.c(390): Notify: Transaction "Logout" ended with a "Pass" status (Duration: 0.5823 Wasted Time: 0.0085).
Action.c(394): Notify: Transaction "UC7_EditingProfileData" ended with a "Pass" status (Duration: 21.3411 Think Time: 10.0509 Wasted Time: 0.2544).
Ending action Action.
Ending iteration 1.
Ending Vuser...
Starting action vuser_end.
Ending action vuser_end.
Vuser Terminated.
