Virtual User Script started at: 16.03.2024 0:14:18
Starting action vuser_init.
Web Turbo Replay of LoadRunner 12.55.0 for Windows 10; build 911 (èþë 24 2017 19:46:00)  	[MsgId: MMSG-26983]
Run mode: HTML  	[MsgId: MMSG-26993]
Replay user agent: Mozilla/5.0 (compatible; MSIE 10.0; Windows NT 6.1; Trident/6.0)  	[MsgId: MMSG-26988]
Run-Time Settings file: "C:\Users\user\Documents\VuGen\Scripts\UC12_ChatWebsocket\\default.cfg"  	[MsgId: MMSG-27141]
Ending action vuser_init.
Running Vuser...
Starting iteration 1.
Maximum number of concurrent connections per server: 6  	[MsgId: MMSG-26989]
Starting action Action.
Action.c(4): Notify: Transaction "UC12_ChatWebsocket" started.
Action.c(7): Notify: Transaction "Goto_HomePage" started.
Action.c(9): web_set_sockets_option started  	[MsgId: MMSG-26355]
Action.c(9): web_set_sockets_option was successful  	[MsgId: MMSG-26392]
Action.c(10): web_add_cookie started  	[MsgId: MMSG-26355]
Action.c(10): web_add_cookie was successful  	[MsgId: MMSG-26392]
Action.c(11): web_add_cookie started  	[MsgId: MMSG-26355]
Action.c(11): web_add_cookie was successful  	[MsgId: MMSG-26392]
Action.c(12): web_add_cookie started  	[MsgId: MMSG-26355]
Action.c(12): web_add_cookie was successful  	[MsgId: MMSG-26392]
Action.c(13): web_add_cookie started  	[MsgId: MMSG-26355]
Action.c(13): web_add_cookie was successful  	[MsgId: MMSG-26392]
Action.c(14): web_add_cookie started  	[MsgId: MMSG-26355]
Action.c(14): web_add_cookie was successful  	[MsgId: MMSG-26392]
Action.c(15): web_add_cookie started  	[MsgId: MMSG-26355]
Action.c(15): web_add_cookie was successful  	[MsgId: MMSG-26392]
Action.c(16): web_add_header("Upgrade-Insecure-Requests") started  	[MsgId: MMSG-26355]
Action.c(16): web_add_header("Upgrade-Insecure-Requests") was successful  	[MsgId: MMSG-26392]
Action.c(18): web_reg_find started  	[MsgId: MMSG-26355]
Action.c(18): Registering web_reg_find was successful  	[MsgId: MMSG-26390]
Action.c(19): web_reg_find started  	[MsgId: MMSG-26355]
Action.c(19): Registering web_reg_find was successful  	[MsgId: MMSG-26390]
Action.c(21): web_url("ALL") started  	[MsgId: MMSG-26355]
Action.c(21): Registered web_reg_find successful for "Text="parameters"" (count=1)  	[MsgId: MMSG-26364]
Action.c(21): Registered web_reg_find successful for "Text="parameterName"" (count=51)  	[MsgId: MMSG-26364]
Action.c(21): web_url("ALL") was successful, 6541 body bytes, 434 header bytes, 18 chunking overhead bytes  	[MsgId: MMSG-26385]
Action.c(31): web_add_cookie started  	[MsgId: MMSG-26355]
Action.c(31): web_add_cookie was successful  	[MsgId: MMSG-26392]
Action.c(32): web_add_header("Origin") started  	[MsgId: MMSG-26355]
Action.c(32): web_add_header("Origin") was successful  	[MsgId: MMSG-26392]
Action.c(33): web_add_header("SOAPAction") started  	[MsgId: MMSG-26355]
Action.c(33): web_add_header("SOAPAction") was successful  	[MsgId: MMSG-26392]
Action.c(34): web_add_header("X-Requested-With") started  	[MsgId: MMSG-26355]
Action.c(34): web_add_header("X-Requested-With") was successful  	[MsgId: MMSG-26392]
Action.c(36): web_reg_find started  	[MsgId: MMSG-26355]
Action.c(36): Registering web_reg_find was successful  	[MsgId: MMSG-26390]
Action.c(38): web_custom_request("GetAccountConfigurationRequest") started  	[MsgId: MMSG-26355]
Action.c(38): Registered web_reg_find successful for "Text=numberOfFailedLoginAttemptsBeforeBlocking" (count=2)  	[MsgId: MMSG-26364]
Action.c(38): web_custom_request("GetAccountConfigurationRequest") was successful, 823 body bytes, 665 header bytes  	[MsgId: MMSG-26386]
Action.c(51): web_add_cookie started  	[MsgId: MMSG-26355]
Action.c(51): web_add_cookie was successful  	[MsgId: MMSG-26392]
Action.c(54): web_reg_find started  	[MsgId: MMSG-26355]
Action.c(54): Registering web_reg_find was successful  	[MsgId: MMSG-26390]
Action.c(55): web_reg_find started  	[MsgId: MMSG-26355]
Action.c(55): Registering web_reg_find was successful  	[MsgId: MMSG-26390]
Action.c(56): web_reg_find started  	[MsgId: MMSG-26355]
Action.c(56): Registering web_reg_find was successful  	[MsgId: MMSG-26390]
Action.c(57): web_reg_find started  	[MsgId: MMSG-26355]
Action.c(57): Registering web_reg_find was successful  	[MsgId: MMSG-26390]
Action.c(58): web_reg_find started  	[MsgId: MMSG-26355]
Action.c(58): Registering web_reg_find was successful  	[MsgId: MMSG-26390]
Action.c(60): web_url("categories") started  	[MsgId: MMSG-26355]
Action.c(60): Registered web_reg_find successful for "Text="categoryName":"LAPTOPS"" (count=1)  	[MsgId: MMSG-26364]
Action.c(60): Registered web_reg_find successful for "Text="categoryName":"HEADPHONES"" (count=1)  	[MsgId: MMSG-26364]
Action.c(60): Registered web_reg_find successful for "Text="categoryName":"TABLETS"" (count=1)  	[MsgId: MMSG-26364]
Action.c(60): Registered web_reg_find successful for "Text="categoryName":"SPEAKERS"" (count=1)  	[MsgId: MMSG-26364]
Action.c(60): Registered web_reg_find successful for "Text="categoryName":"MICE"" (count=1)  	[MsgId: MMSG-26364]
Action.c(60): web_url("categories") was successful, 4471 body bytes, 434 header bytes, 18 chunking overhead bytes  	[MsgId: MMSG-26385]
Action.c(71): web_reg_find started  	[MsgId: MMSG-26355]
Action.c(71): Registering web_reg_find was successful  	[MsgId: MMSG-26390]
Action.c(72): web_reg_find started  	[MsgId: MMSG-26355]
Action.c(72): Registering web_reg_find was successful  	[MsgId: MMSG-26390]
Action.c(74): web_url("dealOfTheDay") started  	[MsgId: MMSG-26355]
Action.c(74): Registered web_reg_find successful for "Text="promotionHeader"" (count=1)  	[MsgId: MMSG-26364]
Action.c(74): Registered web_reg_find successful for "Text="promotionSubHeader"" (count=1)  	[MsgId: MMSG-26364]
Action.c(74): web_url("dealOfTheDay") was successful, 351 body bytes, 434 header bytes, 17 chunking overhead bytes  	[MsgId: MMSG-26385]
Action.c(84): Notify: Transaction "Goto_HomePage" ended with a "Pass" status (Duration: 2.0074 Wasted Time: 0.1658).
Action.c(87): lr_think_time: 5.00 seconds.
Action.c(90): Notify: Transaction "Connect_Chat" started.
Action.c(92): web_add_header("Upgrade-Insecure-Requests") started  	[MsgId: MMSG-26355]
Action.c(92): web_add_header("Upgrade-Insecure-Requests") was successful  	[MsgId: MMSG-26392]
Action.c(94): web_set_max_html_param_len started  	[MsgId: MMSG-26355]
Action.c(94): web_set_max_html_param_len was successful  	[MsgId: MMSG-26392]
Action.c(95): web_reg_save_param started  	[MsgId: MMSG-26355]
Action.c(95): Registering web_reg_save_param was successful  	[MsgId: MMSG-26390]
Action.c(97): web_websocket_connect started  	[MsgId: MMSG-26355]
Action.c(97): Retaining websocket connection of URI="ws://54.157.232.206/catalog/websocketserverendpoint" (RelFrameId=1, Internal ID=5)  	[MsgId: MMSG-27636]
Action.c(97): web_websocket_connect was successful, 0 body bytes, 425 header bytes  	[MsgId: MMSG-26386]
Action.c(111): Notify: Transaction "Connect_Chat" ended with a "Pass" status (Duration: 0.7533 Wasted Time: 0.3146).
WebSocketCB.c(6): WebSocket ID = 231644 connected
WebSocketCB.c(12): Sec-WebSocket-Accept = [SigDSY2J/zonUnl2xQ+kI+GNDRA=]
Action.c(115): lr_think_time: 5.00 seconds.
Action.c(119): Notify: Transaction "Entry_DataForChat" started.
Action.c(121): web_websocket_send started  	[MsgId: MMSG-26355]
Action.c(121): Retaining websocket connection of URI="ws://54.157.232.206/catalog/websocketserverendpoint" (RelFrameId=1, Internal ID=5)  	[MsgId: MMSG-27636]
Action.c(121): Retaining websocket connection of URI="ws://54.157.232.206/catalog/websocketserverendpoint" (RelFrameId=1, Internal ID=5)  	[MsgId: MMSG-27636]
Action.c(121): web_websocket_send was successful  	[MsgId: MMSG-26392]
Action.c(122): lr_think_time: 3.00 seconds.
WebSocketCB.c(28): WebSocket ID = 231644. [32] bytes text message received.
Action.c(129): web_websocket_send started  	[MsgId: MMSG-26355]
Action.c(129): Retaining websocket connection of URI="ws://54.157.232.206/catalog/websocketserverendpoint" (RelFrameId=1, Internal ID=5)  	[MsgId: MMSG-27636]
Action.c(129): Retaining websocket connection of URI="ws://54.157.232.206/catalog/websocketserverendpoint" (RelFrameId=1, Internal ID=5)  	[MsgId: MMSG-27636]
Action.c(129): web_websocket_send was successful  	[MsgId: MMSG-26392]
Action.c(130): lr_think_time: 3.00 seconds.
WebSocketCB.c(28): WebSocket ID = 231644. [52] bytes text message received.
Action.c(137): web_websocket_send started  	[MsgId: MMSG-26355]
Action.c(137): Retaining websocket connection of URI="ws://54.157.232.206/catalog/websocketserverendpoint" (RelFrameId=1, Internal ID=5)  	[MsgId: MMSG-27636]
Action.c(137): Retaining websocket connection of URI="ws://54.157.232.206/catalog/websocketserverendpoint" (RelFrameId=1, Internal ID=5)  	[MsgId: MMSG-27636]
Action.c(137): web_websocket_send was successful  	[MsgId: MMSG-26392]
Action.c(138): lr_think_time: 3.00 seconds.
WebSocketCB.c(28): WebSocket ID = 231644. [78] bytes text message received.
Action.c(145): web_websocket_send started  	[MsgId: MMSG-26355]
Action.c(145): Retaining websocket connection of URI="ws://54.157.232.206/catalog/websocketserverendpoint" (RelFrameId=1, Internal ID=5)  	[MsgId: MMSG-27636]
Action.c(145): Retaining websocket connection of URI="ws://54.157.232.206/catalog/websocketserverendpoint" (RelFrameId=1, Internal ID=5)  	[MsgId: MMSG-27636]
Action.c(145): web_websocket_send was successful  	[MsgId: MMSG-26392]
Action.c(146): lr_think_time: 3.00 seconds.
WebSocketCB.c(28): WebSocket ID = 231644. [29] bytes text message received.
Action.c(153): web_websocket_send started  	[MsgId: MMSG-26355]
Action.c(153): Retaining websocket connection of URI="ws://54.157.232.206/catalog/websocketserverendpoint" (RelFrameId=1, Internal ID=5)  	[MsgId: MMSG-27636]
Action.c(153): Retaining websocket connection of URI="ws://54.157.232.206/catalog/websocketserverendpoint" (RelFrameId=1, Internal ID=5)  	[MsgId: MMSG-27636]
Action.c(153): web_websocket_send was successful  	[MsgId: MMSG-26392]
Action.c(154): lr_think_time: 3.00 seconds.
WebSocketCB.c(28): WebSocket ID = 231644. [84] bytes text message received.
Action.c(161): web_websocket_send started  	[MsgId: MMSG-26355]
Action.c(161): Retaining websocket connection of URI="ws://54.157.232.206/catalog/websocketserverendpoint" (RelFrameId=1, Internal ID=5)  	[MsgId: MMSG-27636]
Action.c(161): Retaining websocket connection of URI="ws://54.157.232.206/catalog/websocketserverendpoint" (RelFrameId=1, Internal ID=5)  	[MsgId: MMSG-27636]
Action.c(161): web_websocket_send was successful  	[MsgId: MMSG-26392]
Action.c(162): lr_think_time: 3.00 seconds.
WebSocketCB.c(28): WebSocket ID = 231644. [51] bytes text message received.
Action.c(169): web_websocket_send started  	[MsgId: MMSG-26355]
Action.c(169): Retaining websocket connection of URI="ws://54.157.232.206/catalog/websocketserverendpoint" (RelFrameId=1, Internal ID=5)  	[MsgId: MMSG-27636]
Action.c(169): Retaining websocket connection of URI="ws://54.157.232.206/catalog/websocketserverendpoint" (RelFrameId=1, Internal ID=5)  	[MsgId: MMSG-27636]
Action.c(169): web_websocket_send was successful  	[MsgId: MMSG-26392]
Action.c(170): lr_think_time: 3.00 seconds.
WebSocketCB.c(28): WebSocket ID = 231644. [107] bytes text message received.
Action.c(177): web_websocket_send started  	[MsgId: MMSG-26355]
Action.c(177): Retaining websocket connection of URI="ws://54.157.232.206/catalog/websocketserverendpoint" (RelFrameId=1, Internal ID=5)  	[MsgId: MMSG-27636]
Action.c(177): Retaining websocket connection of URI="ws://54.157.232.206/catalog/websocketserverendpoint" (RelFrameId=1, Internal ID=5)  	[MsgId: MMSG-27636]
Action.c(177): web_websocket_send was successful  	[MsgId: MMSG-26392]
Action.c(178): lr_think_time: 3.00 seconds.
WebSocketCB.c(28): WebSocket ID = 231644. [80] bytes text message received.
Action.c(184): Notify: Transaction "Entry_DataForChat" ended with a "Pass" status (Duration: 24.9070 Think Time: 24.0867 Wasted Time: 0.1449).
Action.c(187): lr_think_time: 5.00 seconds.
Action.c(191): Notify: Transaction "Close_Chat" started.
Action.c(193): web_websocket_close started  	[MsgId: MMSG-26355]
Action.c(193): Retaining websocket connection of URI="ws://54.157.232.206/catalog/websocketserverendpoint" (RelFrameId=1, Internal ID=5)  	[MsgId: MMSG-27636]
WebSocketCB.c(47): WebSocket ID = 231644 closed. CloseCode= 1000, CloseReason=OK
Action.c(193): web_websocket_close was successful  	[MsgId: MMSG-26392]
Action.c(195): Notify: Transaction "Close_Chat" ended with a "Pass" status (Duration: 0.4196 Wasted Time: 0.1497).
Action.c(198): Notify: Transaction "UC12_ChatWebsocket" ended with a "Pass" status (Duration: 46.3990 Think Time: 39.1581 Wasted Time: 0.9000).
Ending action Action.
Ending iteration 1.
Ending Vuser...
Starting action vuser_end.
Ending action vuser_end.
Vuser Terminated.
