Start auto log messages stack - Iteration 20.	[MsgId: MMSG-10545]
Action.c(122): Calling Vuser script function "OnCloseCB0", specified via the "OnCloseCB" argument of "web_websocket_connect" in Action.c(97)  	[MsgId: MMSG-26419]
WebSocketCB.c(47): WebSocket ID = 675101 closed. CloseCode= 1002, CloseReason=An unrecoverable IOException occurred so the connection was closed	[MsgId: MMSG-17999]
Action.c(122): Returned (rc=0) from Vuser script function "OnCloseCB0", specified via the "OnCloseCB" argument of web_websocket_connect in Action.c(97)  	[MsgId: MMSG-26418]
Action.c(122): t=1853021ms: Request done "ws://54.157.232.206/catalog/websocketserverendpoint"  	[MsgId: MMSG-26000]
Action.c(123): Notify: Parameter Substitution: parameter "ReciveFromServer" =  "Venus: Thank you for contacting Advantage support Arina, have a wonderful day"	[MsgId: MMSG-13992]
Action.c(124): Error: ѕодстрока не найдена в ответе от сервера	[MsgId: MERR-17999]
End auto log messages stack.	[MsgId: MMSG-10544]


Start auto log messages stack - Iteration 20.	[MsgId: MMSG-10545]
Action.c(129): web_websocket_send started  	[MsgId: MMSG-26355]
Action.c(129): Notify: Parameter Substitution: parameter "uniqNumber" =  "675101"	[MsgId: MMSG-13992]
Action.c(129): Notify: Parameter Substitution: parameter "userName" =  "Arina"	[MsgId: MMSG-13992]
Action.c(129): Warning -35046: The WebSocket whose ID is "675101" is not connected  	[MsgId: MWAR-35046]
Action.c(129): web_websocket_send highest severity level was "warning"  	[MsgId: MMSG-26391]
Action.c(130): lr_think_time: 3,00 seconds.	[MsgId: MMSG-15948]
Action.c(131): Notify: Parameter Substitution: parameter "ReciveFromServer" =  "Venus: Thank you for contacting Advantage support Arina, have a wonderful day"	[MsgId: MMSG-13992]
Action.c(132): Error: ѕодстрока не найдена в ответе от сервера	[MsgId: MERR-17999]
End auto log messages stack.	[MsgId: MMSG-10544]


Start auto log messages stack - Iteration 20.	[MsgId: MMSG-10545]
Action.c(137): web_websocket_send started  	[MsgId: MMSG-26355]
Action.c(137): Notify: Parameter Substitution: parameter "uniqNumber" =  "675101"	[MsgId: MMSG-13992]
Action.c(137): Warning -35046: The WebSocket whose ID is "675101" is not connected  	[MsgId: MWAR-35046]
Action.c(137): web_websocket_send highest severity level was "warning"  	[MsgId: MMSG-26391]
Action.c(138): lr_think_time: 3,00 seconds.	[MsgId: MMSG-15948]
Action.c(139): Notify: Parameter Substitution: parameter "ReciveFromServer" =  "Venus: Thank you for contacting Advantage support Arina, have a wonderful day"	[MsgId: MMSG-13992]
Action.c(140): Error: ѕодстрока не найдена в ответе от сервера	[MsgId: MERR-17999]
End auto log messages stack.	[MsgId: MMSG-10544]


Start auto log messages stack - Iteration 20.	[MsgId: MMSG-10545]
Action.c(145): web_websocket_send started  	[MsgId: MMSG-26355]
Action.c(145): Notify: Parameter Substitution: parameter "uniqNumber" =  "675101"	[MsgId: MMSG-13992]
Action.c(145): Warning -35046: The WebSocket whose ID is "675101" is not connected  	[MsgId: MWAR-35046]
Action.c(145): web_websocket_send highest severity level was "warning"  	[MsgId: MMSG-26391]
Action.c(146): lr_think_time: 3,00 seconds.	[MsgId: MMSG-15948]
Action.c(147): Notify: Parameter Substitution: parameter "ReciveFromServer" =  "Venus: Thank you for contacting Advantage support Arina, have a wonderful day"	[MsgId: MMSG-13992]
Action.c(148): Error: ѕодстрока не найдена в ответе от сервера	[MsgId: MERR-17999]
End auto log messages stack.	[MsgId: MMSG-10544]


Start auto log messages stack - Iteration 20.	[MsgId: MMSG-10545]
Action.c(153): web_websocket_send started  	[MsgId: MMSG-26355]
Action.c(153): Notify: Parameter Substitution: parameter "uniqNumber" =  "675101"	[MsgId: MMSG-13992]
Action.c(153): Notify: Parameter Substitution: parameter "randomCategory" =  "Headphones"	[MsgId: MMSG-13992]
Action.c(153): Warning -35046: The WebSocket whose ID is "675101" is not connected  	[MsgId: MWAR-35046]
Action.c(153): web_websocket_send highest severity level was "warning"  	[MsgId: MMSG-26391]
Action.c(154): lr_think_time: 3,00 seconds.	[MsgId: MMSG-15948]
Action.c(155): Notify: Parameter Substitution: parameter "ReciveFromServer" =  "Venus: Thank you for contacting Advantage support Arina, have a wonderful day"	[MsgId: MMSG-13992]
Action.c(156): Error: ѕодстрока не найдена в ответе от сервера	[MsgId: MERR-17999]
End auto log messages stack.	[MsgId: MMSG-10544]


Start auto log messages stack - Iteration 20.	[MsgId: MMSG-10545]
Action.c(161): web_websocket_send started  	[MsgId: MMSG-26355]
Action.c(161): Notify: Parameter Substitution: parameter "uniqNumber" =  "675101"	[MsgId: MMSG-13992]
Action.c(161): Warning -35046: The WebSocket whose ID is "675101" is not connected  	[MsgId: MWAR-35046]
Action.c(161): web_websocket_send highest severity level was "warning"  	[MsgId: MMSG-26391]
Action.c(162): lr_think_time: 3,00 seconds.	[MsgId: MMSG-15948]
Action.c(163): Notify: Parameter Substitution: parameter "ReciveFromServer" =  "Venus: Thank you for contacting Advantage support Arina, have a wonderful day"	[MsgId: MMSG-13992]
Action.c(164): Error: ѕодстрока не найдена в ответе от сервера	[MsgId: MERR-17999]
End auto log messages stack.	[MsgId: MMSG-10544]


Start auto log messages stack - Iteration 20.	[MsgId: MMSG-10545]
Action.c(169): web_websocket_send started  	[MsgId: MMSG-26355]
Action.c(169): Notify: Parameter Substitution: parameter "uniqNumber" =  "675101"	[MsgId: MMSG-13992]
Action.c(169): Warning -35046: The WebSocket whose ID is "675101" is not connected  	[MsgId: MWAR-35046]
Action.c(169): web_websocket_send highest severity level was "warning"  	[MsgId: MMSG-26391]
Action.c(170): lr_think_time: 3,00 seconds.	[MsgId: MMSG-15948]
Action.c(171): Notify: Parameter Substitution: parameter "ReciveFromServer" =  "Venus: Thank you for contacting Advantage support Arina, have a wonderful day"	[MsgId: MMSG-13992]
Action.c(172): Error: ѕодстрока не найдена в ответе от сервера	[MsgId: MERR-17999]
End auto log messages stack.	[MsgId: MMSG-10544]


Start auto log messages stack - Iteration 25.	[MsgId: MMSG-10545]
Action.c(122): Calling Vuser script function "OnCloseCB0", specified via the "OnCloseCB" argument of "web_websocket_connect" in Action.c(97)  	[MsgId: MMSG-26419]
WebSocketCB.c(47): WebSocket ID = 130245 closed. CloseCode= 1002, CloseReason=An unrecoverable IOException occurred so the connection was closed	[MsgId: MMSG-17999]
Action.c(122): Returned (rc=0) from Vuser script function "OnCloseCB0", specified via the "OnCloseCB" argument of web_websocket_connect in Action.c(97)  	[MsgId: MMSG-26418]
Action.c(122): t=2172815ms: Request done "ws://54.157.232.206/catalog/websocketserverendpoint"  	[MsgId: MMSG-26000]
Action.c(123): Notify: Parameter Substitution: parameter "ReciveFromServer" =  "Adi: Thank you for contacting Advantage support Catherine, have a wonderful day"	[MsgId: MMSG-13992]
Action.c(124): Error: ѕодстрока не найдена в ответе от сервера	[MsgId: MERR-17999]
End auto log messages stack.	[MsgId: MMSG-10544]


Start auto log messages stack - Iteration 25.	[MsgId: MMSG-10545]
Action.c(129): web_websocket_send started  	[MsgId: MMSG-26355]
Action.c(129): Notify: Parameter Substitution: parameter "uniqNumber" =  "130245"	[MsgId: MMSG-13992]
Action.c(129): Notify: Parameter Substitution: parameter "userName" =  "Alexander"	[MsgId: MMSG-13992]
Action.c(129): Warning -35046: The WebSocket whose ID is "130245" is not connected  	[MsgId: MWAR-35046]
Action.c(129): web_websocket_send highest severity level was "warning"  	[MsgId: MMSG-26391]
Action.c(130): lr_think_time: 3,00 seconds.	[MsgId: MMSG-15948]
Action.c(131): Notify: Parameter Substitution: parameter "ReciveFromServer" =  "Adi: Thank you for contacting Advantage support Catherine, have a wonderful day"	[MsgId: MMSG-13992]
Action.c(132): Error: ѕодстрока не найдена в ответе от сервера	[MsgId: MERR-17999]
End auto log messages stack.	[MsgId: MMSG-10544]


Start auto log messages stack - Iteration 25.	[MsgId: MMSG-10545]
Action.c(137): web_websocket_send started  	[MsgId: MMSG-26355]
Action.c(137): Notify: Parameter Substitution: parameter "uniqNumber" =  "130245"	[MsgId: MMSG-13992]
Action.c(137): Warning -35046: The WebSocket whose ID is "130245" is not connected  	[MsgId: MWAR-35046]
Action.c(137): web_websocket_send highest severity level was "warning"  	[MsgId: MMSG-26391]
Action.c(138): lr_think_time: 3,00 seconds.	[MsgId: MMSG-15948]
Action.c(139): Notify: Parameter Substitution: parameter "ReciveFromServer" =  "Adi: Thank you for contacting Advantage support Catherine, have a wonderful day"	[MsgId: MMSG-13992]
Action.c(140): Error: ѕодстрока не найдена в ответе от сервера	[MsgId: MERR-17999]
End auto log messages stack.	[MsgId: MMSG-10544]


Start auto log messages stack - Iteration 25.	[MsgId: MMSG-10545]
Action.c(145): web_websocket_send started  	[MsgId: MMSG-26355]
Action.c(145): Notify: Parameter Substitution: parameter "uniqNumber" =  "130245"	[MsgId: MMSG-13992]
Action.c(145): Warning -35046: The WebSocket whose ID is "130245" is not connected  	[MsgId: MWAR-35046]
Action.c(145): web_websocket_send highest severity level was "warning"  	[MsgId: MMSG-26391]
Action.c(146): lr_think_time: 3,00 seconds.	[MsgId: MMSG-15948]
Action.c(147): Notify: Parameter Substitution: parameter "ReciveFromServer" =  "Adi: Thank you for contacting Advantage support Catherine, have a wonderful day"	[MsgId: MMSG-13992]
Action.c(148): Error: ѕодстрока не найдена в ответе от сервера	[MsgId: MERR-17999]
End auto log messages stack.	[MsgId: MMSG-10544]


Start auto log messages stack - Iteration 25.	[MsgId: MMSG-10545]
Action.c(153): web_websocket_send started  	[MsgId: MMSG-26355]
Action.c(153): Notify: Parameter Substitution: parameter "uniqNumber" =  "130245"	[MsgId: MMSG-13992]
Action.c(153): Notify: Parameter Substitution: parameter "randomCategory" =  "Laptops"	[MsgId: MMSG-13992]
Action.c(153): Warning -35046: The WebSocket whose ID is "130245" is not connected  	[MsgId: MWAR-35046]
Action.c(153): web_websocket_send highest severity level was "warning"  	[MsgId: MMSG-26391]
Action.c(154): lr_think_time: 3,00 seconds.	[MsgId: MMSG-15948]
Action.c(155): Notify: Parameter Substitution: parameter "ReciveFromServer" =  "Adi: Thank you for contacting Advantage support Catherine, have a wonderful day"	[MsgId: MMSG-13992]
Action.c(156): Error: ѕодстрока не найдена в ответе от сервера	[MsgId: MERR-17999]
End auto log messages stack.	[MsgId: MMSG-10544]


Start auto log messages stack - Iteration 25.	[MsgId: MMSG-10545]
Action.c(161): web_websocket_send started  	[MsgId: MMSG-26355]
Action.c(161): Notify: Parameter Substitution: parameter "uniqNumber" =  "130245"	[MsgId: MMSG-13992]
Action.c(161): Warning -35046: The WebSocket whose ID is "130245" is not connected  	[MsgId: MWAR-35046]
Action.c(161): web_websocket_send highest severity level was "warning"  	[MsgId: MMSG-26391]
Action.c(162): lr_think_time: 3,00 seconds.	[MsgId: MMSG-15948]
Action.c(163): Notify: Parameter Substitution: parameter "ReciveFromServer" =  "Adi: Thank you for contacting Advantage support Catherine, have a wonderful day"	[MsgId: MMSG-13992]
Action.c(164): Error: ѕодстрока не найдена в ответе от сервера	[MsgId: MERR-17999]
End auto log messages stack.	[MsgId: MMSG-10544]


Start auto log messages stack - Iteration 25.	[MsgId: MMSG-10545]
Action.c(169): web_websocket_send started  	[MsgId: MMSG-26355]
Action.c(169): Notify: Parameter Substitution: parameter "uniqNumber" =  "130245"	[MsgId: MMSG-13992]
Action.c(169): Warning -35046: The WebSocket whose ID is "130245" is not connected  	[MsgId: MWAR-35046]
Action.c(169): web_websocket_send highest severity level was "warning"  	[MsgId: MMSG-26391]
Action.c(170): lr_think_time: 3,00 seconds.	[MsgId: MMSG-15948]
Action.c(171): Notify: Parameter Substitution: parameter "ReciveFromServer" =  "Adi: Thank you for contacting Advantage support Catherine, have a wonderful day"	[MsgId: MMSG-13992]
Action.c(172): Error: ѕодстрока не найдена в ответе от сервера	[MsgId: MERR-17999]
End auto log messages stack.	[MsgId: MMSG-10544]


Start auto log messages stack - Iteration 30.	[MsgId: MMSG-10545]
Action.c(122): Calling Vuser script function "OnCloseCB0", specified via the "OnCloseCB" argument of "web_websocket_connect" in Action.c(97)  	[MsgId: MMSG-26419]
WebSocketCB.c(47): WebSocket ID = 463365 closed. CloseCode= 1002, CloseReason=An unrecoverable IOException occurred so the connection was closed	[MsgId: MMSG-17999]
Action.c(122): Returned (rc=0) from Vuser script function "OnCloseCB0", specified via the "OnCloseCB" argument of web_websocket_connect in Action.c(97)  	[MsgId: MMSG-26418]
Action.c(122): t=2622773ms: Request done "ws://54.157.232.206/catalog/websocketserverendpoint"  	[MsgId: MMSG-26000]
Action.c(123): Notify: Parameter Substitution: parameter "ReciveFromServer" =  "Maria: Thank you for contacting Advantage support Milan, have a wonderful day"	[MsgId: MMSG-13992]
Action.c(124): Error: ѕодстрока не найдена в ответе от сервера	[MsgId: MERR-17999]
End auto log messages stack.	[MsgId: MMSG-10544]


Start auto log messages stack - Iteration 30.	[MsgId: MMSG-10545]
Action.c(129): web_websocket_send started  	[MsgId: MMSG-26355]
Action.c(129): Notify: Parameter Substitution: parameter "uniqNumber" =  "463365"	[MsgId: MMSG-13992]
Action.c(129): Notify: Parameter Substitution: parameter "userName" =  "Eldar"	[MsgId: MMSG-13992]
Action.c(129): Warning -35046: The WebSocket whose ID is "463365" is not connected  	[MsgId: MWAR-35046]
Action.c(129): web_websocket_send highest severity level was "warning"  	[MsgId: MMSG-26391]
Action.c(130): lr_think_time: 3,00 seconds.	[MsgId: MMSG-15948]
Action.c(131): Notify: Parameter Substitution: parameter "ReciveFromServer" =  "Maria: Thank you for contacting Advantage support Milan, have a wonderful day"	[MsgId: MMSG-13992]
Action.c(132): Error: ѕодстрока не найдена в ответе от сервера	[MsgId: MERR-17999]
End auto log messages stack.	[MsgId: MMSG-10544]


Start auto log messages stack - Iteration 30.	[MsgId: MMSG-10545]
Action.c(137): web_websocket_send started  	[MsgId: MMSG-26355]
Action.c(137): Notify: Parameter Substitution: parameter "uniqNumber" =  "463365"	[MsgId: MMSG-13992]
Action.c(137): Warning -35046: The WebSocket whose ID is "463365" is not connected  	[MsgId: MWAR-35046]
Action.c(137): web_websocket_send highest severity level was "warning"  	[MsgId: MMSG-26391]
Action.c(138): lr_think_time: 3,00 seconds.	[MsgId: MMSG-15948]
Action.c(139): Notify: Parameter Substitution: parameter "ReciveFromServer" =  "Maria: Thank you for contacting Advantage support Milan, have a wonderful day"	[MsgId: MMSG-13992]
Action.c(140): Error: ѕодстрока не найдена в ответе от сервера	[MsgId: MERR-17999]
End auto log messages stack.	[MsgId: MMSG-10544]


Start auto log messages stack - Iteration 30.	[MsgId: MMSG-10545]
Action.c(145): web_websocket_send started  	[MsgId: MMSG-26355]
Action.c(145): Notify: Parameter Substitution: parameter "uniqNumber" =  "463365"	[MsgId: MMSG-13992]
Action.c(145): Warning -35046: The WebSocket whose ID is "463365" is not connected  	[MsgId: MWAR-35046]
Action.c(145): web_websocket_send highest severity level was "warning"  	[MsgId: MMSG-26391]
Action.c(146): lr_think_time: 3,00 seconds.	[MsgId: MMSG-15948]
Action.c(147): Notify: Parameter Substitution: parameter "ReciveFromServer" =  "Maria: Thank you for contacting Advantage support Milan, have a wonderful day"	[MsgId: MMSG-13992]
Action.c(148): Error: ѕодстрока не найдена в ответе от сервера	[MsgId: MERR-17999]
End auto log messages stack.	[MsgId: MMSG-10544]


Start auto log messages stack - Iteration 30.	[MsgId: MMSG-10545]
Action.c(153): web_websocket_send started  	[MsgId: MMSG-26355]
Action.c(153): Notify: Parameter Substitution: parameter "uniqNumber" =  "463365"	[MsgId: MMSG-13992]
Action.c(153): Notify: Parameter Substitution: parameter "randomCategory" =  "Tablets"	[MsgId: MMSG-13992]
Action.c(153): Warning -35046: The WebSocket whose ID is "463365" is not connected  	[MsgId: MWAR-35046]
Action.c(153): web_websocket_send highest severity level was "warning"  	[MsgId: MMSG-26391]
Action.c(154): lr_think_time: 3,00 seconds.	[MsgId: MMSG-15948]
Action.c(155): Notify: Parameter Substitution: parameter "ReciveFromServer" =  "Maria: Thank you for contacting Advantage support Milan, have a wonderful day"	[MsgId: MMSG-13992]
Action.c(156): Error: ѕодстрока не найдена в ответе от сервера	[MsgId: MERR-17999]
End auto log messages stack.	[MsgId: MMSG-10544]


Start auto log messages stack - Iteration 30.	[MsgId: MMSG-10545]
Action.c(161): web_websocket_send started  	[MsgId: MMSG-26355]
Action.c(161): Notify: Parameter Substitution: parameter "uniqNumber" =  "463365"	[MsgId: MMSG-13992]
Action.c(161): Warning -35046: The WebSocket whose ID is "463365" is not connected  	[MsgId: MWAR-35046]
Action.c(161): web_websocket_send highest severity level was "warning"  	[MsgId: MMSG-26391]
Action.c(162): lr_think_time: 3,00 seconds.	[MsgId: MMSG-15948]
Action.c(163): Notify: Parameter Substitution: parameter "ReciveFromServer" =  "Maria: Thank you for contacting Advantage support Milan, have a wonderful day"	[MsgId: MMSG-13992]
Action.c(164): Error: ѕодстрока не найдена в ответе от сервера	[MsgId: MERR-17999]
End auto log messages stack.	[MsgId: MMSG-10544]


Start auto log messages stack - Iteration 30.	[MsgId: MMSG-10545]
Action.c(169): web_websocket_send started  	[MsgId: MMSG-26355]
Action.c(169): Notify: Parameter Substitution: parameter "uniqNumber" =  "463365"	[MsgId: MMSG-13992]
Action.c(169): Warning -35046: The WebSocket whose ID is "463365" is not connected  	[MsgId: MWAR-35046]
Action.c(169): web_websocket_send highest severity level was "warning"  	[MsgId: MMSG-26391]
Action.c(170): lr_think_time: 3,00 seconds.	[MsgId: MMSG-15948]
Action.c(171): Notify: Parameter Substitution: parameter "ReciveFromServer" =  "Maria: Thank you for contacting Advantage support Milan, have a wonderful day"	[MsgId: MMSG-13992]
Action.c(172): Error: ѕодстрока не найдена в ответе от сервера	[MsgId: MERR-17999]
End auto log messages stack.	[MsgId: MMSG-10544]


Start auto log messages stack - Iteration 29.	[MsgId: MMSG-10545]
Action.c(122): Calling Vuser script function "OnCloseCB0", specified via the "OnCloseCB" argument of "web_websocket_connect" in Action.c(97)  	[MsgId: MMSG-26419]
WebSocketCB.c(47): WebSocket ID = 40161 closed. CloseCode= 1002, CloseReason=An unrecoverable IOException occurred so the connection was closed	[MsgId: MMSG-17999]
Action.c(122): Returned (rc=0) from Vuser script function "OnCloseCB0", specified via the "OnCloseCB" argument of web_websocket_connect in Action.c(97)  	[MsgId: MMSG-26418]
Action.c(122): t=2663049ms: Request done "ws://54.157.232.206/catalog/websocketserverendpoint"  	[MsgId: MMSG-26000]
Action.c(123): Notify: Parameter Substitution: parameter "ReciveFromServer" =  "Shir: Thank you for contacting Advantage support Andrey, have a wonderful day"	[MsgId: MMSG-13992]
Action.c(124): Error: ѕодстрока не найдена в ответе от сервера	[MsgId: MERR-17999]
End auto log messages stack.	[MsgId: MMSG-10544]


Start auto log messages stack - Iteration 29.	[MsgId: MMSG-10545]
Action.c(129): web_websocket_send started  	[MsgId: MMSG-26355]
Action.c(129): Notify: Parameter Substitution: parameter "uniqNumber" =  "40161"	[MsgId: MMSG-13992]
Action.c(129): Notify: Parameter Substitution: parameter "userName" =  "Anastasia"	[MsgId: MMSG-13992]
Action.c(129): Warning -35046: The WebSocket whose ID is "40161" is not connected  	[MsgId: MWAR-35046]
Action.c(129): web_websocket_send highest severity level was "warning"  	[MsgId: MMSG-26391]
Action.c(130): lr_think_time: 3,00 seconds.	[MsgId: MMSG-15948]
Action.c(131): Notify: Parameter Substitution: parameter "ReciveFromServer" =  "Shir: Thank you for contacting Advantage support Andrey, have a wonderful day"	[MsgId: MMSG-13992]
Action.c(132): Error: ѕодстрока не найдена в ответе от сервера	[MsgId: MERR-17999]
End auto log messages stack.	[MsgId: MMSG-10544]


Start auto log messages stack - Iteration 29.	[MsgId: MMSG-10545]
Action.c(137): web_websocket_send started  	[MsgId: MMSG-26355]
Action.c(137): Notify: Parameter Substitution: parameter "uniqNumber" =  "40161"	[MsgId: MMSG-13992]
Action.c(137): Warning -35046: The WebSocket whose ID is "40161" is not connected  	[MsgId: MWAR-35046]
Action.c(137): web_websocket_send highest severity level was "warning"  	[MsgId: MMSG-26391]
Action.c(138): lr_think_time: 3,00 seconds.	[MsgId: MMSG-15948]
Action.c(139): Notify: Parameter Substitution: parameter "ReciveFromServer" =  "Shir: Thank you for contacting Advantage support Andrey, have a wonderful day"	[MsgId: MMSG-13992]
Action.c(140): Error: ѕодстрока не найдена в ответе от сервера	[MsgId: MERR-17999]
End auto log messages stack.	[MsgId: MMSG-10544]


Start auto log messages stack - Iteration 29.	[MsgId: MMSG-10545]
Action.c(145): web_websocket_send started  	[MsgId: MMSG-26355]
Action.c(145): Notify: Parameter Substitution: parameter "uniqNumber" =  "40161"	[MsgId: MMSG-13992]
Action.c(145): Warning -35046: The WebSocket whose ID is "40161" is not connected  	[MsgId: MWAR-35046]
Action.c(145): web_websocket_send highest severity level was "warning"  	[MsgId: MMSG-26391]
Action.c(146): lr_think_time: 3,00 seconds.	[MsgId: MMSG-15948]
Action.c(147): Notify: Parameter Substitution: parameter "ReciveFromServer" =  "Shir: Thank you for contacting Advantage support Andrey, have a wonderful day"	[MsgId: MMSG-13992]
Action.c(148): Error: ѕодстрока не найдена в ответе от сервера	[MsgId: MERR-17999]
End auto log messages stack.	[MsgId: MMSG-10544]


Start auto log messages stack - Iteration 29.	[MsgId: MMSG-10545]
Action.c(153): web_websocket_send started  	[MsgId: MMSG-26355]
Action.c(153): Notify: Parameter Substitution: parameter "uniqNumber" =  "40161"	[MsgId: MMSG-13992]
Action.c(153): Notify: Parameter Substitution: parameter "randomCategory" =  "Speakers"	[MsgId: MMSG-13992]
Action.c(153): Warning -35046: The WebSocket whose ID is "40161" is not connected  	[MsgId: MWAR-35046]
Action.c(153): web_websocket_send highest severity level was "warning"  	[MsgId: MMSG-26391]
Action.c(154): lr_think_time: 3,00 seconds.	[MsgId: MMSG-15948]
Action.c(155): Notify: Parameter Substitution: parameter "ReciveFromServer" =  "Shir: Thank you for contacting Advantage support Andrey, have a wonderful day"	[MsgId: MMSG-13992]
Action.c(156): Error: ѕодстрока не найдена в ответе от сервера	[MsgId: MERR-17999]
End auto log messages stack.	[MsgId: MMSG-10544]


Start auto log messages stack - Iteration 29.	[MsgId: MMSG-10545]
Action.c(161): web_websocket_send started  	[MsgId: MMSG-26355]
Action.c(161): Notify: Parameter Substitution: parameter "uniqNumber" =  "40161"	[MsgId: MMSG-13992]
Action.c(161): Warning -35046: The WebSocket whose ID is "40161" is not connected  	[MsgId: MWAR-35046]
Action.c(161): web_websocket_send highest severity level was "warning"  	[MsgId: MMSG-26391]
Action.c(162): lr_think_time: 3,00 seconds.	[MsgId: MMSG-15948]
Action.c(163): Notify: Parameter Substitution: parameter "ReciveFromServer" =  "Shir: Thank you for contacting Advantage support Andrey, have a wonderful day"	[MsgId: MMSG-13992]
Action.c(164): Error: ѕодстрока не найдена в ответе от сервера	[MsgId: MERR-17999]
End auto log messages stack.	[MsgId: MMSG-10544]


Start auto log messages stack - Iteration 29.	[MsgId: MMSG-10545]
Action.c(169): web_websocket_send started  	[MsgId: MMSG-26355]
Action.c(169): Notify: Parameter Substitution: parameter "uniqNumber" =  "40161"	[MsgId: MMSG-13992]
Action.c(169): Warning -35046: The WebSocket whose ID is "40161" is not connected  	[MsgId: MWAR-35046]
Action.c(169): web_websocket_send highest severity level was "warning"  	[MsgId: MMSG-26391]
Action.c(170): lr_think_time: 3,00 seconds.	[MsgId: MMSG-15948]
Action.c(171): Notify: Parameter Substitution: parameter "ReciveFromServer" =  "Shir: Thank you for contacting Advantage support Andrey, have a wonderful day"	[MsgId: MMSG-13992]
Action.c(172): Error: ѕодстрока не найдена в ответе от сервера	[MsgId: MERR-17999]
End auto log messages stack.	[MsgId: MMSG-10544]


