Start auto log messages stack - Iteration 1.	[MsgId: MMSG-10545]
Action.c(145): web_websocket_send was successful  	[MsgId: MMSG-26392]
Action.c(146): lr_think_time: 3,00 seconds.	[MsgId: MMSG-15948]
WebSocketCB.c(28): WebSocket ID = 485193. [28] bytes text message received.	[MsgId: MMSG-17999]
Action.c(153): web_websocket_send started  	[MsgId: MMSG-26355]
Action.c(153): Retaining websocket connection of URI="ws://54.157.232.206/catalog/websocketserverendpoint" (RelFrameId=1, Internal ID=5)  	[MsgId: MMSG-27636]
Action.c(153): Retaining websocket connection of URI="ws://54.157.232.206/catalog/websocketserverendpoint" (RelFrameId=1, Internal ID=5)  	[MsgId: MMSG-27636]
Action.c(153): web_websocket_send was successful  	[MsgId: MMSG-26392]
Action.c(154): lr_think_time: 3,00 seconds.	[MsgId: MMSG-15948]
WebSocketCB.c(28): WebSocket ID = 485193. [57] bytes text message received.	[MsgId: MMSG-17999]
Action.c(156): Error: Подстрока не найдена в ответе от сервера	[MsgId: MERR-17999]
End auto log messages stack.	[MsgId: MMSG-10544]


Start auto log messages stack - Iteration 2.	[MsgId: MMSG-10545]
Action.c(121): web_websocket_send was successful  	[MsgId: MMSG-26392]
Action.c(122): lr_think_time: 3,00 seconds.	[MsgId: MMSG-15948]
WebSocketCB.c(28): WebSocket ID = 572118. [34] bytes text message received.	[MsgId: MMSG-17999]
Action.c(129): web_websocket_send started  	[MsgId: MMSG-26355]
Action.c(129): Retaining websocket connection of URI="ws://54.157.232.206/catalog/websocketserverendpoint" (RelFrameId=1, Internal ID=10)  	[MsgId: MMSG-27636]
Action.c(129): Retaining websocket connection of URI="ws://54.157.232.206/catalog/websocketserverendpoint" (RelFrameId=1, Internal ID=10)  	[MsgId: MMSG-27636]
Action.c(129): web_websocket_send was successful  	[MsgId: MMSG-26392]
Action.c(130): lr_think_time: 3,00 seconds.	[MsgId: MMSG-15948]
WebSocketCB.c(28): WebSocket ID = 572118. [47] bytes text message received.	[MsgId: MMSG-17999]
Action.c(132): Error: Подстрока не найдена в ответе от сервера	[MsgId: MERR-17999]
End auto log messages stack.	[MsgId: MMSG-10544]


Start auto log messages stack - Iteration 1.	[MsgId: MMSG-10545]
Action.c(161): web_websocket_send started  	[MsgId: MMSG-26355]
Action.c(161): Retaining websocket connection of URI="ws://54.157.232.206/catalog/websocketserverendpoint" (RelFrameId=1, Internal ID=5)  	[MsgId: MMSG-27636]
Action.c(161): Retaining websocket connection of URI="ws://54.157.232.206/catalog/websocketserverendpoint" (RelFrameId=1, Internal ID=5)  	[MsgId: MMSG-27636]
Action.c(161): web_websocket_send was successful  	[MsgId: MMSG-26392]
Action.c(162): lr_think_time: 3,00 seconds.	[MsgId: MMSG-15948]
WebSocketCB.c(28): WebSocket ID = 485193. [31] bytes text message received.	[MsgId: MMSG-17999]
Action.c(164): Error: Подстрока не найдена в ответе от сервера	[MsgId: MERR-17999]
End auto log messages stack.	[MsgId: MMSG-10544]


Start auto log messages stack - Iteration 2.	[MsgId: MMSG-10545]
Action.c(137): web_websocket_send started  	[MsgId: MMSG-26355]
Action.c(137): Retaining websocket connection of URI="ws://54.157.232.206/catalog/websocketserverendpoint" (RelFrameId=1, Internal ID=10)  	[MsgId: MMSG-27636]
Action.c(137): Retaining websocket connection of URI="ws://54.157.232.206/catalog/websocketserverendpoint" (RelFrameId=1, Internal ID=10)  	[MsgId: MMSG-27636]
Action.c(137): web_websocket_send was successful  	[MsgId: MMSG-26392]
Action.c(138): lr_think_time: 3,00 seconds.	[MsgId: MMSG-15948]
WebSocketCB.c(28): WebSocket ID = 572118. [53] bytes text message received.	[MsgId: MMSG-17999]
Action.c(140): Error: Подстрока не найдена в ответе от сервера	[MsgId: MERR-17999]
End auto log messages stack.	[MsgId: MMSG-10544]


Start auto log messages stack - Iteration 1.	[MsgId: MMSG-10545]
Action.c(169): web_websocket_send started  	[MsgId: MMSG-26355]
Action.c(169): Retaining websocket connection of URI="ws://54.157.232.206/catalog/websocketserverendpoint" (RelFrameId=1, Internal ID=5)  	[MsgId: MMSG-27636]
Action.c(169): Retaining websocket connection of URI="ws://54.157.232.206/catalog/websocketserverendpoint" (RelFrameId=1, Internal ID=5)  	[MsgId: MMSG-27636]
Action.c(169): web_websocket_send was successful  	[MsgId: MMSG-26392]
Action.c(170): lr_think_time: 3,00 seconds.	[MsgId: MMSG-15948]
WebSocketCB.c(28): WebSocket ID = 485193. [44] bytes text message received.	[MsgId: MMSG-17999]
Action.c(172): Error: Подстрока не найдена в ответе от сервера	[MsgId: MERR-17999]
End auto log messages stack.	[MsgId: MMSG-10544]


Start auto log messages stack - Iteration 2.	[MsgId: MMSG-10545]
Action.c(145): web_websocket_send started  	[MsgId: MMSG-26355]
Action.c(145): Retaining websocket connection of URI="ws://54.157.232.206/catalog/websocketserverendpoint" (RelFrameId=1, Internal ID=10)  	[MsgId: MMSG-27636]
Action.c(145): Retaining websocket connection of URI="ws://54.157.232.206/catalog/websocketserverendpoint" (RelFrameId=1, Internal ID=10)  	[MsgId: MMSG-27636]
Action.c(145): web_websocket_send was successful  	[MsgId: MMSG-26392]
Action.c(146): lr_think_time: 3,00 seconds.	[MsgId: MMSG-15948]
WebSocketCB.c(28): WebSocket ID = 572118. [30] bytes text message received.	[MsgId: MMSG-17999]
Action.c(148): Error: Подстрока не найдена в ответе от сервера	[MsgId: MERR-17999]
End auto log messages stack.	[MsgId: MMSG-10544]


Start auto log messages stack - Iteration 1.	[MsgId: MMSG-10545]
Action.c(177): web_websocket_send started  	[MsgId: MMSG-26355]
Action.c(177): Retaining websocket connection of URI="ws://54.157.232.206/catalog/websocketserverendpoint" (RelFrameId=1, Internal ID=5)  	[MsgId: MMSG-27636]
Action.c(177): Retaining websocket connection of URI="ws://54.157.232.206/catalog/websocketserverendpoint" (RelFrameId=1, Internal ID=5)  	[MsgId: MMSG-27636]
Action.c(177): web_websocket_send was successful  	[MsgId: MMSG-26392]
Action.c(178): lr_think_time: 3,00 seconds.	[MsgId: MMSG-15948]
WebSocketCB.c(28): WebSocket ID = 485193. [56] bytes text message received.	[MsgId: MMSG-17999]
Action.c(180): Error: Подстрока не найдена в ответе от сервера	[MsgId: MERR-17999]
End auto log messages stack.	[MsgId: MMSG-10544]


Start auto log messages stack - Iteration 2.	[MsgId: MMSG-10545]
Action.c(153): web_websocket_send started  	[MsgId: MMSG-26355]
Action.c(153): Retaining websocket connection of URI="ws://54.157.232.206/catalog/websocketserverendpoint" (RelFrameId=1, Internal ID=10)  	[MsgId: MMSG-27636]
Action.c(153): Retaining websocket connection of URI="ws://54.157.232.206/catalog/websocketserverendpoint" (RelFrameId=1, Internal ID=10)  	[MsgId: MMSG-27636]
Action.c(153): web_websocket_send was successful  	[MsgId: MMSG-26392]
Action.c(154): lr_think_time: 3,00 seconds.	[MsgId: MMSG-15948]
WebSocketCB.c(28): WebSocket ID = 572118. [43] bytes text message received.	[MsgId: MMSG-17999]
Action.c(156): Error: Подстрока не найдена в ответе от сервера	[MsgId: MERR-17999]
End auto log messages stack.	[MsgId: MMSG-10544]


Start auto log messages stack - Iteration 2.	[MsgId: MMSG-10545]
Action.c(161): web_websocket_send started  	[MsgId: MMSG-26355]
Action.c(161): Retaining websocket connection of URI="ws://54.157.232.206/catalog/websocketserverendpoint" (RelFrameId=1, Internal ID=10)  	[MsgId: MMSG-27636]
Action.c(161): Retaining websocket connection of URI="ws://54.157.232.206/catalog/websocketserverendpoint" (RelFrameId=1, Internal ID=10)  	[MsgId: MMSG-27636]
Action.c(161): web_websocket_send was successful  	[MsgId: MMSG-26392]
Action.c(162): lr_think_time: 3,00 seconds.	[MsgId: MMSG-15948]
WebSocketCB.c(28): WebSocket ID = 572118. [34] bytes text message received.	[MsgId: MMSG-17999]
Action.c(164): Error: Подстрока не найдена в ответе от сервера	[MsgId: MERR-17999]
End auto log messages stack.	[MsgId: MMSG-10544]


Start auto log messages stack - Iteration 2.	[MsgId: MMSG-10545]
Action.c(169): web_websocket_send started  	[MsgId: MMSG-26355]
Action.c(169): Retaining websocket connection of URI="ws://54.157.232.206/catalog/websocketserverendpoint" (RelFrameId=1, Internal ID=10)  	[MsgId: MMSG-27636]
Action.c(169): Retaining websocket connection of URI="ws://54.157.232.206/catalog/websocketserverendpoint" (RelFrameId=1, Internal ID=10)  	[MsgId: MMSG-27636]
Action.c(169): web_websocket_send was successful  	[MsgId: MMSG-26392]
Action.c(170): lr_think_time: 3,00 seconds.	[MsgId: MMSG-15948]
WebSocketCB.c(28): WebSocket ID = 572118. [61] bytes text message received.	[MsgId: MMSG-17999]
Action.c(172): Error: Подстрока не найдена в ответе от сервера	[MsgId: MERR-17999]
End auto log messages stack.	[MsgId: MMSG-10544]


Start auto log messages stack - Iteration 2.	[MsgId: MMSG-10545]
Action.c(177): web_websocket_send started  	[MsgId: MMSG-26355]
Action.c(177): Retaining websocket connection of URI="ws://54.157.232.206/catalog/websocketserverendpoint" (RelFrameId=1, Internal ID=10)  	[MsgId: MMSG-27636]
Action.c(177): Retaining websocket connection of URI="ws://54.157.232.206/catalog/websocketserverendpoint" (RelFrameId=1, Internal ID=10)  	[MsgId: MMSG-27636]
Action.c(177): web_websocket_send was successful  	[MsgId: MMSG-26392]
Action.c(178): lr_think_time: 3,00 seconds.	[MsgId: MMSG-15948]
WebSocketCB.c(28): WebSocket ID = 572118. [47] bytes text message received.	[MsgId: MMSG-17999]
Action.c(180): Error: Подстрока не найдена в ответе от сервера	[MsgId: MERR-17999]
End auto log messages stack.	[MsgId: MMSG-10544]


Start auto log messages stack - Iteration 2.	[MsgId: MMSG-10545]
Action.c(145): web_websocket_send was successful  	[MsgId: MMSG-26392]
Action.c(146): lr_think_time: 3,00 seconds.	[MsgId: MMSG-15948]
WebSocketCB.c(28): WebSocket ID = 481260. [29] bytes text message received.	[MsgId: MMSG-17999]
Action.c(153): web_websocket_send started  	[MsgId: MMSG-26355]
Action.c(153): Retaining websocket connection of URI="ws://54.157.232.206/catalog/websocketserverendpoint" (RelFrameId=1, Internal ID=10)  	[MsgId: MMSG-27636]
Action.c(153): Retaining websocket connection of URI="ws://54.157.232.206/catalog/websocketserverendpoint" (RelFrameId=1, Internal ID=10)  	[MsgId: MMSG-27636]
Action.c(153): web_websocket_send was successful  	[MsgId: MMSG-26392]
Action.c(154): lr_think_time: 3,00 seconds.	[MsgId: MMSG-15948]
WebSocketCB.c(28): WebSocket ID = 481260. [55] bytes text message received.	[MsgId: MMSG-17999]
Action.c(156): Error: Подстрока не найдена в ответе от сервера	[MsgId: MERR-17999]
End auto log messages stack.	[MsgId: MMSG-10544]


Start auto log messages stack - Iteration 3.	[MsgId: MMSG-10545]
Action.c(121): web_websocket_send was successful  	[MsgId: MMSG-26392]
Action.c(122): lr_think_time: 3,00 seconds.	[MsgId: MMSG-15948]
WebSocketCB.c(28): WebSocket ID = 495172. [32] bytes text message received.	[MsgId: MMSG-17999]
Action.c(129): web_websocket_send started  	[MsgId: MMSG-26355]
Action.c(129): Retaining websocket connection of URI="ws://54.157.232.206/catalog/websocketserverendpoint" (RelFrameId=1, Internal ID=15)  	[MsgId: MMSG-27636]
Action.c(129): Retaining websocket connection of URI="ws://54.157.232.206/catalog/websocketserverendpoint" (RelFrameId=1, Internal ID=15)  	[MsgId: MMSG-27636]
Action.c(129): web_websocket_send was successful  	[MsgId: MMSG-26392]
Action.c(130): lr_think_time: 3,00 seconds.	[MsgId: MMSG-15948]
WebSocketCB.c(28): WebSocket ID = 495172. [45] bytes text message received.	[MsgId: MMSG-17999]
Action.c(132): Error: Подстрока не найдена в ответе от сервера	[MsgId: MERR-17999]
End auto log messages stack.	[MsgId: MMSG-10544]


Start auto log messages stack - Iteration 2.	[MsgId: MMSG-10545]
Action.c(161): web_websocket_send started  	[MsgId: MMSG-26355]
Action.c(161): Retaining websocket connection of URI="ws://54.157.232.206/catalog/websocketserverendpoint" (RelFrameId=1, Internal ID=10)  	[MsgId: MMSG-27636]
Action.c(161): Retaining websocket connection of URI="ws://54.157.232.206/catalog/websocketserverendpoint" (RelFrameId=1, Internal ID=10)  	[MsgId: MMSG-27636]
Action.c(161): web_websocket_send was successful  	[MsgId: MMSG-26392]
Action.c(162): lr_think_time: 3,00 seconds.	[MsgId: MMSG-15948]
WebSocketCB.c(28): WebSocket ID = 481260. [30] bytes text message received.	[MsgId: MMSG-17999]
Action.c(164): Error: Подстрока не найдена в ответе от сервера	[MsgId: MERR-17999]
End auto log messages stack.	[MsgId: MMSG-10544]


Start auto log messages stack - Iteration 3.	[MsgId: MMSG-10545]
Action.c(137): web_websocket_send started  	[MsgId: MMSG-26355]
Action.c(137): Retaining websocket connection of URI="ws://54.157.232.206/catalog/websocketserverendpoint" (RelFrameId=1, Internal ID=15)  	[MsgId: MMSG-27636]
Action.c(137): Retaining websocket connection of URI="ws://54.157.232.206/catalog/websocketserverendpoint" (RelFrameId=1, Internal ID=15)  	[MsgId: MMSG-27636]
Action.c(137): web_websocket_send was successful  	[MsgId: MMSG-26392]
Action.c(138): lr_think_time: 3,00 seconds.	[MsgId: MMSG-15948]
WebSocketCB.c(28): WebSocket ID = 495172. [51] bytes text message received.	[MsgId: MMSG-17999]
Action.c(140): Error: Подстрока не найдена в ответе от сервера	[MsgId: MERR-17999]
End auto log messages stack.	[MsgId: MMSG-10544]


Start auto log messages stack - Iteration 2.	[MsgId: MMSG-10545]
Action.c(169): web_websocket_send started  	[MsgId: MMSG-26355]
Action.c(169): Retaining websocket connection of URI="ws://54.157.232.206/catalog/websocketserverendpoint" (RelFrameId=1, Internal ID=10)  	[MsgId: MMSG-27636]
Action.c(169): Retaining websocket connection of URI="ws://54.157.232.206/catalog/websocketserverendpoint" (RelFrameId=1, Internal ID=10)  	[MsgId: MMSG-27636]
Action.c(169): web_websocket_send was successful  	[MsgId: MMSG-26392]
Action.c(170): lr_think_time: 3,00 seconds.	[MsgId: MMSG-15948]
WebSocketCB.c(28): WebSocket ID = 481260. [43] bytes text message received.	[MsgId: MMSG-17999]
Action.c(172): Error: Подстрока не найдена в ответе от сервера	[MsgId: MERR-17999]
End auto log messages stack.	[MsgId: MMSG-10544]


Start auto log messages stack - Iteration 3.	[MsgId: MMSG-10545]
Action.c(145): web_websocket_send started  	[MsgId: MMSG-26355]
Action.c(145): Retaining websocket connection of URI="ws://54.157.232.206/catalog/websocketserverendpoint" (RelFrameId=1, Internal ID=15)  	[MsgId: MMSG-27636]
Action.c(145): Retaining websocket connection of URI="ws://54.157.232.206/catalog/websocketserverendpoint" (RelFrameId=1, Internal ID=15)  	[MsgId: MMSG-27636]
Action.c(145): web_websocket_send was successful  	[MsgId: MMSG-26392]
Action.c(146): lr_think_time: 3,00 seconds.	[MsgId: MMSG-15948]
WebSocketCB.c(28): WebSocket ID = 495172. [33] bytes text message received.	[MsgId: MMSG-17999]
Action.c(148): Error: Подстрока не найдена в ответе от сервера	[MsgId: MERR-17999]
End auto log messages stack.	[MsgId: MMSG-10544]


Start auto log messages stack - Iteration 2.	[MsgId: MMSG-10545]
Action.c(177): web_websocket_send started  	[MsgId: MMSG-26355]
Action.c(177): Retaining websocket connection of URI="ws://54.157.232.206/catalog/websocketserverendpoint" (RelFrameId=1, Internal ID=10)  	[MsgId: MMSG-27636]
Action.c(177): Retaining websocket connection of URI="ws://54.157.232.206/catalog/websocketserverendpoint" (RelFrameId=1, Internal ID=10)  	[MsgId: MMSG-27636]
Action.c(177): web_websocket_send was successful  	[MsgId: MMSG-26392]
Action.c(178): lr_think_time: 3,00 seconds.	[MsgId: MMSG-15948]
WebSocketCB.c(28): WebSocket ID = 481260. [55] bytes text message received.	[MsgId: MMSG-17999]
Action.c(180): Error: Подстрока не найдена в ответе от сервера	[MsgId: MERR-17999]
End auto log messages stack.	[MsgId: MMSG-10544]


Start auto log messages stack - Iteration 3.	[MsgId: MMSG-10545]
Action.c(153): web_websocket_send started  	[MsgId: MMSG-26355]
Action.c(153): Retaining websocket connection of URI="ws://54.157.232.206/catalog/websocketserverendpoint" (RelFrameId=1, Internal ID=15)  	[MsgId: MMSG-27636]
Action.c(153): Retaining websocket connection of URI="ws://54.157.232.206/catalog/websocketserverendpoint" (RelFrameId=1, Internal ID=15)  	[MsgId: MMSG-27636]
Action.c(153): web_websocket_send was successful  	[MsgId: MMSG-26392]
Action.c(154): lr_think_time: 3,00 seconds.	[MsgId: MMSG-15948]
WebSocketCB.c(28): WebSocket ID = 495172. [46] bytes text message received.	[MsgId: MMSG-17999]
Action.c(156): Error: Подстрока не найдена в ответе от сервера	[MsgId: MERR-17999]
End auto log messages stack.	[MsgId: MMSG-10544]


Start auto log messages stack - Iteration 3.	[MsgId: MMSG-10545]
Action.c(161): web_websocket_send started  	[MsgId: MMSG-26355]
Action.c(161): Retaining websocket connection of URI="ws://54.157.232.206/catalog/websocketserverendpoint" (RelFrameId=1, Internal ID=15)  	[MsgId: MMSG-27636]
Action.c(161): Retaining websocket connection of URI="ws://54.157.232.206/catalog/websocketserverendpoint" (RelFrameId=1, Internal ID=15)  	[MsgId: MMSG-27636]
Action.c(161): web_websocket_send was successful  	[MsgId: MMSG-26392]
Action.c(162): lr_think_time: 3,00 seconds.	[MsgId: MMSG-15948]
WebSocketCB.c(28): WebSocket ID = 495172. [33] bytes text message received.	[MsgId: MMSG-17999]
Action.c(164): Error: Подстрока не найдена в ответе от сервера	[MsgId: MERR-17999]
End auto log messages stack.	[MsgId: MMSG-10544]


Start auto log messages stack - Iteration 3.	[MsgId: MMSG-10545]
Action.c(169): web_websocket_send started  	[MsgId: MMSG-26355]
Action.c(169): Retaining websocket connection of URI="ws://54.157.232.206/catalog/websocketserverendpoint" (RelFrameId=1, Internal ID=15)  	[MsgId: MMSG-27636]
Action.c(169): Retaining websocket connection of URI="ws://54.157.232.206/catalog/websocketserverendpoint" (RelFrameId=1, Internal ID=15)  	[MsgId: MMSG-27636]
Action.c(169): web_websocket_send was successful  	[MsgId: MMSG-26392]
Action.c(170): lr_think_time: 3,00 seconds.	[MsgId: MMSG-15948]
WebSocketCB.c(28): WebSocket ID = 495172. [60] bytes text message received.	[MsgId: MMSG-17999]
Action.c(172): Error: Подстрока не найдена в ответе от сервера	[MsgId: MERR-17999]
End auto log messages stack.	[MsgId: MMSG-10544]


Start auto log messages stack - Iteration 3.	[MsgId: MMSG-10545]
Action.c(177): web_websocket_send started  	[MsgId: MMSG-26355]
Action.c(177): Retaining websocket connection of URI="ws://54.157.232.206/catalog/websocketserverendpoint" (RelFrameId=1, Internal ID=15)  	[MsgId: MMSG-27636]
Action.c(177): Retaining websocket connection of URI="ws://54.157.232.206/catalog/websocketserverendpoint" (RelFrameId=1, Internal ID=15)  	[MsgId: MMSG-27636]
Action.c(177): web_websocket_send was successful  	[MsgId: MMSG-26392]
Action.c(178): lr_think_time: 3,00 seconds.	[MsgId: MMSG-15948]
WebSocketCB.c(28): WebSocket ID = 495172. [46] bytes text message received.	[MsgId: MMSG-17999]
Action.c(180): Error: Подстрока не найдена в ответе от сервера	[MsgId: MERR-17999]
End auto log messages stack.	[MsgId: MMSG-10544]


Start auto log messages stack - Iteration 3.	[MsgId: MMSG-10545]
Action.c(145): web_websocket_send was successful  	[MsgId: MMSG-26392]
Action.c(146): lr_think_time: 3,00 seconds.	[MsgId: MMSG-15948]
WebSocketCB.c(28): WebSocket ID = 808103. [27] bytes text message received.	[MsgId: MMSG-17999]
Action.c(153): web_websocket_send started  	[MsgId: MMSG-26355]
Action.c(153): Retaining websocket connection of URI="ws://54.157.232.206/catalog/websocketserverendpoint" (RelFrameId=1, Internal ID=15)  	[MsgId: MMSG-27636]
Action.c(153): Retaining websocket connection of URI="ws://54.157.232.206/catalog/websocketserverendpoint" (RelFrameId=1, Internal ID=15)  	[MsgId: MMSG-27636]
Action.c(153): web_websocket_send was successful  	[MsgId: MMSG-26392]
Action.c(154): lr_think_time: 3,00 seconds.	[MsgId: MMSG-15948]
WebSocketCB.c(28): WebSocket ID = 808103. [56] bytes text message received.	[MsgId: MMSG-17999]
Action.c(156): Error: Подстрока не найдена в ответе от сервера	[MsgId: MERR-17999]
End auto log messages stack.	[MsgId: MMSG-10544]


Start auto log messages stack - Iteration 4.	[MsgId: MMSG-10545]
Action.c(121): web_websocket_send was successful  	[MsgId: MMSG-26392]
Action.c(122): lr_think_time: 3,00 seconds.	[MsgId: MMSG-15948]
WebSocketCB.c(28): WebSocket ID = 138986. [31] bytes text message received.	[MsgId: MMSG-17999]
Action.c(129): web_websocket_send started  	[MsgId: MMSG-26355]
Action.c(129): Retaining websocket connection of URI="ws://54.157.232.206/catalog/websocketserverendpoint" (RelFrameId=1, Internal ID=20)  	[MsgId: MMSG-27636]
Action.c(129): Retaining websocket connection of URI="ws://54.157.232.206/catalog/websocketserverendpoint" (RelFrameId=1, Internal ID=20)  	[MsgId: MMSG-27636]
Action.c(129): web_websocket_send was successful  	[MsgId: MMSG-26392]
Action.c(130): lr_think_time: 3,00 seconds.	[MsgId: MMSG-15948]
WebSocketCB.c(28): WebSocket ID = 138986. [44] bytes text message received.	[MsgId: MMSG-17999]
Action.c(132): Error: Подстрока не найдена в ответе от сервера	[MsgId: MERR-17999]
End auto log messages stack.	[MsgId: MMSG-10544]


Start auto log messages stack - Iteration 3.	[MsgId: MMSG-10545]
Action.c(161): web_websocket_send started  	[MsgId: MMSG-26355]
Action.c(161): Retaining websocket connection of URI="ws://54.157.232.206/catalog/websocketserverendpoint" (RelFrameId=1, Internal ID=15)  	[MsgId: MMSG-27636]
Action.c(161): Retaining websocket connection of URI="ws://54.157.232.206/catalog/websocketserverendpoint" (RelFrameId=1, Internal ID=15)  	[MsgId: MMSG-27636]
Action.c(161): web_websocket_send was successful  	[MsgId: MMSG-26392]
Action.c(162): lr_think_time: 3,00 seconds.	[MsgId: MMSG-15948]
WebSocketCB.c(28): WebSocket ID = 808103. [30] bytes text message received.	[MsgId: MMSG-17999]
Action.c(164): Error: Подстрока не найдена в ответе от сервера	[MsgId: MERR-17999]
End auto log messages stack.	[MsgId: MMSG-10544]


Start auto log messages stack - Iteration 4.	[MsgId: MMSG-10545]
Action.c(137): web_websocket_send started  	[MsgId: MMSG-26355]
Action.c(137): Retaining websocket connection of URI="ws://54.157.232.206/catalog/websocketserverendpoint" (RelFrameId=1, Internal ID=20)  	[MsgId: MMSG-27636]
Action.c(137): Retaining websocket connection of URI="ws://54.157.232.206/catalog/websocketserverendpoint" (RelFrameId=1, Internal ID=20)  	[MsgId: MMSG-27636]
Action.c(137): web_websocket_send was successful  	[MsgId: MMSG-26392]
Action.c(138): lr_think_time: 3,00 seconds.	[MsgId: MMSG-15948]
WebSocketCB.c(28): WebSocket ID = 138986. [50] bytes text message received.	[MsgId: MMSG-17999]
Action.c(140): Error: Подстрока не найдена в ответе от сервера	[MsgId: MERR-17999]
End auto log messages stack.	[MsgId: MMSG-10544]


Start auto log messages stack - Iteration 3.	[MsgId: MMSG-10545]
Action.c(169): web_websocket_send started  	[MsgId: MMSG-26355]
Action.c(169): Retaining websocket connection of URI="ws://54.157.232.206/catalog/websocketserverendpoint" (RelFrameId=1, Internal ID=15)  	[MsgId: MMSG-27636]
Action.c(169): Retaining websocket connection of URI="ws://54.157.232.206/catalog/websocketserverendpoint" (RelFrameId=1, Internal ID=15)  	[MsgId: MMSG-27636]
Action.c(169): web_websocket_send was successful  	[MsgId: MMSG-26392]
Action.c(170): lr_think_time: 3,00 seconds.	[MsgId: MMSG-15948]
WebSocketCB.c(28): WebSocket ID = 808103. [43] bytes text message received.	[MsgId: MMSG-17999]
Action.c(172): Error: Подстрока не найдена в ответе от сервера	[MsgId: MERR-17999]
End auto log messages stack.	[MsgId: MMSG-10544]


Start auto log messages stack - Iteration 4.	[MsgId: MMSG-10545]
Action.c(145): web_websocket_send started  	[MsgId: MMSG-26355]
Action.c(145): Retaining websocket connection of URI="ws://54.157.232.206/catalog/websocketserverendpoint" (RelFrameId=1, Internal ID=20)  	[MsgId: MMSG-27636]
Action.c(145): Retaining websocket connection of URI="ws://54.157.232.206/catalog/websocketserverendpoint" (RelFrameId=1, Internal ID=20)  	[MsgId: MMSG-27636]
Action.c(145): web_websocket_send was successful  	[MsgId: MMSG-26392]
Action.c(146): lr_think_time: 3,00 seconds.	[MsgId: MMSG-15948]
WebSocketCB.c(28): WebSocket ID = 138986. [30] bytes text message received.	[MsgId: MMSG-17999]
Action.c(148): Error: Подстрока не найдена в ответе от сервера	[MsgId: MERR-17999]
End auto log messages stack.	[MsgId: MMSG-10544]


Start auto log messages stack - Iteration 3.	[MsgId: MMSG-10545]
Action.c(177): web_websocket_send started  	[MsgId: MMSG-26355]
Action.c(177): Retaining websocket connection of URI="ws://54.157.232.206/catalog/websocketserverendpoint" (RelFrameId=1, Internal ID=15)  	[MsgId: MMSG-27636]
Action.c(177): Retaining websocket connection of URI="ws://54.157.232.206/catalog/websocketserverendpoint" (RelFrameId=1, Internal ID=15)  	[MsgId: MMSG-27636]
Action.c(177): web_websocket_send was successful  	[MsgId: MMSG-26392]
Action.c(178): lr_think_time: 3,00 seconds.	[MsgId: MMSG-15948]
WebSocketCB.c(28): WebSocket ID = 808103. [55] bytes text message received.	[MsgId: MMSG-17999]
Action.c(180): Error: Подстрока не найдена в ответе от сервера	[MsgId: MERR-17999]
End auto log messages stack.	[MsgId: MMSG-10544]


Start auto log messages stack - Iteration 4.	[MsgId: MMSG-10545]
Action.c(153): web_websocket_send started  	[MsgId: MMSG-26355]
Action.c(153): Retaining websocket connection of URI="ws://54.157.232.206/catalog/websocketserverendpoint" (RelFrameId=1, Internal ID=20)  	[MsgId: MMSG-27636]
Action.c(153): Retaining websocket connection of URI="ws://54.157.232.206/catalog/websocketserverendpoint" (RelFrameId=1, Internal ID=20)  	[MsgId: MMSG-27636]
Action.c(153): web_websocket_send was successful  	[MsgId: MMSG-26392]
Action.c(154): lr_think_time: 3,00 seconds.	[MsgId: MMSG-15948]
WebSocketCB.c(28): WebSocket ID = 138986. [43] bytes text message received.	[MsgId: MMSG-17999]
Action.c(156): Error: Подстрока не найдена в ответе от сервера	[MsgId: MERR-17999]
End auto log messages stack.	[MsgId: MMSG-10544]


Start auto log messages stack - Iteration 4.	[MsgId: MMSG-10545]
Action.c(161): web_websocket_send started  	[MsgId: MMSG-26355]
Action.c(161): Retaining websocket connection of URI="ws://54.157.232.206/catalog/websocketserverendpoint" (RelFrameId=1, Internal ID=20)  	[MsgId: MMSG-27636]
Action.c(161): Retaining websocket connection of URI="ws://54.157.232.206/catalog/websocketserverendpoint" (RelFrameId=1, Internal ID=20)  	[MsgId: MMSG-27636]
Action.c(161): web_websocket_send was successful  	[MsgId: MMSG-26392]
Action.c(162): lr_think_time: 3,00 seconds.	[MsgId: MMSG-15948]
WebSocketCB.c(28): WebSocket ID = 138986. [30] bytes text message received.	[MsgId: MMSG-17999]
Action.c(164): Error: Подстрока не найдена в ответе от сервера	[MsgId: MERR-17999]
End auto log messages stack.	[MsgId: MMSG-10544]


Start auto log messages stack - Iteration 4.	[MsgId: MMSG-10545]
Action.c(169): web_websocket_send started  	[MsgId: MMSG-26355]
Action.c(169): Retaining websocket connection of URI="ws://54.157.232.206/catalog/websocketserverendpoint" (RelFrameId=1, Internal ID=20)  	[MsgId: MMSG-27636]
Action.c(169): Retaining websocket connection of URI="ws://54.157.232.206/catalog/websocketserverendpoint" (RelFrameId=1, Internal ID=20)  	[MsgId: MMSG-27636]
Action.c(169): web_websocket_send was successful  	[MsgId: MMSG-26392]
Action.c(170): lr_think_time: 3,00 seconds.	[MsgId: MMSG-15948]
WebSocketCB.c(28): WebSocket ID = 138986. [57] bytes text message received.	[MsgId: MMSG-17999]
Action.c(172): Error: Подстрока не найдена в ответе от сервера	[MsgId: MERR-17999]
End auto log messages stack.	[MsgId: MMSG-10544]


Start auto log messages stack - Iteration 4.	[MsgId: MMSG-10545]
Action.c(177): web_websocket_send started  	[MsgId: MMSG-26355]
Action.c(177): Retaining websocket connection of URI="ws://54.157.232.206/catalog/websocketserverendpoint" (RelFrameId=1, Internal ID=20)  	[MsgId: MMSG-27636]
Action.c(177): Retaining websocket connection of URI="ws://54.157.232.206/catalog/websocketserverendpoint" (RelFrameId=1, Internal ID=20)  	[MsgId: MMSG-27636]
Action.c(177): web_websocket_send was successful  	[MsgId: MMSG-26392]
Action.c(178): lr_think_time: 3,00 seconds.	[MsgId: MMSG-15948]
WebSocketCB.c(28): WebSocket ID = 138986. [43] bytes text message received.	[MsgId: MMSG-17999]
Action.c(180): Error: Подстрока не найдена в ответе от сервера	[MsgId: MERR-17999]
End auto log messages stack.	[MsgId: MMSG-10544]


Start auto log messages stack - Iteration 4.	[MsgId: MMSG-10545]
Action.c(145): web_websocket_send was successful  	[MsgId: MMSG-26392]
Action.c(146): lr_think_time: 3,00 seconds.	[MsgId: MMSG-15948]
WebSocketCB.c(28): WebSocket ID = 194877. [27] bytes text message received.	[MsgId: MMSG-17999]
Action.c(153): web_websocket_send started  	[MsgId: MMSG-26355]
Action.c(153): Retaining websocket connection of URI="ws://54.157.232.206/catalog/websocketserverendpoint" (RelFrameId=1, Internal ID=20)  	[MsgId: MMSG-27636]
Action.c(153): Retaining websocket connection of URI="ws://54.157.232.206/catalog/websocketserverendpoint" (RelFrameId=1, Internal ID=20)  	[MsgId: MMSG-27636]
Action.c(153): web_websocket_send was successful  	[MsgId: MMSG-26392]
Action.c(154): lr_think_time: 3,00 seconds.	[MsgId: MMSG-15948]
WebSocketCB.c(28): WebSocket ID = 194877. [53] bytes text message received.	[MsgId: MMSG-17999]
Action.c(156): Error: Подстрока не найдена в ответе от сервера	[MsgId: MERR-17999]
End auto log messages stack.	[MsgId: MMSG-10544]


Start auto log messages stack - Iteration 5.	[MsgId: MMSG-10545]
Action.c(121): web_websocket_send was successful  	[MsgId: MMSG-26392]
Action.c(122): lr_think_time: 3,00 seconds.	[MsgId: MMSG-15948]
WebSocketCB.c(28): WebSocket ID = 983950. [32] bytes text message received.	[MsgId: MMSG-17999]
Action.c(129): web_websocket_send started  	[MsgId: MMSG-26355]
Action.c(129): Retaining websocket connection of URI="ws://54.157.232.206/catalog/websocketserverendpoint" (RelFrameId=1, Internal ID=25)  	[MsgId: MMSG-27636]
Action.c(129): Retaining websocket connection of URI="ws://54.157.232.206/catalog/websocketserverendpoint" (RelFrameId=1, Internal ID=25)  	[MsgId: MMSG-27636]
Action.c(129): web_websocket_send was successful  	[MsgId: MMSG-26392]
Action.c(130): lr_think_time: 3,00 seconds.	[MsgId: MMSG-15948]
WebSocketCB.c(28): WebSocket ID = 983950. [45] bytes text message received.	[MsgId: MMSG-17999]
Action.c(132): Error: Подстрока не найдена в ответе от сервера	[MsgId: MERR-17999]
End auto log messages stack.	[MsgId: MMSG-10544]


Start auto log messages stack - Iteration 4.	[MsgId: MMSG-10545]
Action.c(161): web_websocket_send started  	[MsgId: MMSG-26355]
Action.c(161): Retaining websocket connection of URI="ws://54.157.232.206/catalog/websocketserverendpoint" (RelFrameId=1, Internal ID=20)  	[MsgId: MMSG-27636]
Action.c(161): Retaining websocket connection of URI="ws://54.157.232.206/catalog/websocketserverendpoint" (RelFrameId=1, Internal ID=20)  	[MsgId: MMSG-27636]
Action.c(161): web_websocket_send was successful  	[MsgId: MMSG-26392]
Action.c(162): lr_think_time: 3,00 seconds.	[MsgId: MMSG-15948]
WebSocketCB.c(28): WebSocket ID = 194877. [32] bytes text message received.	[MsgId: MMSG-17999]
Action.c(164): Error: Подстрока не найдена в ответе от сервера	[MsgId: MERR-17999]
End auto log messages stack.	[MsgId: MMSG-10544]


Start auto log messages stack - Iteration 5.	[MsgId: MMSG-10545]
Action.c(137): web_websocket_send started  	[MsgId: MMSG-26355]
Action.c(137): Retaining websocket connection of URI="ws://54.157.232.206/catalog/websocketserverendpoint" (RelFrameId=1, Internal ID=25)  	[MsgId: MMSG-27636]
Action.c(137): Retaining websocket connection of URI="ws://54.157.232.206/catalog/websocketserverendpoint" (RelFrameId=1, Internal ID=25)  	[MsgId: MMSG-27636]
Action.c(137): web_websocket_send was successful  	[MsgId: MMSG-26392]
Action.c(138): lr_think_time: 3,00 seconds.	[MsgId: MMSG-15948]
WebSocketCB.c(28): WebSocket ID = 983950. [51] bytes text message received.	[MsgId: MMSG-17999]
Action.c(140): Error: Подстрока не найдена в ответе от сервера	[MsgId: MERR-17999]
End auto log messages stack.	[MsgId: MMSG-10544]


Start auto log messages stack - Iteration 4.	[MsgId: MMSG-10545]
Action.c(169): web_websocket_send started  	[MsgId: MMSG-26355]
Action.c(169): Retaining websocket connection of URI="ws://54.157.232.206/catalog/websocketserverendpoint" (RelFrameId=1, Internal ID=20)  	[MsgId: MMSG-27636]
Action.c(169): Retaining websocket connection of URI="ws://54.157.232.206/catalog/websocketserverendpoint" (RelFrameId=1, Internal ID=20)  	[MsgId: MMSG-27636]
Action.c(169): web_websocket_send was successful  	[MsgId: MMSG-26392]
Action.c(170): lr_think_time: 3,00 seconds.	[MsgId: MMSG-15948]
WebSocketCB.c(28): WebSocket ID = 194877. [45] bytes text message received.	[MsgId: MMSG-17999]
Action.c(172): Error: Подстрока не найдена в ответе от сервера	[MsgId: MERR-17999]
End auto log messages stack.	[MsgId: MMSG-10544]


Start auto log messages stack - Iteration 5.	[MsgId: MMSG-10545]
Action.c(145): web_websocket_send started  	[MsgId: MMSG-26355]
Action.c(145): Retaining websocket connection of URI="ws://54.157.232.206/catalog/websocketserverendpoint" (RelFrameId=1, Internal ID=25)  	[MsgId: MMSG-27636]
Action.c(145): Retaining websocket connection of URI="ws://54.157.232.206/catalog/websocketserverendpoint" (RelFrameId=1, Internal ID=25)  	[MsgId: MMSG-27636]
Action.c(145): web_websocket_send was successful  	[MsgId: MMSG-26392]
Action.c(146): lr_think_time: 3,00 seconds.	[MsgId: MMSG-15948]
WebSocketCB.c(28): WebSocket ID = 983950. [31] bytes text message received.	[MsgId: MMSG-17999]
Action.c(148): Error: Подстрока не найдена в ответе от сервера	[MsgId: MERR-17999]
End auto log messages stack.	[MsgId: MMSG-10544]


Start auto log messages stack - Iteration 4.	[MsgId: MMSG-10545]
Action.c(177): web_websocket_send started  	[MsgId: MMSG-26355]
Action.c(177): Retaining websocket connection of URI="ws://54.157.232.206/catalog/websocketserverendpoint" (RelFrameId=1, Internal ID=20)  	[MsgId: MMSG-27636]
Action.c(177): Retaining websocket connection of URI="ws://54.157.232.206/catalog/websocketserverendpoint" (RelFrameId=1, Internal ID=20)  	[MsgId: MMSG-27636]
Action.c(177): web_websocket_send was successful  	[MsgId: MMSG-26392]
Action.c(178): lr_think_time: 3,00 seconds.	[MsgId: MMSG-15948]
WebSocketCB.c(28): WebSocket ID = 194877. [57] bytes text message received.	[MsgId: MMSG-17999]
Action.c(180): Error: Подстрока не найдена в ответе от сервера	[MsgId: MERR-17999]
End auto log messages stack.	[MsgId: MMSG-10544]


Start auto log messages stack - Iteration 5.	[MsgId: MMSG-10545]
Action.c(153): web_websocket_send started  	[MsgId: MMSG-26355]
Action.c(153): Retaining websocket connection of URI="ws://54.157.232.206/catalog/websocketserverendpoint" (RelFrameId=1, Internal ID=25)  	[MsgId: MMSG-27636]
Action.c(153): Retaining websocket connection of URI="ws://54.157.232.206/catalog/websocketserverendpoint" (RelFrameId=1, Internal ID=25)  	[MsgId: MMSG-27636]
Action.c(153): web_websocket_send was successful  	[MsgId: MMSG-26392]
Action.c(154): lr_think_time: 3,00 seconds.	[MsgId: MMSG-15948]
WebSocketCB.c(28): WebSocket ID = 983950. [44] bytes text message received.	[MsgId: MMSG-17999]
Action.c(156): Error: Подстрока не найдена в ответе от сервера	[MsgId: MERR-17999]
End auto log messages stack.	[MsgId: MMSG-10544]


Start auto log messages stack - Iteration 5.	[MsgId: MMSG-10545]
Action.c(161): web_websocket_send started  	[MsgId: MMSG-26355]
Action.c(161): Retaining websocket connection of URI="ws://54.157.232.206/catalog/websocketserverendpoint" (RelFrameId=1, Internal ID=25)  	[MsgId: MMSG-27636]
Action.c(161): Retaining websocket connection of URI="ws://54.157.232.206/catalog/websocketserverendpoint" (RelFrameId=1, Internal ID=25)  	[MsgId: MMSG-27636]
Action.c(161): web_websocket_send was successful  	[MsgId: MMSG-26392]
Action.c(162): lr_think_time: 3,00 seconds.	[MsgId: MMSG-15948]
WebSocketCB.c(28): WebSocket ID = 983950. [31] bytes text message received.	[MsgId: MMSG-17999]
Action.c(164): Error: Подстрока не найдена в ответе от сервера	[MsgId: MERR-17999]
End auto log messages stack.	[MsgId: MMSG-10544]


Start auto log messages stack - Iteration 5.	[MsgId: MMSG-10545]
Action.c(169): web_websocket_send started  	[MsgId: MMSG-26355]
Action.c(169): Retaining websocket connection of URI="ws://54.157.232.206/catalog/websocketserverendpoint" (RelFrameId=1, Internal ID=25)  	[MsgId: MMSG-27636]
Action.c(169): Retaining websocket connection of URI="ws://54.157.232.206/catalog/websocketserverendpoint" (RelFrameId=1, Internal ID=25)  	[MsgId: MMSG-27636]
Action.c(169): web_websocket_send was successful  	[MsgId: MMSG-26392]
Action.c(170): lr_think_time: 3,00 seconds.	[MsgId: MMSG-15948]
WebSocketCB.c(28): WebSocket ID = 983950. [58] bytes text message received.	[MsgId: MMSG-17999]
Action.c(172): Error: Подстрока не найдена в ответе от сервера	[MsgId: MERR-17999]
End auto log messages stack.	[MsgId: MMSG-10544]


Start auto log messages stack - Iteration 5.	[MsgId: MMSG-10545]
Action.c(177): web_websocket_send started  	[MsgId: MMSG-26355]
Action.c(177): Retaining websocket connection of URI="ws://54.157.232.206/catalog/websocketserverendpoint" (RelFrameId=1, Internal ID=25)  	[MsgId: MMSG-27636]
Action.c(177): Retaining websocket connection of URI="ws://54.157.232.206/catalog/websocketserverendpoint" (RelFrameId=1, Internal ID=25)  	[MsgId: MMSG-27636]
Action.c(177): web_websocket_send was successful  	[MsgId: MMSG-26392]
Action.c(178): lr_think_time: 3,00 seconds.	[MsgId: MMSG-15948]
WebSocketCB.c(28): WebSocket ID = 983950. [44] bytes text message received.	[MsgId: MMSG-17999]
Action.c(180): Error: Подстрока не найдена в ответе от сервера	[MsgId: MERR-17999]
End auto log messages stack.	[MsgId: MMSG-10544]


Start auto log messages stack - Iteration 5.	[MsgId: MMSG-10545]
Action.c(145): web_websocket_send was successful  	[MsgId: MMSG-26392]
Action.c(146): lr_think_time: 3,00 seconds.	[MsgId: MMSG-15948]
WebSocketCB.c(28): WebSocket ID = 897263. [28] bytes text message received.	[MsgId: MMSG-17999]
Action.c(153): web_websocket_send started  	[MsgId: MMSG-26355]
Action.c(153): Retaining websocket connection of URI="ws://54.157.232.206/catalog/websocketserverendpoint" (RelFrameId=1, Internal ID=25)  	[MsgId: MMSG-27636]
Action.c(153): Retaining websocket connection of URI="ws://54.157.232.206/catalog/websocketserverendpoint" (RelFrameId=1, Internal ID=25)  	[MsgId: MMSG-27636]
Action.c(153): web_websocket_send was successful  	[MsgId: MMSG-26392]
Action.c(154): lr_think_time: 3,00 seconds.	[MsgId: MMSG-15948]
WebSocketCB.c(28): WebSocket ID = 897263. [57] bytes text message received.	[MsgId: MMSG-17999]
Action.c(156): Error: Подстрока не найдена в ответе от сервера	[MsgId: MERR-17999]
End auto log messages stack.	[MsgId: MMSG-10544]


Start auto log messages stack - Iteration 6.	[MsgId: MMSG-10545]
Action.c(121): web_websocket_send was successful  	[MsgId: MMSG-26392]
Action.c(122): lr_think_time: 3,00 seconds.	[MsgId: MMSG-15948]
WebSocketCB.c(28): WebSocket ID = 917979. [33] bytes text message received.	[MsgId: MMSG-17999]
Action.c(129): web_websocket_send started  	[MsgId: MMSG-26355]
Action.c(129): Retaining websocket connection of URI="ws://54.157.232.206/catalog/websocketserverendpoint" (RelFrameId=1, Internal ID=30)  	[MsgId: MMSG-27636]
Action.c(129): Retaining websocket connection of URI="ws://54.157.232.206/catalog/websocketserverendpoint" (RelFrameId=1, Internal ID=30)  	[MsgId: MMSG-27636]
Action.c(129): web_websocket_send was successful  	[MsgId: MMSG-26392]
Action.c(130): lr_think_time: 3,00 seconds.	[MsgId: MMSG-15948]
WebSocketCB.c(28): WebSocket ID = 917979. [46] bytes text message received.	[MsgId: MMSG-17999]
Action.c(132): Error: Подстрока не найдена в ответе от сервера	[MsgId: MERR-17999]
End auto log messages stack.	[MsgId: MMSG-10544]


Start auto log messages stack - Iteration 5.	[MsgId: MMSG-10545]
Action.c(161): web_websocket_send started  	[MsgId: MMSG-26355]
Action.c(161): Retaining websocket connection of URI="ws://54.157.232.206/catalog/websocketserverendpoint" (RelFrameId=1, Internal ID=25)  	[MsgId: MMSG-27636]
Action.c(161): Retaining websocket connection of URI="ws://54.157.232.206/catalog/websocketserverendpoint" (RelFrameId=1, Internal ID=25)  	[MsgId: MMSG-27636]
Action.c(161): web_websocket_send was successful  	[MsgId: MMSG-26392]
Action.c(162): lr_think_time: 3,00 seconds.	[MsgId: MMSG-15948]
WebSocketCB.c(28): WebSocket ID = 897263. [31] bytes text message received.	[MsgId: MMSG-17999]
Action.c(164): Error: Подстрока не найдена в ответе от сервера	[MsgId: MERR-17999]
End auto log messages stack.	[MsgId: MMSG-10544]


Start auto log messages stack - Iteration 6.	[MsgId: MMSG-10545]
Action.c(137): web_websocket_send started  	[MsgId: MMSG-26355]
Action.c(137): Retaining websocket connection of URI="ws://54.157.232.206/catalog/websocketserverendpoint" (RelFrameId=1, Internal ID=30)  	[MsgId: MMSG-27636]
Action.c(137): Retaining websocket connection of URI="ws://54.157.232.206/catalog/websocketserverendpoint" (RelFrameId=1, Internal ID=30)  	[MsgId: MMSG-27636]
Action.c(137): web_websocket_send was successful  	[MsgId: MMSG-26392]
Action.c(138): lr_think_time: 3,00 seconds.	[MsgId: MMSG-15948]
WebSocketCB.c(28): WebSocket ID = 917979. [52] bytes text message received.	[MsgId: MMSG-17999]
Action.c(140): Error: Подстрока не найдена в ответе от сервера	[MsgId: MERR-17999]
End auto log messages stack.	[MsgId: MMSG-10544]


Start auto log messages stack - Iteration 5.	[MsgId: MMSG-10545]
Action.c(169): web_websocket_send started  	[MsgId: MMSG-26355]
Action.c(169): Retaining websocket connection of URI="ws://54.157.232.206/catalog/websocketserverendpoint" (RelFrameId=1, Internal ID=25)  	[MsgId: MMSG-27636]
Action.c(169): Retaining websocket connection of URI="ws://54.157.232.206/catalog/websocketserverendpoint" (RelFrameId=1, Internal ID=25)  	[MsgId: MMSG-27636]
Action.c(169): web_websocket_send was successful  	[MsgId: MMSG-26392]
Action.c(170): lr_think_time: 3,00 seconds.	[MsgId: MMSG-15948]
WebSocketCB.c(28): WebSocket ID = 897263. [44] bytes text message received.	[MsgId: MMSG-17999]
Action.c(172): Error: Подстрока не найдена в ответе от сервера	[MsgId: MERR-17999]
End auto log messages stack.	[MsgId: MMSG-10544]


Start auto log messages stack - Iteration 6.	[MsgId: MMSG-10545]
Action.c(145): web_websocket_send started  	[MsgId: MMSG-26355]
Action.c(145): Retaining websocket connection of URI="ws://54.157.232.206/catalog/websocketserverendpoint" (RelFrameId=1, Internal ID=30)  	[MsgId: MMSG-27636]
Action.c(145): Retaining websocket connection of URI="ws://54.157.232.206/catalog/websocketserverendpoint" (RelFrameId=1, Internal ID=30)  	[MsgId: MMSG-27636]
Action.c(145): web_websocket_send was successful  	[MsgId: MMSG-26392]
Action.c(146): lr_think_time: 3,00 seconds.	[MsgId: MMSG-15948]
WebSocketCB.c(28): WebSocket ID = 917979. [31] bytes text message received.	[MsgId: MMSG-17999]
Action.c(148): Error: Подстрока не найдена в ответе от сервера	[MsgId: MERR-17999]
End auto log messages stack.	[MsgId: MMSG-10544]


Start auto log messages stack - Iteration 5.	[MsgId: MMSG-10545]
Action.c(177): web_websocket_send started  	[MsgId: MMSG-26355]
Action.c(177): Retaining websocket connection of URI="ws://54.157.232.206/catalog/websocketserverendpoint" (RelFrameId=1, Internal ID=25)  	[MsgId: MMSG-27636]
Action.c(177): Retaining websocket connection of URI="ws://54.157.232.206/catalog/websocketserverendpoint" (RelFrameId=1, Internal ID=25)  	[MsgId: MMSG-27636]
Action.c(177): web_websocket_send was successful  	[MsgId: MMSG-26392]
Action.c(178): lr_think_time: 3,00 seconds.	[MsgId: MMSG-15948]
WebSocketCB.c(28): WebSocket ID = 897263. [56] bytes text message received.	[MsgId: MMSG-17999]
Action.c(180): Error: Подстрока не найдена в ответе от сервера	[MsgId: MERR-17999]
End auto log messages stack.	[MsgId: MMSG-10544]


Start auto log messages stack - Iteration 6.	[MsgId: MMSG-10545]
Action.c(153): web_websocket_send started  	[MsgId: MMSG-26355]
Action.c(153): Retaining websocket connection of URI="ws://54.157.232.206/catalog/websocketserverendpoint" (RelFrameId=1, Internal ID=30)  	[MsgId: MMSG-27636]
Action.c(153): Retaining websocket connection of URI="ws://54.157.232.206/catalog/websocketserverendpoint" (RelFrameId=1, Internal ID=30)  	[MsgId: MMSG-27636]
Action.c(153): web_websocket_send was successful  	[MsgId: MMSG-26392]
Action.c(154): lr_think_time: 3,00 seconds.	[MsgId: MMSG-15948]
WebSocketCB.c(28): WebSocket ID = 917979. [44] bytes text message received.	[MsgId: MMSG-17999]
Action.c(156): Error: Подстрока не найдена в ответе от сервера	[MsgId: MERR-17999]
End auto log messages stack.	[MsgId: MMSG-10544]


Start auto log messages stack - Iteration 6.	[MsgId: MMSG-10545]
Action.c(161): web_websocket_send started  	[MsgId: MMSG-26355]
Action.c(161): Retaining websocket connection of URI="ws://54.157.232.206/catalog/websocketserverendpoint" (RelFrameId=1, Internal ID=30)  	[MsgId: MMSG-27636]
Action.c(161): Retaining websocket connection of URI="ws://54.157.232.206/catalog/websocketserverendpoint" (RelFrameId=1, Internal ID=30)  	[MsgId: MMSG-27636]
Action.c(161): web_websocket_send was successful  	[MsgId: MMSG-26392]
Action.c(162): lr_think_time: 3,00 seconds.	[MsgId: MMSG-15948]
WebSocketCB.c(28): WebSocket ID = 917979. [30] bytes text message received.	[MsgId: MMSG-17999]
Action.c(164): Error: Подстрока не найдена в ответе от сервера	[MsgId: MERR-17999]
End auto log messages stack.	[MsgId: MMSG-10544]


Start auto log messages stack - Iteration 6.	[MsgId: MMSG-10545]
Action.c(169): web_websocket_send started  	[MsgId: MMSG-26355]
Action.c(169): Retaining websocket connection of URI="ws://54.157.232.206/catalog/websocketserverendpoint" (RelFrameId=1, Internal ID=30)  	[MsgId: MMSG-27636]
Action.c(169): Retaining websocket connection of URI="ws://54.157.232.206/catalog/websocketserverendpoint" (RelFrameId=1, Internal ID=30)  	[MsgId: MMSG-27636]
Action.c(169): web_websocket_send was successful  	[MsgId: MMSG-26392]
Action.c(170): lr_think_time: 3,00 seconds.	[MsgId: MMSG-15948]
WebSocketCB.c(28): WebSocket ID = 917979. [57] bytes text message received.	[MsgId: MMSG-17999]
Action.c(172): Error: Подстрока не найдена в ответе от сервера	[MsgId: MERR-17999]
End auto log messages stack.	[MsgId: MMSG-10544]


Start auto log messages stack - Iteration 6.	[MsgId: MMSG-10545]
Action.c(177): web_websocket_send started  	[MsgId: MMSG-26355]
Action.c(177): Retaining websocket connection of URI="ws://54.157.232.206/catalog/websocketserverendpoint" (RelFrameId=1, Internal ID=30)  	[MsgId: MMSG-27636]
Action.c(177): Retaining websocket connection of URI="ws://54.157.232.206/catalog/websocketserverendpoint" (RelFrameId=1, Internal ID=30)  	[MsgId: MMSG-27636]
Action.c(177): web_websocket_send was successful  	[MsgId: MMSG-26392]
Action.c(178): lr_think_time: 3,00 seconds.	[MsgId: MMSG-15948]
WebSocketCB.c(28): WebSocket ID = 917979. [43] bytes text message received.	[MsgId: MMSG-17999]
Action.c(180): Error: Подстрока не найдена в ответе от сервера	[MsgId: MERR-17999]
End auto log messages stack.	[MsgId: MMSG-10544]


