Virtual User Script started at: 15.03.2024 18:12:43
Starting action vuser_init.
Web Turbo Replay of LoadRunner 12.55.0 for Windows 10; build 911 (èþë 24 2017 19:46:00)  	[MsgId: MMSG-26983]
Run mode: HTML  	[MsgId: MMSG-26993]
Replay user agent: Mozilla/5.0 (Windows NT 10.0; Win64; x64; rv:123.0) Gecko/20100101 Firefox/123.0  	[MsgId: MMSG-26988]
Run-Time Settings file: "C:\Users\user\Documents\VuGen\Scripts\UC10_DeleteOrderFromOrdersList\\default.cfg"  	[MsgId: MMSG-27141]
Ending action vuser_init.
Running Vuser...
Starting iteration 1.
Maximum number of concurrent connections per server: 6  	[MsgId: MMSG-26989]
Starting action Action.
Action.c(8): Notify: Transaction "UC10_DeleteOrderFromOrdersList" started.
Action.c(12): Notify: Transaction "Goto_HomePage" started.
Action.c(14): web_set_sockets_option started  	[MsgId: MMSG-26355]
Action.c(14): web_set_sockets_option was successful  	[MsgId: MMSG-26392]
Action.c(16): web_set_user started  	[MsgId: MMSG-26355]
Action.c(16): web_set_user was successful  	[MsgId: MMSG-26392]
Action.c(17): web_add_cookie started  	[MsgId: MMSG-26355]
Action.c(17): web_add_cookie was successful  	[MsgId: MMSG-26392]
Action.c(18): web_add_cookie started  	[MsgId: MMSG-26355]
Action.c(18): web_add_cookie was successful  	[MsgId: MMSG-26392]
Action.c(19): web_add_cookie started  	[MsgId: MMSG-26355]
Action.c(19): web_add_cookie was successful  	[MsgId: MMSG-26392]
Action.c(20): web_add_cookie started  	[MsgId: MMSG-26355]
Action.c(20): web_add_cookie was successful  	[MsgId: MMSG-26392]
Action.c(21): web_add_header("Upgrade-Insecure-Requests") started  	[MsgId: MMSG-26355]
Action.c(21): web_add_header("Upgrade-Insecure-Requests") was successful  	[MsgId: MMSG-26392]
Action.c(22): web_add_cookie started  	[MsgId: MMSG-26355]
Action.c(22): web_add_cookie was successful  	[MsgId: MMSG-26392]
Action.c(23): web_add_cookie started  	[MsgId: MMSG-26355]
Action.c(23): web_add_cookie was successful  	[MsgId: MMSG-26392]
Action.c(25): web_reg_find started  	[MsgId: MMSG-26355]
Action.c(25): Registering web_reg_find was successful  	[MsgId: MMSG-26390]
Action.c(26): web_reg_find started  	[MsgId: MMSG-26355]
Action.c(26): Registering web_reg_find was successful  	[MsgId: MMSG-26390]
Action.c(28): web_url("ALL") started  	[MsgId: MMSG-26355]
Action.c(28): Registered web_reg_find successful for "Text="parameters"" (count=1)  	[MsgId: MMSG-26364]
Action.c(28): Registered web_reg_find successful for "Text="parameterName"" (count=51)  	[MsgId: MMSG-26364]
Action.c(28): web_url("ALL") was successful, 6541 body bytes, 430 header bytes, 18 chunking overhead bytes  	[MsgId: MMSG-26385]
Action.c(38): web_add_cookie started  	[MsgId: MMSG-26355]
Action.c(38): web_add_cookie was successful  	[MsgId: MMSG-26392]
Action.c(39): web_add_cookie started  	[MsgId: MMSG-26355]
Action.c(39): web_add_cookie was successful  	[MsgId: MMSG-26392]
Action.c(40): web_add_header("Origin") started  	[MsgId: MMSG-26355]
Action.c(40): web_add_header("Origin") was successful  	[MsgId: MMSG-26392]
Action.c(41): web_add_header("SOAPAction") started  	[MsgId: MMSG-26355]
Action.c(41): web_add_header("SOAPAction") was successful  	[MsgId: MMSG-26392]
Action.c(42): web_add_header("X-Requested-With") started  	[MsgId: MMSG-26355]
Action.c(42): web_add_header("X-Requested-With") was successful  	[MsgId: MMSG-26392]
Action.c(44): web_reg_find started  	[MsgId: MMSG-26355]
Action.c(44): Registering web_reg_find was successful  	[MsgId: MMSG-26390]
Action.c(46): web_custom_request("GetAccountConfigurationRequest") started  	[MsgId: MMSG-26355]
Action.c(46): Registered web_reg_find successful for "Text=numberOfFailedLoginAttemptsBeforeBlocking" (count=2)  	[MsgId: MMSG-26364]
Action.c(46): web_custom_request("GetAccountConfigurationRequest") was successful, 823 body bytes, 665 header bytes  	[MsgId: MMSG-26386]
Action.c(59): web_reg_find started  	[MsgId: MMSG-26355]
Action.c(59): Registering web_reg_find was successful  	[MsgId: MMSG-26390]
Action.c(60): web_reg_find started  	[MsgId: MMSG-26355]
Action.c(60): Registering web_reg_find was successful  	[MsgId: MMSG-26390]
Action.c(61): web_reg_find started  	[MsgId: MMSG-26355]
Action.c(61): Registering web_reg_find was successful  	[MsgId: MMSG-26390]
Action.c(62): web_reg_find started  	[MsgId: MMSG-26355]
Action.c(62): Registering web_reg_find was successful  	[MsgId: MMSG-26390]
Action.c(63): web_reg_find started  	[MsgId: MMSG-26355]
Action.c(63): Registering web_reg_find was successful  	[MsgId: MMSG-26390]
Action.c(65): web_url("categories") started  	[MsgId: MMSG-26355]
Action.c(65): Registered web_reg_find successful for "Text="categoryName":"LAPTOPS"" (count=1)  	[MsgId: MMSG-26364]
Action.c(65): Registered web_reg_find successful for "Text="categoryName":"HEADPHONES"" (count=1)  	[MsgId: MMSG-26364]
Action.c(65): Registered web_reg_find successful for "Text="categoryName":"TABLETS"" (count=1)  	[MsgId: MMSG-26364]
Action.c(65): Registered web_reg_find successful for "Text="categoryName":"SPEAKERS"" (count=1)  	[MsgId: MMSG-26364]
Action.c(65): Registered web_reg_find successful for "Text="categoryName":"MICE"" (count=1)  	[MsgId: MMSG-26364]
Action.c(65): web_url("categories") was successful, 4467 body bytes, 434 header bytes, 18 chunking overhead bytes  	[MsgId: MMSG-26385]
Action.c(76): web_reg_find started  	[MsgId: MMSG-26355]
Action.c(76): Registering web_reg_find was successful  	[MsgId: MMSG-26390]
Action.c(77): web_reg_find started  	[MsgId: MMSG-26355]
Action.c(77): Registering web_reg_find was successful  	[MsgId: MMSG-26390]
Action.c(79): web_url("dealOfTheDay") started  	[MsgId: MMSG-26355]
Action.c(79): Registered web_reg_find successful for "Text="promotionHeader"" (count=1)  	[MsgId: MMSG-26364]
Action.c(79): Registered web_reg_find successful for "Text="promotionSubHeader"" (count=1)  	[MsgId: MMSG-26364]
Action.c(79): web_url("dealOfTheDay") was successful, 351 body bytes, 434 header bytes, 17 chunking overhead bytes  	[MsgId: MMSG-26385]
Action.c(90): web_reg_find started  	[MsgId: MMSG-26355]
Action.c(90): Registering web_reg_find was successful  	[MsgId: MMSG-26390]
Action.c(91): web_reg_find started  	[MsgId: MMSG-26355]
Action.c(91): Registering web_reg_find was successful  	[MsgId: MMSG-26390]
Action.c(93): web_url("popularProducts") started  	[MsgId: MMSG-26355]
Action.c(93): Registered web_reg_find successful for "Text="productName"" (count=3)  	[MsgId: MMSG-26364]
Action.c(93): Registered web_reg_find successful for "Text="description"" (count=3)  	[MsgId: MMSG-26364]
Action.c(93): web_url("popularProducts") was successful, 500 body bytes, 472 header bytes, 12 chunking overhead bytes  	[MsgId: MMSG-26385]
Action.c(102): Notify: Transaction "Goto_HomePage" ended with a "Pass" status (Duration: 2.1011 Wasted Time: 0.1650).
Action.c(105): lr_think_time: 5.00 seconds.
Action.c(108): Notify: Transaction "Entry_AuthenticateData" started.
Action.c(110): web_add_header("Origin") started  	[MsgId: MMSG-26355]
Action.c(110): web_add_header("Origin") was successful  	[MsgId: MMSG-26392]
Action.c(111): web_add_header("SOAPAction") started  	[MsgId: MMSG-26355]
Action.c(111): web_add_header("SOAPAction") was successful  	[MsgId: MMSG-26392]
Action.c(112): web_add_header("X-Requested-With") started  	[MsgId: MMSG-26355]
Action.c(112): web_add_header("X-Requested-With") was successful  	[MsgId: MMSG-26392]
Action.c(115): web_reg_find started  	[MsgId: MMSG-26355]
Action.c(115): Registering web_reg_find was successful  	[MsgId: MMSG-26390]
Action.c(118): web_reg_save_param_xpath started  	[MsgId: MMSG-26355]
Action.c(118): Registering web_reg_save_param_xpath was successful  	[MsgId: MMSG-26390]
Action.c(121): web_reg_save_param_xpath started  	[MsgId: MMSG-26355]
Action.c(121): Registering web_reg_save_param_xpath was successful  	[MsgId: MMSG-26390]
Action.c(123): web_custom_request("AccountLoginRequest") started  	[MsgId: MMSG-26355]
Action.c(123): Registered web_reg_find successful for "Text=Login Successful" (count=1)  	[MsgId: MMSG-26364]
Action.c(123): web_custom_request("AccountLoginRequest") was successful, 797 body bytes, 665 header bytes  	[MsgId: MMSG-26386]
Action.c(136): web_set_sockets_option started  	[MsgId: MMSG-26355]
Action.c(136): web_set_sockets_option was successful  	[MsgId: MMSG-26392]
Action.c(137): web_add_cookie started  	[MsgId: MMSG-26355]
Action.c(137): web_add_cookie was successful  	[MsgId: MMSG-26392]
Action.c(140): web_reg_find started  	[MsgId: MMSG-26355]
Action.c(140): Registering web_reg_find was successful  	[MsgId: MMSG-26390]
Action.c(142): web_url("carts") started  	[MsgId: MMSG-26355]
Action.c(142): Registered web_reg_find successful for "Text="userId":846600197" (count=1)  	[MsgId: MMSG-26364]
Action.c(142): web_url("carts") was successful, 110 body bytes, 514 header bytes, 16 chunking overhead bytes  	[MsgId: MMSG-26385]
Action.c(152): Notify: Transaction "Entry_AuthenticateData" ended with a "Pass" status (Duration: 1,0446 Wasted Time: 0,0182).
Action.c(155): lr_think_time: 5,00 seconds.
Action.c(158): Notify: Transaction "Goto_OrderPage" started.
Action.c(160): web_add_cookie started  	[MsgId: MMSG-26355]
Action.c(160): web_add_cookie was successful  	[MsgId: MMSG-26392]
Action.c(163): web_reg_find started  	[MsgId: MMSG-26355]
Action.c(163): Registering web_reg_find was successful  	[MsgId: MMSG-26390]
Action.c(166): web_set_max_html_param_len started  	[MsgId: MMSG-26355]
Action.c(166): web_set_max_html_param_len was successful  	[MsgId: MMSG-26392]
Action.c(167): web_reg_save_param started  	[MsgId: MMSG-26355]
Action.c(167): Registering web_reg_save_param was successful  	[MsgId: MMSG-26390]
Action.c(169): web_url("700309255_3") started  	[MsgId: MMSG-26355]
Action.c(169): Registered web_reg_find successful for "Text=UserId" (count=9)  	[MsgId: MMSG-26364]
Action.c(169): web_url("700309255_3") was successful, 512 body bytes, 434 header bytes, 17 chunking overhead bytes  	[MsgId: MMSG-26385]
..\\library\\user_lib.h(178): lr_eval_json succeed
..\\library\\user_lib.h(180): lr_json_find succeed, 8 matches
Action.c(181): Notify: Transaction "Goto_OrderPage" ended with a "Pass" status (Duration: 0,6478 Wasted Time: 0,0152).
Action.c(185): lr_think_time: 5,00 seconds.
Action.c(189): Notify: Transaction "Delete_OrderFromOrdersList" started.
..\\library\\user_lib.h(191): lr_eval_json succeed
..\\library\\user_lib.h(195): lr_json_get_values succeed, 1 match
Action.c(195): web_add_cookie started  	[MsgId: MMSG-26355]
Action.c(195): web_add_cookie was successful  	[MsgId: MMSG-26392]
Action.c(196): web_add_auto_header("Origin") started  	[MsgId: MMSG-26355]
Action.c(196): web_add_auto_header("Origin") was successful  	[MsgId: MMSG-26392]
Action.c(199): web_reg_find started  	[MsgId: MMSG-26355]
Action.c(199): Registering web_reg_find was successful  	[MsgId: MMSG-26390]
Action.c(201): web_custom_request("deleteRandomOrder") started  	[MsgId: MMSG-26355]
Action.c(201): Registered web_reg_find successful for "Text="OrderNumber":4743769931"  	[MsgId: MMSG-26362]
Action.c(201): web_custom_request("deleteRandomOrder") was successful, 401 body bytes, 434 header bytes, 17 chunking overhead bytes  	[MsgId: MMSG-26385]
Action.c(214): Notify: Transaction "Delete_OrderFromOrdersList" ended with a "Pass" status (Duration: 0.6567 Wasted Time: 0.0058).
Action.c(217): lr_think_time: 5.00 seconds.
Action.c(220): Notify: Transaction "Logout" started.
Action.c(222): web_add_cookie started  	[MsgId: MMSG-26355]
Action.c(222): web_add_cookie was successful  	[MsgId: MMSG-26392]
Action.c(223): web_add_header("SOAPAction") started  	[MsgId: MMSG-26355]
Action.c(223): web_add_header("SOAPAction") was successful  	[MsgId: MMSG-26392]
Action.c(224): web_add_header("X-Requested-With") started  	[MsgId: MMSG-26355]
Action.c(224): web_add_header("X-Requested-With") was successful  	[MsgId: MMSG-26392]
Action.c(227): web_reg_find started  	[MsgId: MMSG-26355]
Action.c(227): Registering web_reg_find was successful  	[MsgId: MMSG-26390]
Action.c(229): web_custom_request("AccountLogoutRequest") started  	[MsgId: MMSG-26355]
Action.c(229): Registered web_reg_find successful for "Text=Logout Successful" (count=1)  	[MsgId: MMSG-26364]
Action.c(229): web_custom_request("AccountLogoutRequest") was successful, 402 body bytes, 665 header bytes  	[MsgId: MMSG-26386]
Action.c(242): Notify: Transaction "Logout" ended with a "Pass" status (Duration: 0.8491 Wasted Time: 0.0134).
Action.c(246): Notify: Transaction "UC10_DeleteOrderFromOrdersList" ended with a "Pass" status (Duration: 29.2666 Think Time: 20.0306 Wasted Time: 0.2176).
Ending action Action.
Ending iteration 1.
Ending Vuser...
Starting action vuser_end.
Ending action vuser_end.
Vuser Terminated.
