Virtual User Script started at: 16.03.2024 0:30:24
Starting action vuser_init.
Web Turbo Replay of LoadRunner 12.55.0 for Windows 10; build 911 (èþë 24 2017 19:46:00)  	[MsgId: MMSG-26983]
Run mode: HTML  	[MsgId: MMSG-26993]
Replay user agent: Mozilla/5.0 (Windows NT 10.0; Win64; x64; rv:123.0) Gecko/20100101 Firefox/123.0  	[MsgId: MMSG-26988]
Run-Time Settings file: "C:\Users\user\Documents\VuGen\Scripts\UC5_PaymentForProducts\\default.cfg"  	[MsgId: MMSG-27141]
Ending action vuser_init.
Running Vuser...
Starting iteration 1.
Maximum number of concurrent connections per server: 6  	[MsgId: MMSG-26989]
Starting action Action.
Action.c(16): Notify: Transaction "UC5_PaymentForProducts" started.
Action.c(19): Notify: Transaction "Goto_HomePage" started.
Action.c(21): web_set_sockets_option started  	[MsgId: MMSG-26355]
Action.c(21): web_set_sockets_option was successful  	[MsgId: MMSG-26392]
Action.c(22): web_set_user started  	[MsgId: MMSG-26355]
Action.c(22): web_set_user was successful  	[MsgId: MMSG-26392]
Action.c(23): web_add_cookie started  	[MsgId: MMSG-26355]
Action.c(23): web_add_cookie was successful  	[MsgId: MMSG-26392]
Action.c(25): web_reg_find started  	[MsgId: MMSG-26355]
Action.c(25): Registering web_reg_find was successful  	[MsgId: MMSG-26390]
Action.c(26): web_reg_find started  	[MsgId: MMSG-26355]
Action.c(26): Registering web_reg_find was successful  	[MsgId: MMSG-26390]
Action.c(29): web_reg_save_param_ex started  	[MsgId: MMSG-26355]
Action.c(29): Registering web_reg_save_param_ex was successful  	[MsgId: MMSG-26390]
Action.c(31): web_url("ALL") started  	[MsgId: MMSG-26355]
Action.c(31): Registered web_reg_find successful for "Text="parameters"" (count=1)  	[MsgId: MMSG-26364]
Action.c(31): Registered web_reg_find successful for "Text="parameterName"" (count=51)  	[MsgId: MMSG-26364]
Action.c(31): web_url("ALL") was successful, 6541 body bytes, 430 header bytes, 18 chunking overhead bytes  	[MsgId: MMSG-26385]
Action.c(40): web_add_cookie started  	[MsgId: MMSG-26355]
Action.c(40): web_add_cookie was successful  	[MsgId: MMSG-26392]
Action.c(41): web_add_header("Origin") started  	[MsgId: MMSG-26355]
Action.c(41): web_add_header("Origin") was successful  	[MsgId: MMSG-26392]
Action.c(42): web_add_header("SOAPAction") started  	[MsgId: MMSG-26355]
Action.c(42): web_add_header("SOAPAction") was successful  	[MsgId: MMSG-26392]
Action.c(43): web_add_header("X-Requested-With") started  	[MsgId: MMSG-26355]
Action.c(43): web_add_header("X-Requested-With") was successful  	[MsgId: MMSG-26392]
Action.c(45): web_reg_find started  	[MsgId: MMSG-26355]
Action.c(45): Registering web_reg_find was successful  	[MsgId: MMSG-26390]
Action.c(47): web_custom_request("GetAccountConfigurationRequest") started  	[MsgId: MMSG-26355]
Action.c(47): Registered web_reg_find successful for "Text=numberOfFailedLoginAttemptsBeforeBlocking" (count=2)  	[MsgId: MMSG-26364]
Action.c(47): web_custom_request("GetAccountConfigurationRequest") was successful, 823 body bytes, 665 header bytes  	[MsgId: MMSG-26386]
Action.c(59): web_add_cookie started  	[MsgId: MMSG-26355]
Action.c(59): web_add_cookie was successful  	[MsgId: MMSG-26392]
Action.c(62): web_reg_find started  	[MsgId: MMSG-26355]
Action.c(62): Registering web_reg_find was successful  	[MsgId: MMSG-26390]
Action.c(63): web_reg_find started  	[MsgId: MMSG-26355]
Action.c(63): Registering web_reg_find was successful  	[MsgId: MMSG-26390]
Action.c(64): web_reg_find started  	[MsgId: MMSG-26355]
Action.c(64): Registering web_reg_find was successful  	[MsgId: MMSG-26390]
Action.c(65): web_reg_find started  	[MsgId: MMSG-26355]
Action.c(65): Registering web_reg_find was successful  	[MsgId: MMSG-26390]
Action.c(66): web_reg_find started  	[MsgId: MMSG-26355]
Action.c(66): Registering web_reg_find was successful  	[MsgId: MMSG-26390]
Action.c(68): web_url("categories") started  	[MsgId: MMSG-26355]
Action.c(68): Registered web_reg_find successful for "Text="categoryName":"LAPTOPS"" (count=1)  	[MsgId: MMSG-26364]
Action.c(68): Registered web_reg_find successful for "Text="categoryName":"HEADPHONES"" (count=1)  	[MsgId: MMSG-26364]
Action.c(68): Registered web_reg_find successful for "Text="categoryName":"TABLETS"" (count=1)  	[MsgId: MMSG-26364]
Action.c(68): Registered web_reg_find successful for "Text="categoryName":"SPEAKERS"" (count=1)  	[MsgId: MMSG-26364]
Action.c(68): Registered web_reg_find successful for "Text="categoryName":"MICE"" (count=1)  	[MsgId: MMSG-26364]
Action.c(68): web_url("categories") was successful, 4478 body bytes, 434 header bytes, 18 chunking overhead bytes  	[MsgId: MMSG-26385]
Action.c(78): web_reg_find started  	[MsgId: MMSG-26355]
Action.c(78): Registering web_reg_find was successful  	[MsgId: MMSG-26390]
Action.c(79): web_reg_find started  	[MsgId: MMSG-26355]
Action.c(79): Registering web_reg_find was successful  	[MsgId: MMSG-26390]
Action.c(81): web_url("dealOfTheDay") started  	[MsgId: MMSG-26355]
Action.c(81): Registered web_reg_find successful for "Text="promotionHeader"" (count=1)  	[MsgId: MMSG-26364]
Action.c(81): Registered web_reg_find successful for "Text="promotionSubHeader"" (count=1)  	[MsgId: MMSG-26364]
Action.c(81): web_url("dealOfTheDay") was successful, 351 body bytes, 434 header bytes, 17 chunking overhead bytes  	[MsgId: MMSG-26385]
Action.c(91): web_reg_find started  	[MsgId: MMSG-26355]
Action.c(91): Registering web_reg_find was successful  	[MsgId: MMSG-26390]
Action.c(92): web_reg_find started  	[MsgId: MMSG-26355]
Action.c(92): Registering web_reg_find was successful  	[MsgId: MMSG-26390]
Action.c(94): web_url("popularProducts") started  	[MsgId: MMSG-26355]
Action.c(94): Registered web_reg_find successful for "Text="productName"" (count=3)  	[MsgId: MMSG-26364]
Action.c(94): Registered web_reg_find successful for "Text="description"" (count=3)  	[MsgId: MMSG-26364]
Action.c(94): web_url("popularProducts") was successful, 500 body bytes, 472 header bytes, 12 chunking overhead bytes  	[MsgId: MMSG-26385]
Action.c(104): Notify: Transaction "Goto_HomePage" ended with a "Pass" status (Duration: 2.0758 Wasted Time: 0.1710).
Action.c(107): lr_think_time: 2.00 seconds.
Action.c(110): Notify: Transaction "Entry_AuthenticateData" started.
Action.c(112): web_add_header("Origin") started  	[MsgId: MMSG-26355]
Action.c(112): web_add_header("Origin") was successful  	[MsgId: MMSG-26392]
Action.c(113): web_add_header("SOAPAction") started  	[MsgId: MMSG-26355]
Action.c(113): web_add_header("SOAPAction") was successful  	[MsgId: MMSG-26392]
Action.c(114): web_add_header("X-Requested-With") started  	[MsgId: MMSG-26355]
Action.c(114): web_add_header("X-Requested-With") was successful  	[MsgId: MMSG-26392]
Action.c(117): web_reg_save_param_xpath started  	[MsgId: MMSG-26355]
Action.c(117): Registering web_reg_save_param_xpath was successful  	[MsgId: MMSG-26390]
Action.c(119): web_reg_save_param_xpath started  	[MsgId: MMSG-26355]
Action.c(119): Registering web_reg_save_param_xpath was successful  	[MsgId: MMSG-26390]
Action.c(121): web_reg_save_param_xpath started  	[MsgId: MMSG-26355]
Action.c(121): Registering web_reg_save_param_xpath was successful  	[MsgId: MMSG-26390]
Action.c(124): web_reg_find started  	[MsgId: MMSG-26355]
Action.c(124): Registering web_reg_find was successful  	[MsgId: MMSG-26390]
Action.c(126): web_custom_request("AccountLoginRequest") started  	[MsgId: MMSG-26355]
Action.c(126): Registered web_reg_find successful for "Text=Login Successful" (count=1)  	[MsgId: MMSG-26364]
Action.c(126): web_custom_request("AccountLoginRequest") was successful, 799 body bytes, 665 header bytes  	[MsgId: MMSG-26386]
Action.c(138): web_set_sockets_option started  	[MsgId: MMSG-26355]
Action.c(138): web_set_sockets_option was successful  	[MsgId: MMSG-26392]
Action.c(139): web_add_cookie started  	[MsgId: MMSG-26355]
Action.c(139): web_add_cookie was successful  	[MsgId: MMSG-26392]
Action.c(142): web_reg_find started  	[MsgId: MMSG-26355]
Action.c(142): Registering web_reg_find was successful  	[MsgId: MMSG-26390]
Action.c(145): web_reg_save_param_json started  	[MsgId: MMSG-26355]
Action.c(145): Registering web_reg_save_param_json was successful  	[MsgId: MMSG-26390]
Action.c(147): web_url("getCarts") started  	[MsgId: MMSG-26355]
Action.c(147): Registered web_reg_find successful for "Text="userId":431262710" (count=1)  	[MsgId: MMSG-26364]
Action.c(147): web_url("getCarts") was successful, 111 body bytes, 514 header bytes, 16 chunking overhead bytes  	[MsgId: MMSG-26385]
Action.c(156): Notify: Transaction "Entry_AuthenticateData" ended with a "Pass" status (Duration: 1,0668 Wasted Time: 0,0256).
Action.c(159): lr_think_time: 2,00 seconds.
Action.c(163): Notify: Transaction "Goto_ShopCartPage" started.
Action.c(166): web_reg_find started  	[MsgId: MMSG-26355]
Action.c(166): Registering web_reg_find was successful  	[MsgId: MMSG-26390]
Action.c(168): web_set_max_html_param_len started  	[MsgId: MMSG-26355]
Action.c(168): web_set_max_html_param_len was successful  	[MsgId: MMSG-26392]
Action.c(169): web_reg_save_param started  	[MsgId: MMSG-26355]
Action.c(169): Registering web_reg_save_param was successful  	[MsgId: MMSG-26390]
Action.c(171): web_url("cartsPage") started  	[MsgId: MMSG-26355]
Action.c(171): Registered web_reg_find successful for "Text="userId":431262710" (count=1)  	[MsgId: MMSG-26364]
Action.c(171): web_url("cartsPage") was successful, 111 body bytes, 434 header bytes, 16 chunking overhead bytes  	[MsgId: MMSG-26385]
..\\library\\user_lib.h(158): lr_eval_json succeed
..\\library\\user_lib.h(160): Warning: lr_json_find failed, no match
Action.c(198): Notify: Transaction "Goto_ShopCartPage" ended with a "Pass" status (Duration: 0,7063 Wasted Time: 0,0063).
Action.c(202): lr_think_time: 2,00 seconds.
Action.c(206): Notify: Transaction "Goto_ShippingAndPaymentDetailsPage" started.
Action.c(350): Notify: Transaction "Goto_ShippingAndPaymentDetailsPage" ended with a "Pass" status (Duration: 0,3126).
Action.c(355): lr_think_time: 2,00 seconds.
Action.c(365): Notify: Transaction "Entry_PaymentData" started.
Action.c(418): Notify: Transaction "Entry_PaymentData" ended with a "Pass" status (Duration: 0,2808).
Action.c(475): lr_think_time: 2,00 seconds.
Action.c(480): Notify: Transaction "Logout" started.
Action.c(482): web_add_cookie started  	[MsgId: MMSG-26355]
Action.c(482): web_add_cookie was successful  	[MsgId: MMSG-26392]
Action.c(483): web_add_header("SOAPAction") started  	[MsgId: MMSG-26355]
Action.c(483): web_add_header("SOAPAction") was successful  	[MsgId: MMSG-26392]
Action.c(484): web_add_header("X-Requested-With") started  	[MsgId: MMSG-26355]
Action.c(484): web_add_header("X-Requested-With") was successful  	[MsgId: MMSG-26392]
Action.c(487): web_reg_find started  	[MsgId: MMSG-26355]
Action.c(487): Registering web_reg_find was successful  	[MsgId: MMSG-26390]
Action.c(489): web_custom_request("AccountLogoutRequest") started  	[MsgId: MMSG-26355]
Action.c(489): Registered web_reg_find successful for "Text=Logout Successful" (count=1)  	[MsgId: MMSG-26364]
Action.c(489): web_custom_request("AccountLogoutRequest") was successful, 402 body bytes, 665 header bytes  	[MsgId: MMSG-26386]
Action.c(501): Notify: Transaction "Logout" ended with a "Pass" status (Duration: 0.6758 Wasted Time: 0.0056).
Action.c(509): Notify: Transaction "UC5_PaymentForProducts" ended with a "Pass" status (Duration: 18.9183 Think Time: 10.0244 Wasted Time: 0.2084).
Ending action Action.
Ending iteration 1.
Ending Vuser...
Starting action vuser_end.
Ending action vuser_end.
Vuser Terminated.
