c:\users\user\documents\vugen\scripts\uc2_registrationnewuser\\pre_cci.c: Action.c:114: warning: unrecognized character escape sequence `\<'
c:\users\user\documents\vugen\scripts\uc2_registrationnewuser\\pre_cci.c: Action.c:114: warning: unrecognized character escape sequence `\='
c:\users\user\documents\vugen\scripts\uc2_registrationnewuser\\pre_cci.c: Action.c:114: warning: unrecognized character escape sequence `\>'
c:\users\user\documents\vugen\scripts\uc2_registrationnewuser\\pre_cci.c: Action.c:114: warning: unrecognized character escape sequence `\<'
c:\users\user\documents\vugen\scripts\uc2_registrationnewuser\\pre_cci.c: Action.c:114: warning: unrecognized character escape sequence `\/'
c:\users\user\documents\vugen\scripts\uc2_registrationnewuser\\pre_cci.c: Action.c:114: warning: unrecognized character escape sequence `\>'
c:\users\user\documents\vugen\scripts\uc2_registrationnewuser\\pre_cci.c: Action.c:115: warning: unrecognized character escape sequence `\<'
c:\users\user\documents\vugen\scripts\uc2_registrationnewuser\\pre_cci.c: Action.c:115: warning: unrecognized character escape sequence `\='
c:\users\user\documents\vugen\scripts\uc2_registrationnewuser\\pre_cci.c: Action.c:115: warning: unrecognized character escape sequence `\>'
c:\users\user\documents\vugen\scripts\uc2_registrationnewuser\\pre_cci.c: Action.c:115: warning: unrecognized character escape sequence `\<'
c:\users\user\documents\vugen\scripts\uc2_registrationnewuser\\pre_cci.c: Action.c:115: warning: unrecognized character escape sequence `\/'
c:\users\user\documents\vugen\scripts\uc2_registrationnewuser\\pre_cci.c: Action.c:115: warning: unrecognized character escape sequence `\>'
c:\users\user\documents\vugen\scripts\uc2_registrationnewuser\\pre_cci.c: Action.c:130: warning: unrecognized character escape sequence `\<'
c:\users\user\documents\vugen\scripts\uc2_registrationnewuser\\pre_cci.c: Action.c:130: warning: unrecognized character escape sequence `\>'
c:\users\user\documents\vugen\scripts\uc2_registrationnewuser\\pre_cci.c: Action.c:130: warning: unrecognized character escape sequence `\<'
c:\users\user\documents\vugen\scripts\uc2_registrationnewuser\\pre_cci.c: Action.c:130: warning: unrecognized character escape sequence `\/'
c:\users\user\documents\vugen\scripts\uc2_registrationnewuser\\pre_cci.c: Action.c:130: warning: unrecognized character escape sequence `\>'
c:\users\user\documents\vugen\scripts\uc2_registrationnewuser\\pre_cci.c: Action.c:131: warning: unrecognized character escape sequence `\<'
c:\users\user\documents\vugen\scripts\uc2_registrationnewuser\\pre_cci.c: Action.c:131: warning: unrecognized character escape sequence `\>'
c:\users\user\documents\vugen\scripts\uc2_registrationnewuser\\pre_cci.c: Action.c:131: warning: unrecognized character escape sequence `\<'
c:\users\user\documents\vugen\scripts\uc2_registrationnewuser\\pre_cci.c: Action.c:131: warning: unrecognized character escape sequence `\/'
c:\users\user\documents\vugen\scripts\uc2_registrationnewuser\\pre_cci.c: Action.c:131: warning: unrecognized character escape sequence `\>'
c:\users\user\documents\vugen\scripts\uc2_registrationnewuser\\pre_cci.c: Action.c:258: warning: declaration of `getFirstAndLastNameUser' does not match previous declaration at Action.c:3
c:\users\user\documents\vugen\scripts\uc2_registrationnewuser\\pre_cci.c: Action.c:285: warning: declaration of `getEmailUser' does not match previous declaration at Action.c:4
c:\users\user\documents\vugen\scripts\uc2_registrationnewuser\\pre_cci.c: Action.c:291: warning: declaration of `getAdressUser' does not match previous declaration at Action.c:5
c:\users\user\documents\vugen\scripts\uc2_registrationnewuser\\pre_cci.c: Action.c:298: warning: declaration of `getUsername' does not match previous declaration at Action.c:6
c:\users\user\documents\vugen\scripts\uc2_registrationnewuser\\pre_cci.c: Action.c:305: warning: declaration of `getStateProvinceRegion' does not match previous declaration at Action.c:7
c:\users\user\documents\vugen\scripts\uc2_registrationnewuser\\pre_cci.c: Action.c:311: warning: declaration of `getPromotions' does not match previous declaration at Action.c:8
c:\users\user\documents\vugen\scripts\uc2_registrationnewuser\\pre_cci.c: Action.c:327: warning: declaration of `writeIntoFile' does not match previous declaration at Action.c:252
