Virtual User Script started at: 15.03.2024 18:21:54
Starting action vuser_init.
Web Turbo Replay of LoadRunner 12.55.0 for Windows 10; build 911 (èþë 24 2017 19:46:00)  	[MsgId: MMSG-26983]
Run mode: HTML  	[MsgId: MMSG-26993]
Replay user agent: Mozilla/5.0 (compatible; MSIE 10.0; Windows NT 6.1; Trident/6.0)  	[MsgId: MMSG-26988]
Run-Time Settings file: "C:\Users\user\Documents\VuGen\Scripts\UC13_Play_Video\\default.cfg"  	[MsgId: MMSG-27141]
Ending action vuser_init.
Running Vuser...
Starting iteration 1.
Maximum number of concurrent connections per server: 6  	[MsgId: MMSG-26989]
Starting action Action.
Action.c(6): Notify: Transaction "UC13_Play_Video" started.
Action.c(11): Notify: Transaction "Goto_HomePage" started.
Action.c(13): web_set_sockets_option started  	[MsgId: MMSG-26355]
Action.c(13): web_set_sockets_option was successful  	[MsgId: MMSG-26392]
Action.c(15): web_add_cookie started  	[MsgId: MMSG-26355]
Action.c(15): web_add_cookie was successful  	[MsgId: MMSG-26392]
Action.c(16): web_add_cookie started  	[MsgId: MMSG-26355]
Action.c(16): web_add_cookie was successful  	[MsgId: MMSG-26392]
Action.c(17): web_add_cookie started  	[MsgId: MMSG-26355]
Action.c(17): web_add_cookie was successful  	[MsgId: MMSG-26392]
Action.c(18): web_add_cookie started  	[MsgId: MMSG-26355]
Action.c(18): web_add_cookie was successful  	[MsgId: MMSG-26392]
Action.c(19): web_add_cookie started  	[MsgId: MMSG-26355]
Action.c(19): web_add_cookie was successful  	[MsgId: MMSG-26392]
Action.c(20): web_add_cookie started  	[MsgId: MMSG-26355]
Action.c(20): web_add_cookie was successful  	[MsgId: MMSG-26392]
Action.c(21): web_add_cookie started  	[MsgId: MMSG-26355]
Action.c(21): web_add_cookie was successful  	[MsgId: MMSG-26392]
Action.c(22): web_add_header("Upgrade-Insecure-Requests") started  	[MsgId: MMSG-26355]
Action.c(22): web_add_header("Upgrade-Insecure-Requests") was successful  	[MsgId: MMSG-26392]
Action.c(24): web_reg_find started  	[MsgId: MMSG-26355]
Action.c(24): Registering web_reg_find was successful  	[MsgId: MMSG-26390]
Action.c(25): web_reg_find started  	[MsgId: MMSG-26355]
Action.c(25): Registering web_reg_find was successful  	[MsgId: MMSG-26390]
Action.c(27): web_url("ALL") started  	[MsgId: MMSG-26355]
Action.c(27): Downloading resource "http://54.157.232.206/css/fonts/roboto_medium_macroman/Roboto-Medium-webfont.woff" (specified by argument number 10)  	[MsgId: MMSG-26577]
Action.c(27): Registered web_reg_find successful for "Text="parameters"" (count=1)  	[MsgId: MMSG-26364]
Action.c(27): Registered web_reg_find successful for "Text="parameterName"" (count=51)  	[MsgId: MMSG-26364]
Action.c(27): web_url("ALL") was successful, 31589 body bytes, 848 header bytes, 18 chunking overhead bytes  	[MsgId: MMSG-26385]
Action.c(39): web_add_cookie started  	[MsgId: MMSG-26355]
Action.c(39): web_add_cookie was successful  	[MsgId: MMSG-26392]
Action.c(40): web_add_cookie started  	[MsgId: MMSG-26355]
Action.c(40): web_add_cookie was successful  	[MsgId: MMSG-26392]
Action.c(41): web_add_header("Origin") started  	[MsgId: MMSG-26355]
Action.c(41): web_add_header("Origin") was successful  	[MsgId: MMSG-26392]
Action.c(42): web_add_header("SOAPAction") started  	[MsgId: MMSG-26355]
Action.c(42): web_add_header("SOAPAction") was successful  	[MsgId: MMSG-26392]
Action.c(43): web_add_header("X-Requested-With") started  	[MsgId: MMSG-26355]
Action.c(43): web_add_header("X-Requested-With") was successful  	[MsgId: MMSG-26392]
Action.c(45): web_reg_find started  	[MsgId: MMSG-26355]
Action.c(45): Registering web_reg_find was successful  	[MsgId: MMSG-26390]
Action.c(47): web_custom_request("GetAccountConfigurationRequest") started  	[MsgId: MMSG-26355]
Action.c(47): Registered web_reg_find successful for "Text=numberOfFailedLoginAttemptsBeforeBlocking" (count=2)  	[MsgId: MMSG-26364]
Action.c(47): web_custom_request("GetAccountConfigurationRequest") was successful, 823 body bytes, 665 header bytes  	[MsgId: MMSG-26386]
Action.c(60): web_add_cookie started  	[MsgId: MMSG-26355]
Action.c(60): web_add_cookie was successful  	[MsgId: MMSG-26392]
Action.c(64): web_reg_find started  	[MsgId: MMSG-26355]
Action.c(64): Registering web_reg_find was successful  	[MsgId: MMSG-26390]
Action.c(65): web_reg_find started  	[MsgId: MMSG-26355]
Action.c(65): Registering web_reg_find was successful  	[MsgId: MMSG-26390]
Action.c(66): web_reg_find started  	[MsgId: MMSG-26355]
Action.c(66): Registering web_reg_find was successful  	[MsgId: MMSG-26390]
Action.c(67): web_reg_find started  	[MsgId: MMSG-26355]
Action.c(67): Registering web_reg_find was successful  	[MsgId: MMSG-26390]
Action.c(68): web_reg_find started  	[MsgId: MMSG-26355]
Action.c(68): Registering web_reg_find was successful  	[MsgId: MMSG-26390]
Action.c(70): web_url("categories") started  	[MsgId: MMSG-26355]
Action.c(70): Registered web_reg_find successful for "Text="categoryName":"LAPTOPS"" (count=1)  	[MsgId: MMSG-26364]
Action.c(70): Registered web_reg_find successful for "Text="categoryName":"HEADPHONES"" (count=1)  	[MsgId: MMSG-26364]
Action.c(70): Registered web_reg_find successful for "Text="categoryName":"TABLETS"" (count=1)  	[MsgId: MMSG-26364]
Action.c(70): Registered web_reg_find successful for "Text="categoryName":"SPEAKERS"" (count=1)  	[MsgId: MMSG-26364]
Action.c(70): Registered web_reg_find successful for "Text="categoryName":"MICE"" (count=1)  	[MsgId: MMSG-26364]
Action.c(70): web_url("categories") was successful, 4487 body bytes, 434 header bytes, 18 chunking overhead bytes  	[MsgId: MMSG-26385]
Action.c(81): web_reg_find started  	[MsgId: MMSG-26355]
Action.c(81): Registering web_reg_find was successful  	[MsgId: MMSG-26390]
Action.c(82): web_reg_find started  	[MsgId: MMSG-26355]
Action.c(82): Registering web_reg_find was successful  	[MsgId: MMSG-26390]
Action.c(84): web_url("dealOfTheDay") started  	[MsgId: MMSG-26355]
Action.c(84): Registered web_reg_find successful for "Text="promotionHeader"" (count=1)  	[MsgId: MMSG-26364]
Action.c(84): Registered web_reg_find successful for "Text="promotionSubHeader"" (count=1)  	[MsgId: MMSG-26364]
Action.c(84): web_url("dealOfTheDay") was successful, 351 body bytes, 434 header bytes, 17 chunking overhead bytes  	[MsgId: MMSG-26385]
Action.c(94): Notify: Transaction "Goto_HomePage" ended with a "Pass" status (Duration: 2.3341 Wasted Time: 0.1682).
Action.c(98): lr_think_time: 2.00 seconds.
Action.c(102): Notify: Transaction "Goto_CategoryPage" started.
Action.c(105): web_reg_find started  	[MsgId: MMSG-26355]
Action.c(105): Registering web_reg_find was successful  	[MsgId: MMSG-26390]
Action.c(107): web_url("products") started  	[MsgId: MMSG-26355]
Action.c(107): Registered web_reg_find successful for "Text="categoryName":"HEADPHONES"" (count=1)  	[MsgId: MMSG-26364]
Action.c(107): web_url("products") was successful, 1373 body bytes, 434 header bytes, 17 chunking overhead bytes  	[MsgId: MMSG-26385]
Action.c(118): web_reg_find started  	[MsgId: MMSG-26355]
Action.c(118): Registering web_reg_find was successful  	[MsgId: MMSG-26390]
Action.c(119): web_reg_find started  	[MsgId: MMSG-26355]
Action.c(119): Registering web_reg_find was successful  	[MsgId: MMSG-26390]
Action.c(120): web_reg_find started  	[MsgId: MMSG-26355]
Action.c(120): Registering web_reg_find was successful  	[MsgId: MMSG-26390]
Action.c(121): web_reg_find started  	[MsgId: MMSG-26355]
Action.c(121): Registering web_reg_find was successful  	[MsgId: MMSG-26390]
Action.c(122): web_reg_find started  	[MsgId: MMSG-26355]
Action.c(122): Registering web_reg_find was successful  	[MsgId: MMSG-26390]
Action.c(124): web_url("attributes") started  	[MsgId: MMSG-26355]
Action.c(124): Registered web_reg_find successful for "Text="categoryName":"LAPTOPS"" (count=17)  	[MsgId: MMSG-26364]
Action.c(124): Registered web_reg_find successful for "Text="categoryName":"HEADPHONES"" (count=3)  	[MsgId: MMSG-26364]
Action.c(124): Registered web_reg_find successful for "Text="categoryName":"TABLETS"" (count=10)  	[MsgId: MMSG-26364]
Action.c(124): Registered web_reg_find successful for "Text="categoryName":"SPEAKERS"" (count=13)  	[MsgId: MMSG-26364]
Action.c(124): Registered web_reg_find successful for "Text="categoryName":"MICE"" (count=14)  	[MsgId: MMSG-26364]
Action.c(124): web_url("attributes") was successful, 552 body bytes, 434 header bytes, 17 chunking overhead bytes  	[MsgId: MMSG-26385]
Action.c(134): Notify: Transaction "Goto_CategoryPage" ended with a "Pass" status (Duration: 0.9905 Wasted Time: 0.0187).
Action.c(139): lr_think_time: 2.00 seconds.
Action.c(144): Notify: Transaction "Goto_ProductPage" started.
Action.c(146): web_add_cookie started  	[MsgId: MMSG-26355]
Action.c(146): web_add_cookie was successful  	[MsgId: MMSG-26392]
Action.c(148): web_reg_find started  	[MsgId: MMSG-26355]
Action.c(148): Registering web_reg_find was successful  	[MsgId: MMSG-26390]
Action.c(149): web_reg_find started  	[MsgId: MMSG-26355]
Action.c(149): Registering web_reg_find was successful  	[MsgId: MMSG-26390]
Action.c(151): web_url("getProductOnId") started  	[MsgId: MMSG-26355]
Action.c(151): Registered web_reg_find successful for "Text="productId":15" (count=1)  	[MsgId: MMSG-26364]
Action.c(151): Registered web_reg_find successful for "Text="categoryId":2" (count=1)  	[MsgId: MMSG-26364]
Action.c(151): web_url("getProductOnId") was successful, 570 body bytes, 434 header bytes, 17 chunking overhead bytes  	[MsgId: MMSG-26385]
Action.c(162): web_reg_find started  	[MsgId: MMSG-26355]
Action.c(162): Registering web_reg_find was successful  	[MsgId: MMSG-26390]
Action.c(163): web_reg_find started  	[MsgId: MMSG-26355]
Action.c(163): Registering web_reg_find was successful  	[MsgId: MMSG-26390]
Action.c(164): web_reg_find started  	[MsgId: MMSG-26355]
Action.c(164): Registering web_reg_find was successful  	[MsgId: MMSG-26390]
Action.c(165): web_reg_find started  	[MsgId: MMSG-26355]
Action.c(165): Registering web_reg_find was successful  	[MsgId: MMSG-26390]
Action.c(166): web_reg_find started  	[MsgId: MMSG-26355]
Action.c(166): Registering web_reg_find was successful  	[MsgId: MMSG-26390]
Action.c(168): web_url("all_data") started  	[MsgId: MMSG-26355]
Action.c(168): Registered web_reg_find successful for "Text="categoryName":"LAPTOPS"" (count=1)  	[MsgId: MMSG-26364]
Action.c(168): Registered web_reg_find successful for "Text="categoryName":"HEADPHONES"" (count=1)  	[MsgId: MMSG-26364]
Action.c(168): Registered web_reg_find successful for "Text="categoryName":"TABLETS"" (count=1)  	[MsgId: MMSG-26364]
Action.c(168): Registered web_reg_find successful for "Text="categoryName":"SPEAKERS"" (count=1)  	[MsgId: MMSG-26364]
Action.c(168): Registered web_reg_find successful for "Text="categoryName":"MICE"" (count=1)  	[MsgId: MMSG-26364]
Action.c(168): web_url("all_data") was successful, 8512 body bytes, 434 header bytes, 25 chunking overhead bytes  	[MsgId: MMSG-26385]
Action.c(178): web_reg_find started  	[MsgId: MMSG-26355]
Action.c(178): Registering web_reg_find was successful  	[MsgId: MMSG-26390]
Action.c(180): web_url("products") started  	[MsgId: MMSG-26355]
Action.c(180): Registered web_reg_find successful for "Text="categoryName":"HEADPHONES"" (count=1)  	[MsgId: MMSG-26364]
Action.c(180): web_url("products") was successful, 1371 body bytes, 434 header bytes, 17 chunking overhead bytes  	[MsgId: MMSG-26385]
Action.c(190): Notify: Transaction "Goto_ProductPage" ended with a "Pass" status (Duration: 1.5085 Wasted Time: 0.0283).
Action.c(194): lr_think_time: 2.00 seconds.
Action.c(199): Notify: Transaction "Play_Video" started.
Action.c(201): web_stream_open started  	[MsgId: MMSG-26355]
Action.c(201): Stream "http://54.157.232.206/css/videos/13543361_299823923688824_1410005144_n.mp4"  	[MsgId: MMSG-35157]
Action.c(201): web_stream_open was successful  	[MsgId: MMSG-26392]
Action.c(203): web_stream_play started  	[MsgId: MMSG-26355]
Action.c(203): Notify: Stream id=1, play time: 00:00:01, buffering time: 00:00:00
Action.c(203): Notify: Stream id=1, play time: 00:00:02, buffering time: 00:00:00
Action.c(203): Notify: Stream id=1, play time: 00:00:03, buffering time: 00:00:00
Action.c(203): Notify: Stream id=1, play time: 00:00:04, buffering time: 00:00:00
Action.c(203): Notify: Stream id=1, play time: 00:00:05, buffering time: 00:00:00
Action.c(203): Notify: Stream id=1, play time: 00:00:06, buffering time: 00:00:00
Action.c(203): Notify: Stream id=1, play time: 00:00:07, buffering time: 00:00:00
Action.c(203): Notify: Stream id=1, play time: 00:00:08, buffering time: 00:00:00
Action.c(203): Notify: Stream id=1, play time: 00:00:09, buffering time: 00:00:00
Action.c(203): Notify: Stream id=1, play time: 00:00:10, buffering time: 00:00:00
Action.c(203): Notify: Stream id=1, play time: 00:00:11, buffering time: 00:00:00
Action.c(203): Notify: Stream id=1, play time: 00:00:12, buffering time: 00:00:00
Action.c(203): Notify: Stream id=1, play time: 00:00:13, buffering time: 00:00:00
Action.c(203): Notify: Stream id=1, play time: 00:00:14, buffering time: 00:00:00
Action.c(203): Notify: Stream id=1, play time: 00:00:15, buffering time: 00:00:00
Action.c(203): web_stream_play was successful  	[MsgId: MMSG-26392]
Action.c(205): Notify: Stream id=1, play time: 00:00:16, buffering time: 00:00:00
Action.c(205): web_stream_pause started  	[MsgId: MMSG-26355]
Action.c(205): web_stream_pause was successful  	[MsgId: MMSG-26392]
Action.c(207): web_stream_stop started  	[MsgId: MMSG-26355]
Action.c(207): web_stream_stop was successful  	[MsgId: MMSG-26392]
Action.c(209): web_stream_close started  	[MsgId: MMSG-26355]
Action.c(209): web_stream_close was successful  	[MsgId: MMSG-26392]
Action.c(211): Notify: Transaction "Play_Video" ended with a "Pass" status (Duration: 23,8063 Wasted Time: 0,0088).
Action.c(216): Notify: Transaction "UC13_Play_Video" ended with a "Pass" status (Duration: 38,2199 Think Time: 6,0222 Wasted Time: 0,2240).
Ending action Action.
Ending iteration 1.
Ending Vuser...
Starting action vuser_end.
Ending action vuser_end.
Vuser Terminated.
