..\\library\\user_lib.h(52): Notify: Saving Parameter "login = Anastasia99477".	[MsgId: MMSG-13798]
..\\library\\user_lib.h(53): Notify: Saving Parameter "email = AnastasiaOrlova@icloud.com".	[MsgId: MMSG-13798]
..\\library\\user_lib.h(54): Notify: Saving Parameter "password = 1234oO".	[MsgId: MMSG-13798]
..\\library\\user_lib.h(55): Notify: Saving Parameter "firstName = Anastasia".	[MsgId: MMSG-13798]
..\\library\\user_lib.h(56): Notify: Saving Parameter "lastName = Orlova".	[MsgId: MMSG-13798]
..\\library\\user_lib.h(57): Notify: Saving Parameter "phoneNumber = 88937799900".	[MsgId: MMSG-13798]
..\\library\\user_lib.h(58): Notify: Saving Parameter "city = Bratsk".	[MsgId: MMSG-13798]
..\\library\\user_lib.h(59): Notify: Saving Parameter "adress = Nenets_Autonomous_Okrug,Lenina,9".	[MsgId: MMSG-13798]
..\\library\\user_lib.h(60): Notify: Saving Parameter "stateProvinceRegion = 41/46/22".	[MsgId: MMSG-13798]
..\\library\\user_lib.h(61): Notify: Saving Parameter "postalCode = 200748148".	[MsgId: MMSG-13798]
..\\library\\user_lib.h(62): Notify: Saving Parameter "userId = 322391106".	[MsgId: MMSG-13798]
..\\library\\user_lib.h(63): Notify: Saving Parameter "plBase64 = QW5hc3Rhc2lhOTk0Nzc6MTIzNG9P".	[MsgId: MMSG-13798]
..\\library\\user_lib.h(64): Notify: Saving Parameter "authToken = eyJ0eXAiOiJKV1QiLCJhbGciOiJIUzI1NiJ9.eyJpc3MiOiJ3d3cuYWR2YW50YWdlb25saW5lc2hvcHBpbmcuY29tIiwidXNlcklkIjozMjIzOTExMDYsInN1YiI6IkFuYXN0YXNpYTk5NDc3Iiwicm9sZSI6IlVTRVIifQ.elEf0DMEze9hPoo1ZqSSe9j-n_wm0RFSlWE-DCo0crI".	[MsgId: MMSG-13798]
..\\library\\user_lib.h(65): Notify: Saving Parameter "quantityInCart = 3".	[MsgId: MMSG-13798]
..\\library\\user_lib.h(66): Notify: Saving Parameter "countOrder = 9".	[MsgId: MMSG-13798]
..\\library\\user_lib.h(67): Notify: Saving Parameter "inUse = 1".	[MsgId: MMSG-13798]
..\\library\\user_lib.h(68): Notify: Saving Parameter "shortCountry = bm".	[MsgId: MMSG-13798]
..\\library\\user_lib.h(69): Notify: Saving Parameter "country = Bermuda".	[MsgId: MMSG-13798]
Action.c(12): Notify: Parameter Substitution: parameter "quantityInCart" =  "3"	[MsgId: MMSG-13992]
Action.c(13): Notify: Parameter Substitution: parameter "inUse" =  "1"	[MsgId: MMSG-13992]
Action.c(10): Notify: Next row for parameter RandomLogin = 17 [table  = RandomLogin].	[MsgId: MMSG-13876]
Action.c(10): Notify: Getting new value for parameter 'RandomLogin': table = '..\Outputfile\userdata.dat' column = '0' row = '17'.	[MsgId: MMSG-13877]
Action.c(10): Notify: Parameter Substitution: parameter "RandomLogin" =  "Milan70083"	[MsgId: MMSG-13992]
..\\library\\user_lib.h(337): Notify: Saving Parameter "RandomRowFromFile = Milan70083	MilanEgorova@nate.com	1234oO	Milan	Egorova	82973976800	Ekaterinburg	Sakhalin_region,Lugovaya,73	51/63/86	274925799	569441985	TWlsYW43MDA4MzoxMjM0b08=	eyJ0eXAiOiJKV1QiLCJhbGciOiJIUzI1NiJ9.eyJpc3MiOiJ3d3cuYWR2YW50YWdlb25saW5lc2hvcHBpbmcuY29tIiwidXNlcklkIjo1Njk0NDE5ODUsInN1YiI6Ik1pbGFuNzAwODMiLCJyb2xlIjoiVVNFUiJ9.CnUfEAoRdakq0cr_BaoEvI4ACvgbDLEZZsTilaWbss4	0	6	1	yt	Mayotte\n".	[MsgId: MMSG-13798]
Action.c(11): Notify: Parameter Substitution: parameter "RandomRowFromFile" =  "Milan70083	MilanEgorova@nate.com	1234oO	Milan	Egorova	82973976800	Ekaterinburg	Sakhalin_region,Lugovaya,73	51/63/86	274925799	569441985	TWlsYW43MDA4MzoxMjM0b08=	eyJ0eXAiOiJKV1QiLCJhbGciOiJIUzI1NiJ9.eyJpc3MiOiJ3d3cuYWR2YW50YWdlb25saW5lc2hvcHBpbmcuY29tIiwidXNlcklkIjo1Njk0NDE5ODUsInN1YiI6Ik1pbGFuNzAwODMiLCJyb2xlIjoiVVNFUiJ9.CnUfEAoRdakq0cr_BaoEvI4ACvgbDLEZZsTilaWbss4	0	6	1	yt	Mayotte\n"	[MsgId: MMSG-13992]
..\\library\\user_lib.h(52): Notify: Saving Parameter "login = Milan70083".	[MsgId: MMSG-13798]
..\\library\\user_lib.h(53): Notify: Saving Parameter "email = MilanEgorova@nate.com".	[MsgId: MMSG-13798]
..\\library\\user_lib.h(54): Notify: Saving Parameter "password = 1234oO".	[MsgId: MMSG-13798]
..\\library\\user_lib.h(55): Notify: Saving Parameter "firstName = Milan".	[MsgId: MMSG-13798]
..\\library\\user_lib.h(56): Notify: Saving Parameter "lastName = Egorova".	[MsgId: MMSG-13798]
..\\library\\user_lib.h(57): Notify: Saving Parameter "phoneNumber = 82973976800".	[MsgId: MMSG-13798]
..\\library\\user_lib.h(58): Notify: Saving Parameter "city = Ekaterinburg".	[MsgId: MMSG-13798]
..\\library\\user_lib.h(59): Notify: Saving Parameter "adress = Sakhalin_region,Lugovaya,73".	[MsgId: MMSG-13798]
..\\library\\user_lib.h(60): Notify: Saving Parameter "stateProvinceRegion = 51/63/86".	[MsgId: MMSG-13798]
..\\library\\user_lib.h(61): Notify: Saving Parameter "postalCode = 274925799".	[MsgId: MMSG-13798]
..\\library\\user_lib.h(62): Notify: Saving Parameter "userId = 569441985".	[MsgId: MMSG-13798]
..\\library\\user_lib.h(63): Notify: Saving Parameter "plBase64 = TWlsYW43MDA4MzoxMjM0b08=".	[MsgId: MMSG-13798]
..\\library\\user_lib.h(64): Notify: Saving Parameter "authToken = eyJ0eXAiOiJKV1QiLCJhbGciOiJIUzI1NiJ9.eyJpc3MiOiJ3d3cuYWR2YW50YWdlb25saW5lc2hvcHBpbmcuY29tIiwidXNlcklkIjo1Njk0NDE5ODUsInN1YiI6Ik1pbGFuNzAwODMiLCJyb2xlIjoiVVNFUiJ9.CnUfEAoRdakq0cr_BaoEvI4ACvgbDLEZZsTilaWbss4".	[MsgId: MMSG-13798]
..\\library\\user_lib.h(65): Notify: Saving Parameter "quantityInCart = 0".	[MsgId: MMSG-13798]
..\\library\\user_lib.h(66): Notify: Saving Parameter "countOrder = 6".	[MsgId: MMSG-13798]
..\\library\\user_lib.h(67): Notify: Saving Parameter "inUse = 1".	[MsgId: MMSG-13798]
..\\library\\user_lib.h(68): Notify: Saving Parameter "shortCountry = yt".	[MsgId: MMSG-13798]
..\\library\\user_lib.h(69): Notify: Saving Parameter "country = Mayotte".	[MsgId: MMSG-13798]
Action.c(12): Notify: Parameter Substitution: parameter "quantityInCart" =  "0"	[MsgId: MMSG-13992]
Action.c(13): Notify: Parameter Substitution: parameter "inUse" =  "1"	[MsgId: MMSG-13992]
Action.c(10): Notify: Next row for parameter RandomLogin = 17 [table  = RandomLogin].	[MsgId: MMSG-13876]
Action.c(10): Notify: Getting new value for parameter 'RandomLogin': table = '..\Outputfile\userdata.dat' column = '0' row = '17'.	[MsgId: MMSG-13877]
Action.c(10): Notify: Parameter Substitution: parameter "RandomLogin" =  "Milan70083"	[MsgId: MMSG-13992]
..\\library\\user_lib.h(337): Notify: Saving Parameter "RandomRowFromFile = Milan70083	MilanEgorova@nate.com	1234oO	Milan	Egorova	82973976800	Ekaterinburg	Sakhalin_region,Lugovaya,73	51/63/86	274925799	569441985	TWlsYW43MDA4MzoxMjM0b08=	eyJ0eXAiOiJKV1QiLCJhbGciOiJIUzI1NiJ9.eyJpc3MiOiJ3d3cuYWR2YW50YWdlb25saW5lc2hvcHBpbmcuY29tIiwidXNlcklkIjo1Njk0NDE5ODUsInN1YiI6Ik1pbGFuNzAwODMiLCJyb2xlIjoiVVNFUiJ9.CnUfEAoRdakq0cr_BaoEvI4ACvgbDLEZZsTilaWbss4	0	6	1	yt	Mayotte\n".	[MsgId: MMSG-13798]
Action.c(11): Notify: Parameter Substitution: parameter "RandomRowFromFile" =  "Milan70083	MilanEgorova@nate.com	1234oO	Milan	Egorova	82973976800	Ekaterinburg	Sakhalin_region,Lugovaya,73	51/63/86	274925799	569441985	TWlsYW43MDA4MzoxMjM0b08=	eyJ0eXAiOiJKV1QiLCJhbGciOiJIUzI1NiJ9.eyJpc3MiOiJ3d3cuYWR2YW50YWdlb25saW5lc2hvcHBpbmcuY29tIiwidXNlcklkIjo1Njk0NDE5ODUsInN1YiI6Ik1pbGFuNzAwODMiLCJyb2xlIjoiVVNFUiJ9.CnUfEAoRdakq0cr_BaoEvI4ACvgbDLEZZsTilaWbss4	0	6	1	yt	Mayotte\n"	[MsgId: MMSG-13992]
..\\library\\user_lib.h(52): Notify: Saving Parameter "login = Milan70083".	[MsgId: MMSG-13798]
..\\library\\user_lib.h(53): Notify: Saving Parameter "email = MilanEgorova@nate.com".	[MsgId: MMSG-13798]
..\\library\\user_lib.h(54): Notify: Saving Parameter "password = 1234oO".	[MsgId: MMSG-13798]
..\\library\\user_lib.h(55): Notify: Saving Parameter "firstName = Milan".	[MsgId: MMSG-13798]
..\\library\\user_lib.h(56): Notify: Saving Parameter "lastName = Egorova".	[MsgId: MMSG-13798]
..\\library\\user_lib.h(57): Notify: Saving Parameter "phoneNumber = 82973976800".	[MsgId: MMSG-13798]
..\\library\\user_lib.h(58): Notify: Saving Parameter "city = Ekaterinburg".	[MsgId: MMSG-13798]
..\\library\\user_lib.h(59): Notify: Saving Parameter "adress = Sakhalin_region,Lugovaya,73".	[MsgId: MMSG-13798]
..\\library\\user_lib.h(60): Notify: Saving Parameter "stateProvinceRegion = 51/63/86".	[MsgId: MMSG-13798]
..\\library\\user_lib.h(61): Notify: Saving Parameter "postalCode = 274925799".	[MsgId: MMSG-13798]
..\\library\\user_lib.h(62): Notify: Saving Parameter "userId = 569441985".	[MsgId: MMSG-13798]
..\\library\\user_lib.h(63): Notify: Saving Parameter "plBase64 = TWlsYW43MDA4MzoxMjM0b08=".	[MsgId: MMSG-13798]
..\\library\\user_lib.h(64): Notify: Saving Parameter "authToken = eyJ0eXAiOiJKV1QiLCJhbGciOiJIUzI1NiJ9.eyJpc3MiOiJ3d3cuYWR2YW50YWdlb25saW5lc2hvcHBpbmcuY29tIiwidXNlcklkIjo1Njk0NDE5ODUsInN1YiI6Ik1pbGFuNzAwODMiLCJyb2xlIjoiVVNFUiJ9.CnUfEAoRdakq0cr_BaoEvI4ACvgbDLEZZsTilaWbss4".	[MsgId: MMSG-13798]
..\\library\\user_lib.h(65): Notify: Saving Parameter "quantityInCart = 0".	[MsgId: MMSG-13798]
..\\library\\user_lib.h(66): Notify: Saving Parameter "countOrder = 6".	[MsgId: MMSG-13798]
..\\library\\user_lib.h(67): Notify: Saving Parameter "inUse = 1".	[MsgId: MMSG-13798]
..\\library\\user_lib.h(68): Notify: Saving Parameter "shortCountry = yt".	[MsgId: MMSG-13798]
..\\library\\user_lib.h(69): Notify: Saving Parameter "country = Mayotte".	[MsgId: MMSG-13798]
Action.c(12): Notify: Parameter Substitution: parameter "quantityInCart" =  "0"	[MsgId: MMSG-13992]
Action.c(13): Notify: Parameter Substitution: parameter "inUse" =  "1"	[MsgId: MMSG-13992]
Action.c(10): Notify: Next row for parameter RandomLogin = 8 [table  = RandomLogin].	[MsgId: MMSG-13876]
Action.c(10): Notify: Getting new value for parameter 'RandomLogin': table = '..\Outputfile\userdata.dat' column = '0' row = '8'.	[MsgId: MMSG-13877]
Action.c(10): Notify: Parameter Substitution: parameter "RandomLogin" =  "Anna94132"	[MsgId: MMSG-13992]
..\\library\\user_lib.h(337): Notify: Saving Parameter "RandomRowFromFile = Anna94132	AnnaBogdanova@yahoo.com	1234oO	Anna	Bogdanova	81591516400	Petrozavodsk	Arhangelsk_region,Zarechnaya,26	17/85/79	992382464	692431674	QW5uYTk0MTMyOjEyMzRvTw==	eyJ0eXAiOiJKV1QiLCJhbGciOiJIUzI1NiJ9.eyJpc3MiOiJ3d3cuYWR2YW50YWdlb25saW5lc2hvcHBpbmcuY29tIiwidXNlcklkIjo2OTI0MzE2NzQsInN1YiI6IkFubmE5NDEzMiIsInJvbGUiOiJVU0VSIn0.Y_JDGnVP_rXmIsAPGskfJbblGbrdGDHTmLPTR2jXRkA	0	6	0	pw	Palau\n".	[MsgId: MMSG-13798]
Action.c(11): Notify: Parameter Substitution: parameter "RandomRowFromFile" =  "Anna94132	AnnaBogdanova@yahoo.com	1234oO	Anna	Bogdanova	81591516400	Petrozavodsk	Arhangelsk_region,Zarechnaya,26	17/85/79	992382464	692431674	QW5uYTk0MTMyOjEyMzRvTw==	eyJ0eXAiOiJKV1QiLCJhbGciOiJIUzI1NiJ9.eyJpc3MiOiJ3d3cuYWR2YW50YWdlb25saW5lc2hvcHBpbmcuY29tIiwidXNlcklkIjo2OTI0MzE2NzQsInN1YiI6IkFubmE5NDEzMiIsInJvbGUiOiJVU0VSIn0.Y_JDGnVP_rXmIsAPGskfJbblGbrdGDHTmLPTR2jXRkA	0	6	0	pw	Palau\n"	[MsgId: MMSG-13992]
..\\library\\user_lib.h(52): Notify: Saving Parameter "login = Anna94132".	[MsgId: MMSG-13798]
..\\library\\user_lib.h(53): Notify: Saving Parameter "email = AnnaBogdanova@yahoo.com".	[MsgId: MMSG-13798]
..\\library\\user_lib.h(54): Notify: Saving Parameter "password = 1234oO".	[MsgId: MMSG-13798]
..\\library\\user_lib.h(55): Notify: Saving Parameter "firstName = Anna".	[MsgId: MMSG-13798]
..\\library\\user_lib.h(56): Notify: Saving Parameter "lastName = Bogdanova".	[MsgId: MMSG-13798]
..\\library\\user_lib.h(57): Notify: Saving Parameter "phoneNumber = 81591516400".	[MsgId: MMSG-13798]
..\\library\\user_lib.h(58): Notify: Saving Parameter "city = Petrozavodsk".	[MsgId: MMSG-13798]
..\\library\\user_lib.h(59): Notify: Saving Parameter "adress = Arhangelsk_region,Zarechnaya,26".	[MsgId: MMSG-13798]
..\\library\\user_lib.h(60): Notify: Saving Parameter "stateProvinceRegion = 17/85/79".	[MsgId: MMSG-13798]
..\\library\\user_lib.h(61): Notify: Saving Parameter "postalCode = 992382464".	[MsgId: MMSG-13798]
..\\library\\user_lib.h(62): Notify: Saving Parameter "userId = 692431674".	[MsgId: MMSG-13798]
..\\library\\user_lib.h(63): Notify: Saving Parameter "plBase64 = QW5uYTk0MTMyOjEyMzRvTw==".	[MsgId: MMSG-13798]
..\\library\\user_lib.h(64): Notify: Saving Parameter "authToken = eyJ0eXAiOiJKV1QiLCJhbGciOiJIUzI1NiJ9.eyJpc3MiOiJ3d3cuYWR2YW50YWdlb25saW5lc2hvcHBpbmcuY29tIiwidXNlcklkIjo2OTI0MzE2NzQsInN1YiI6IkFubmE5NDEzMiIsInJvbGUiOiJVU0VSIn0.Y_JDGnVP_rXmIsAPGskfJbblGbrdGDHTmLPTR2jXRkA".	[MsgId: MMSG-13798]
..\\library\\user_lib.h(65): Notify: Saving Parameter "quantityInCart = 0".	[MsgId: MMSG-13798]
..\\library\\user_lib.h(66): Notify: Saving Parameter "countOrder = 6".	[MsgId: MMSG-13798]
..\\library\\user_lib.h(67): Notify: Saving Parameter "inUse = 0".	[MsgId: MMSG-13798]
..\\library\\user_lib.h(68): Notify: Saving Parameter "shortCountry = pw".	[MsgId: MMSG-13798]
..\\library\\user_lib.h(69): Notify: Saving Parameter "country = Palau".	[MsgId: MMSG-13798]
Action.c(12): Notify: Parameter Substitution: parameter "quantityInCart" =  "0"	[MsgId: MMSG-13992]
Action.c(13): Notify: Parameter Substitution: parameter "inUse" =  "0"	[MsgId: MMSG-13992]
Action.c(10): Notify: Next row for parameter RandomLogin = 6 [table  = RandomLogin].	[MsgId: MMSG-13876]
Action.c(10): Notify: Getting new value for parameter 'RandomLogin': table = '..\Outputfile\userdata.dat' column = '0' row = '6'.	[MsgId: MMSG-13877]
Action.c(10): Notify: Parameter Substitution: parameter "RandomLogin" =  "Veronica88679"	[MsgId: MMSG-13992]
..\\library\\user_lib.h(337): Notify: Saving Parameter "RandomRowFromFile = Veronica88679	VeronicaSidorova@rediffmail.com	1234oO	Veronica	Sidorova	88316298200	Samara	Lipetsk_region,Oktyabrskaya,60	85/50/6	125625200	734689396	VmVyb25pY2E4ODY3OToxMjM0b08=	eyJ0eXAiOiJKV1QiLCJhbGciOiJIUzI1NiJ9.eyJpc3MiOiJ3d3cuYWR2YW50YWdlb25saW5lc2hvcHBpbmcuY29tIiwidXNlcklkIjo3MzQ2ODkzOTYsInN1YiI6IlZlcm9uaWNhODg2NzkiLCJyb2xlIjoiVVNFUiJ9.6om9greLCaKD4AssXwNQsRf0M3zMsUqTdBJY4tqvJRU	8	3	1	im	Isle\n".	[MsgId: MMSG-13798]
Action.c(11): Notify: Parameter Substitution: parameter "RandomRowFromFile" =  "Veronica88679	VeronicaSidorova@rediffmail.com	1234oO	Veronica	Sidorova	88316298200	Samara	Lipetsk_region,Oktyabrskaya,60	85/50/6	125625200	734689396	VmVyb25pY2E4ODY3OToxMjM0b08=	eyJ0eXAiOiJKV1QiLCJhbGciOiJIUzI1NiJ9.eyJpc3MiOiJ3d3cuYWR2YW50YWdlb25saW5lc2hvcHBpbmcuY29tIiwidXNlcklkIjo3MzQ2ODkzOTYsInN1YiI6IlZlcm9uaWNhODg2NzkiLCJyb2xlIjoiVVNFUiJ9.6om9greLCaKD4AssXwNQsRf0M3zMsUqTdBJY4tqvJRU	8	3	1	im	Isle\n"	[MsgId: MMSG-13992]
..\\library\\user_lib.h(52): Notify: Saving Parameter "login = Veronica88679".	[MsgId: MMSG-13798]
..\\library\\user_lib.h(53): Notify: Saving Parameter "email = VeronicaSidorova@rediffmail.com".	[MsgId: MMSG-13798]
..\\library\\user_lib.h(54): Notify: Saving Parameter "password = 1234oO".	[MsgId: MMSG-13798]
..\\library\\user_lib.h(55): Notify: Saving Parameter "firstName = Veronica".	[MsgId: MMSG-13798]
..\\library\\user_lib.h(56): Notify: Saving Parameter "lastName = Sidorova".	[MsgId: MMSG-13798]
..\\library\\user_lib.h(57): Notify: Saving Parameter "phoneNumber = 88316298200".	[MsgId: MMSG-13798]
..\\library\\user_lib.h(58): Notify: Saving Parameter "city = Samara".	[MsgId: MMSG-13798]
..\\library\\user_lib.h(59): Notify: Saving Parameter "adress = Lipetsk_region,Oktyabrskaya,60".	[MsgId: MMSG-13798]
..\\library\\user_lib.h(60): Notify: Saving Parameter "stateProvinceRegion = 85/50/6".	[MsgId: MMSG-13798]
..\\library\\user_lib.h(61): Notify: Saving Parameter "postalCode = 125625200".	[MsgId: MMSG-13798]
..\\library\\user_lib.h(62): Notify: Saving Parameter "userId = 734689396".	[MsgId: MMSG-13798]
..\\library\\user_lib.h(63): Notify: Saving Parameter "plBase64 = VmVyb25pY2E4ODY3OToxMjM0b08=".	[MsgId: MMSG-13798]
..\\library\\user_lib.h(64): Notify: Saving Parameter "authToken = eyJ0eXAiOiJKV1QiLCJhbGciOiJIUzI1NiJ9.eyJpc3MiOiJ3d3cuYWR2YW50YWdlb25saW5lc2hvcHBpbmcuY29tIiwidXNlcklkIjo3MzQ2ODkzOTYsInN1YiI6IlZlcm9uaWNhODg2NzkiLCJyb2xlIjoiVVNFUiJ9.6om9greLCaKD4AssXwNQsRf0M3zMsUqTdBJY4tqvJRU".	[MsgId: MMSG-13798]
..\\library\\user_lib.h(65): Notify: Saving Parameter "quantityInCart = 8".	[MsgId: MMSG-13798]
..\\library\\user_lib.h(66): Notify: Saving Parameter "countOrder = 3".	[MsgId: MMSG-13798]
..\\library\\user_lib.h(67): Notify: Saving Parameter "inUse = 1".	[MsgId: MMSG-13798]
..\\library\\user_lib.h(68): Notify: Saving Parameter "shortCountry = im".	[MsgId: MMSG-13798]
..\\library\\user_lib.h(69): Notify: Saving Parameter "country = Isle".	[MsgId: MMSG-13798]
Action.c(12): Notify: Parameter Substitution: parameter "quantityInCart" =  "8"	[MsgId: MMSG-13992]
Action.c(13): Notify: Parameter Substitution: parameter "inUse" =  "1"	[MsgId: MMSG-13992]
Action.c(10): Notify: Next row for parameter RandomLogin = 17 [table  = RandomLogin].	[MsgId: MMSG-13876]
Action.c(10): Notify: Getting new value for parameter 'RandomLogin': table = '..\Outputfile\userdata.dat' column = '0' row = '17'.	[MsgId: MMSG-13877]
Action.c(10): Notify: Parameter Substitution: parameter "RandomLogin" =  "Milan70083"	[MsgId: MMSG-13992]
Starting iteration 7.	[MsgId: MMSG-15968]
t=750642ms: Closed connection [0] to 54.157.232.206:80 after completing 10 request(s)  	[MsgId: MMSG-26000]
Resetting all proxy auto-configuration information  	[MsgId: MMSG-26000]
Starting action Action.	[MsgId: MMSG-15919]
Action.c(10): Notify: Next row for parameter RandomLogin = 14 [table  = RandomLogin].	[MsgId: MMSG-13876]
Action.c(10): Notify: Getting new value for parameter 'RandomLogin': table = '..\Outputfile\userdata.dat' column = '0' row = '14'.	[MsgId: MMSG-13877]
Action.c(10): Notify: Parameter Substitution: parameter "RandomLogin" =  "Vladimir52215"	[MsgId: MMSG-13992]
Action.c(216): Notify: Transaction "Delete_ProductFromShopCart" started.	[MsgId: MMSG-16999]
Action.c(218): web_add_auto_header("Origin") started  	[MsgId: MMSG-26355]
Action.c(218): Notify: Parameter Substitution: parameter "protocol" =  "http"	[MsgId: MMSG-13992]
Action.c(218): Notify: Parameter Substitution: parameter "host" =  "54.157.232.206"	[MsgId: MMSG-13992]
Action.c(218): An unrecognized header ("Origin") is being added  	[MsgId: MMSG-26595]
Action.c(218): "Origin: http://54.157.232.206" header registered for adding to requests from all following Action functions  	[MsgId: MMSG-26505]
Action.c(218): web_add_auto_header("Origin") was successful  	[MsgId: MMSG-26392]
Action.c(220): web_set_max_html_param_len started  	[MsgId: MMSG-26355]
Action.c(220): web_set_max_html_param_len was successful  	[MsgId: MMSG-26392]
Action.c(221): web_reg_save_param started  	[MsgId: MMSG-26355]
Action.c(221): Registering web_reg_save_param was successful  	[MsgId: MMSG-26390]
Action.c(224): web_reg_find started  	[MsgId: MMSG-26355]
Action.c(224): Notify: Parameter Substitution: parameter "userId" =  "868710580"	[MsgId: MMSG-13992]
Action.c(224): Registering web_reg_find was successful  	[MsgId: MMSG-26390]
Action.c(226): web_custom_request("deleteFromCart") started  	[MsgId: MMSG-26355]
Action.c(226): Notify: Parameter Substitution: parameter "protocol" =  "http"	[MsgId: MMSG-13992]
Action.c(226): Notify: Parameter Substitution: parameter "host" =  "54.157.232.206"	[MsgId: MMSG-13992]
Action.c(226): Notify: Parameter Substitution: parameter "userId" =  "868710580"	[MsgId: MMSG-13992]
Action.c(226): Notify: Parameter Substitution: parameter "productId_Delete" =  "16"	[MsgId: MMSG-13992]
Action.c(226): Notify: Parameter Substitution: parameter "productColorInt_Delete" =  "C3C3C3"	[MsgId: MMSG-13992]
Action.c(226): Notify: Parameter Substitution: parameter "protocol" =  "http"	[MsgId: MMSG-13992]
Action.c(226): Notify: Parameter Substitution: parameter "host" =  "54.157.232.206"	[MsgId: MMSG-13992]
Action.c(226): t=753704ms: Already connected [0] to 54.157.232.206:80  	[MsgId: MMSG-26000]
Action.c(226): t=753704ms: 674-byte request headers for "http://54.157.232.206/order/api/v1/carts/868710580/product/16/color/C3C3C3" (RelFrameId=1, Internal ID=9)
Action.c(226):     DELETE /order/api/v1/carts/868710580/product/16/color/C3C3C3 HTTP/1.1\r\n
Action.c(226):     Referer: http://54.157.232.206/\r\n
Action.c(226):     Origin: http://54.157.232.206\r\n
Action.c(226):     User-Agent: Mozilla/5.0 (Windows NT 10.0; Win64; x64; rv:123.0) Gecko/20100101 Firefox/123
Action.c(226):     .0\r\n
Action.c(226):     Accept-Encoding: gzip, deflate\r\n
Action.c(226):     Accept-Language: ru-RU,ru;q=0.8,en-US;q=0.5,en;q=0.3\r\n
Action.c(226):     Accept: */*\r\n
Action.c(226):     Connection: Keep-Alive\r\n
Action.c(226):     Host: 54.157.232.206\r\n
Action.c(226):     Authorization: Basic RGFyaWE0OTc1NDoxMjM0b08=\r\n
Action.c(226):     Cookie: JSESSIONID=A8ED44D48E45EFFF0C7B246D1ABFF916; userCart=%7B%22userId%22%3A-1%2C%22pr
Action.c(226):     oductsInCart%22%3A%5B%5D%7D; dtCookie=C6B619688A35310C747A99C4811E5A38|1|2||1; _gat=1; _ga
Action.c(226):     _56EMNRF2S2=GS1.1.1708954185.6.1.1708954254.60.0.0\r\n
Action.c(226):     Content-Length: 0\r\n
Action.c(226):     \r\n
Action.c(216): Notify: Transaction "Delete_ProductFromShopCart" started.	[MsgId: MMSG-16999]
Action.c(218): web_add_auto_header("Origin") started  	[MsgId: MMSG-26355]
Action.c(218): Notify: Parameter Substitution: parameter "protocol" =  "http"	[MsgId: MMSG-13992]
Action.c(218): Notify: Parameter Substitution: parameter "host" =  "54.157.232.206"	[MsgId: MMSG-13992]
Action.c(218): An unrecognized header ("Origin") is being added  	[MsgId: MMSG-26595]
Action.c(218): "Origin: http://54.157.232.206" header registered for adding to requests from all following Action functions  	[MsgId: MMSG-26505]
Action.c(218): web_add_auto_header("Origin") was successful  	[MsgId: MMSG-26392]
Action.c(220): web_set_max_html_param_len started  	[MsgId: MMSG-26355]
Action.c(220): web_set_max_html_param_len was successful  	[MsgId: MMSG-26392]
Action.c(221): web_reg_save_param started  	[MsgId: MMSG-26355]
Action.c(221): Registering web_reg_save_param was successful  	[MsgId: MMSG-26390]
Action.c(224): web_reg_find started  	[MsgId: MMSG-26355]
Action.c(224): Notify: Parameter Substitution: parameter "userId" =  "868710580"	[MsgId: MMSG-13992]
Action.c(224): Registering web_reg_find was successful  	[MsgId: MMSG-26390]
Action.c(226): web_custom_request("deleteFromCart") started  	[MsgId: MMSG-26355]
Action.c(226): Notify: Parameter Substitution: parameter "protocol" =  "http"	[MsgId: MMSG-13992]
Action.c(226): Notify: Parameter Substitution: parameter "host" =  "54.157.232.206"	[MsgId: MMSG-13992]
Action.c(226): Notify: Parameter Substitution: parameter "userId" =  "868710580"	[MsgId: MMSG-13992]
Action.c(226): Notify: Parameter Substitution: parameter "productId_Delete" =  "11"	[MsgId: MMSG-13992]
Action.c(226): Notify: Parameter Substitution: parameter "productColorInt_Delete" =  "C3C3C3"	[MsgId: MMSG-13992]
Action.c(226): Notify: Parameter Substitution: parameter "protocol" =  "http"	[MsgId: MMSG-13992]
Action.c(226): Notify: Parameter Substitution: parameter "host" =  "54.157.232.206"	[MsgId: MMSG-13992]
Action.c(226): t=753774ms: Already connected [0] to 54.157.232.206:80  	[MsgId: MMSG-26000]
Action.c(226): t=753774ms: 674-byte request headers for "http://54.157.232.206/order/api/v1/carts/868710580/product/11/color/C3C3C3" (RelFrameId=1, Internal ID=69)
Action.c(226):     DELETE /order/api/v1/carts/868710580/product/11/color/C3C3C3 HTTP/1.1\r\n
Action.c(226):     Referer: http://54.157.232.206/\r\n
Action.c(226):     Origin: http://54.157.232.206\r\n
Action.c(226):     User-Agent: Mozilla/5.0 (Windows NT 10.0; Win64; x64; rv:123.0) Gecko/20100101 Firefox/123
Action.c(226):     .0\r\n
Action.c(226):     Accept-Encoding: gzip, deflate\r\n
Action.c(226):     Accept-Language: ru-RU,ru;q=0.8,en-US;q=0.5,en;q=0.3\r\n
Action.c(226):     Accept: */*\r\n
Action.c(226):     Connection: Keep-Alive\r\n
Action.c(226):     Host: 54.157.232.206\r\n
Action.c(226):     Authorization: Basic RGFyaWE0OTc1NDoxMjM0b08=\r\n
Action.c(226):     Cookie: JSESSIONID=8663C4B8FC9D951386D20CC4997151E0; userCart=%7B%22userId%22%3A-1%2C%22pr
Action.c(226):     oductsInCart%22%3A%5B%5D%7D; dtCookie=82C438962F3CD458B06CF91710A407CF|1|2||1; _gat=1; _ga
Action.c(226):     _56EMNRF2S2=GS1.1.1708954185.6.1.1708954254.60.0.0\r\n
Action.c(226):     Content-Length: 0\r\n
Action.c(226):     \r\n
Action.c(226): t=753962ms: 434-byte response headers for "http://54.157.232.206/order/api/v1/carts/868710580/product/11/color/C3C3C3" (RelFrameId=1, Internal ID=69)
Action.c(226):     HTTP/1.1 200 \r\n
Action.c(226):     Server: nginx/1.12.2\r\n
Action.c(226):     Date: Sat, 02 Mar 2024 07:02:53 GMT\r\n
Action.c(226):     Content-Type: application/json\r\n
Action.c(226):     Transfer-Encoding: chunked\r\n
Action.c(226):     Connection: keep-alive\r\n
Action.c(226):     X-OneAgent-JS-Injection: true\r\n
Action.c(226):     Set-Cookie: dtCookie=82C438962F3CD458B06CF91710A407CF|1|2||1; Path=/\r\n
Action.c(226):     Expires: 0\r\n
Action.c(226):     Cache-control: no-store\r\n
Action.c(226):     X-Content-Type-Options: nosniff\r\n
Action.c(226):     X-XSS-Protection: 1; mode=block\r\n
Action.c(226):     X-Frame-Options: DENY\r\n
Action.c(226):     vary: accept-encoding\r\n
Action.c(226):     Content-Encoding: gzip\r\n
Action.c(226):     \r\n
Action.c(226): t=753962ms: 4-byte chunked response overhead for "http://54.157.232.206/order/api/v1/carts/868710580/product/11/color/C3C3C3" (RelFrameId=1, Internal ID=69)
Action.c(226):     38\r\n
Action.c(226): t=753962ms: 2-byte chunked response overhead for "http://54.157.232.206/order/api/v1/carts/868710580/product/11/color/C3C3C3" (RelFrameId=1, Internal ID=69)
Action.c(226):     \r\n
Action.c(226): t=753963ms: 56-byte ENCODED response body received for "http://54.157.232.206/order/api/v1/carts/868710580/product/11/color/C3C3C3" (RelFrameId=1, Internal ID=69)
Action.c(226): t=753963ms: 40-byte DECODED response body for "http://54.157.232.206/order/api/v1/carts/868710580/product/11/color/C3C3C3" (RelFrameId=1, Internal ID=69)
Action.c(226):     {"userId":868710580,"productsInCart":[]}
Action.c(226): t=753963ms: 3-byte chunked response overhead for "http://54.157.232.206/order/api/v1/carts/868710580/product/11/color/C3C3C3" (RelFrameId=1, Internal ID=69)
Action.c(226):     a\r\n
Action.c(226): t=753963ms: 7-byte chunked response overhead for "http://54.157.232.206/order/api/v1/carts/868710580/product/11/color/C3C3C3" (RelFrameId=1, Internal ID=69)
Action.c(226):     \r\n
Action.c(226):     0\r\n
Action.c(226):     \r\n
Action.c(226): t=753963ms: 10-byte ENCODED response body received for "http://54.157.232.206/order/api/v1/carts/868710580/product/11/color/C3C3C3" (RelFrameId=1, Internal ID=69)
Action.c(226): Notify: Saving Parameter "jsonCart = {"userId":868710580,"productsInCart":[]}".	[MsgId: MMSG-13798]
Action.c(226): t=753963ms: Request done "http://54.157.232.206/order/api/v1/carts/868710580/product/11/color/C3C3C3"  	[MsgId: MMSG-26000]
Action.c(226): Registered web_reg_find successful for "Text="userId":868710580" (count=1)  	[MsgId: MMSG-26364]
Action.c(226): web_custom_request("deleteFromCart") was successful, 66 body bytes, 434 header bytes, 16 chunking overhead bytes  	[MsgId: MMSG-26385]
Action.c(238): Notify: Parameter Substitution: parameter "jsonCart" =  "{"userId":868710580,"productsInCart":[]}"	[MsgId: MMSG-13992]
..\\library\\user_lib.h(128): Notify: Saving Parameter "jsonCart = {"userId":868710580,"productsInCart":[]}".	[MsgId: MMSG-13798]
..\\library\\user_lib.h(130): Notify: Parameter Substitution: parameter "jsonCart" =  "{"userId":868710580,"productsInCart":[]}"	[MsgId: MMSG-13992]
..\\library\\user_lib.h(130): lr_eval_json succeed	[MsgId: MMSG0]
..\\library\\user_lib.h(132): Warning: lr_json_find failed, no match	[MsgId: MWAR0]
Action.c(240): Notify: Saving Parameter "colProductInCart_AfterDelete = 0".	[MsgId: MMSG-13798]
Action.c(244): Notify: Parameter Substitution: parameter "colProductInCart_AfterDelete" =  "0"	[MsgId: MMSG-13992]
Action.c(244): Notify: Parameter Substitution: parameter "colProductInCart_BeforeDelete" =  "6"	[MsgId: MMSG-13992]
Action.c(244): Notify: Parameter Substitution: parameter "productQuantity_Delete" =  "3"	[MsgId: MMSG-13992]
Action.c(245): Error: Quantity products in cart not quals before and after delete /Количество продуктов в корзине до и после удаления несовпадает (Qafter != Qbefore + Qshop)	[MsgId: MERR-17999]
Action.c(246): Notify: Transaction "Delete_ProductFromShopCart" ended with a "Stop" status (Duration: 0,1914 Wasted Time: 0,0000).	[MsgId: MMSG-16871]
Action.c(246): Notify: Transaction "UC4_DeleteProductFromShopCart" ended with a "Stop" status (Duration: 37,4500 Think Time: 35,0166 Wasted Time: 0,0022).	[MsgId: MMSG-16870]
Abort was called from an action.	[MsgId: MMSG-10447]
Ending Vuser...	[MsgId: MMSG-15966]
Starting action vuser_end.	[MsgId: MMSG-15919]
Ending action vuser_end.	[MsgId: MMSG-15918]
Vuser Terminated.	[MsgId: MMSG-15963]
Action.c(246): t=753965ms: Closed connection [0] to 54.157.232.206:80 after completing 9 request(s)  	[MsgId: MMSG-26000]
HTML-Mode memory management statistics: Reusable=0, NonReusable=0, CsMemBlockSize=4096, checks disabled  	[MsgId: MMSG-26000]
Vuser 2 (thread 10416), ended OK."	[MsgId: MMSG-10695]
Action.c(226): t=754003ms: 434-byte response headers for "http://54.157.232.206/order/api/v1/carts/868710580/product/16/color/C3C3C3" (RelFrameId=1, Internal ID=9)
Action.c(226):     HTTP/1.1 200 \r\n
Action.c(226):     Server: nginx/1.12.2\r\n
Action.c(226):     Date: Sat, 02 Mar 2024 07:02:53 GMT\r\n
Action.c(226):     Content-Type: application/json\r\n
Action.c(226):     Transfer-Encoding: chunked\r\n
Action.c(226):     Connection: keep-alive\r\n
Action.c(226):     X-OneAgent-JS-Injection: true\r\n
Action.c(226):     Set-Cookie: dtCookie=C6B619688A35310C747A99C4811E5A38|1|2||1; Path=/\r\n
Action.c(226):     Expires: 0\r\n
Action.c(226):     Cache-control: no-store\r\n
Action.c(226):     X-Content-Type-Options: nosniff\r\n
Action.c(226):     X-XSS-Protection: 1; mode=block\r\n
Action.c(226):     X-Frame-Options: DENY\r\n
Action.c(226):     vary: accept-encoding\r\n
Action.c(226):     Content-Encoding: gzip\r\n
Action.c(226):     \r\n
Action.c(226): t=754004ms: 4-byte chunked response overhead for "http://54.157.232.206/order/api/v1/carts/868710580/product/16/color/C3C3C3" (RelFrameId=1, Internal ID=9)
Action.c(226):     cf\r\n
Action.c(226): t=754004ms: 2-byte chunked response overhead for "http://54.157.232.206/order/api/v1/carts/868710580/product/16/color/C3C3C3" (RelFrameId=1, Internal ID=9)
Action.c(226):     \r\n
Action.c(226): t=754004ms: 207-byte ENCODED response body received for "http://54.157.232.206/order/api/v1/carts/868710580/product/16/color/C3C3C3" (RelFrameId=1, Internal ID=9)
Action.c(226): t=754004ms: 242-byte DECODED response body for "http://54.157.232.206/order/api/v1/carts/868710580/product/16/color/C3C3C3" (RelFrameId=1, Internal ID=9)
Action.c(226):     {"userId":868710580,"productsInCart":[{"productId":11,"productName":"HP Pavilion x360 - 11
Action.c(226):     t Touch Laptop","price":319.99,"quantity":3,"imageUrl":"11100","color":{"code":"C3C3C3","n
Action.c(226):     ame":"GRAY","inStock":10},"exists":true,"hasWarranty":false}]}
Action.c(226): t=754004ms: 3-byte chunked response overhead for "http://54.157.232.206/order/api/v1/carts/868710580/product/16/color/C3C3C3" (RelFrameId=1, Internal ID=9)
Action.c(226):     a\r\n
Action.c(226): t=754004ms: 7-byte chunked response overhead for "http://54.157.232.206/order/api/v1/carts/868710580/product/16/color/C3C3C3" (RelFrameId=1, Internal ID=9)
Action.c(226):     \r\n
Action.c(226):     0\r\n
Action.c(226):     \r\n
Action.c(226): t=754005ms: 10-byte ENCODED response body received for "http://54.157.232.206/order/api/v1/carts/868710580/product/16/color/C3C3C3" (RelFrameId=1, Internal ID=9)
Action.c(226): Notify: Saving Parameter "jsonCart = {"userId":868710580,"productsInCart":[{"productId":11,"productName":"HP Pavilion x360 - 11t Touch Laptop","price":319.99,"quantity":3,"imageUrl":"11100","color":{"code":"C3C3C3","name":"GRAY","inStock":10},"exists":true,"hasWarranty":false}]}".	[MsgId: MMSG-13798]
Action.c(226): t=754005ms: Request done "http://54.157.232.206/order/api/v1/carts/868710580/product/16/color/C3C3C3"  	[MsgId: MMSG-26000]
Action.c(226): Registered web_reg_find successful for "Text="userId":868710580" (count=1)  	[MsgId: MMSG-26364]
Action.c(226): web_custom_request("deleteFromCart") was successful, 217 body bytes, 434 header bytes, 16 chunking overhead bytes  	[MsgId: MMSG-26385]
Action.c(238): Notify: Parameter Substitution: parameter "jsonCart" =  "{"userId":868710580,"productsInCart":[{"productId":11,"productName":"HP Pavilion x360 - 11t Touch Laptop","price":319.99,"quantity":3,"imageUrl":"11100","color":{"code":"C3C3C3","name":"GRAY","inStock":10},"exists":true,"hasWarranty":false}]}"	[MsgId: MMSG-13992]
..\\library\\user_lib.h(128): Notify: Saving Parameter "jsonCart = {"userId":868710580,"productsInCart":[{"productId":11,"productName":"HP Pavilion x360 - 11t Touch Laptop","price":319.99,"quantity":3,"imageUrl":"11100","color":{"code":"C3C3C3","name":"GRAY","inStock":10},"exists":true,"hasWarranty":false}]}".	[MsgId: MMSG-13798]
..\\library\\user_lib.h(130): Notify: Parameter Substitution: parameter "jsonCart" =  "{"userId":868710580,"productsInCart":[{"productId":11,"productName":"HP Pavilion x360 - 11t Touch Laptop","price":319.99,"quantity":3,"imageUrl":"11100","color":{"code":"C3C3C3","name":"GRAY","inStock":10},"exists":true,"hasWarranty":false}]}"	[MsgId: MMSG-13992]
..\\library\\user_lib.h(130): lr_eval_json succeed	[MsgId: MMSG0]
..\\library\\user_lib.h(132): lr_json_find succeed, 1 match	[MsgId: MMSG0]
..\\library\\user_lib.h(136): Notify: Saving Parameter "productIdInCart = 0".	[MsgId: MMSG-13798]
..\\library\\user_lib.h(137): Notify: Parameter Substitution: parameter "productIdInCart" =  "0"	[MsgId: MMSG-13992]
..\\library\\user_lib.h(137): Notify: Saving Parameter "quantity = 3".	[MsgId: MMSG-13798]
..\\library\\user_lib.h(137): lr_json_get_values succeed, 1 match	[MsgId: MMSG0]
..\\library\\user_lib.h(138): Notify: Parameter Substitution: parameter "quantity" =  "3"	[MsgId: MMSG-13992]
Action.c(240): Notify: Saving Parameter "colProductInCart_AfterDelete = 3".	[MsgId: MMSG-13798]
Action.c(244): Notify: Parameter Substitution: parameter "colProductInCart_AfterDelete" =  "3"	[MsgId: MMSG-13992]
Action.c(244): Notify: Parameter Substitution: parameter "colProductInCart_BeforeDelete" =  "6"	[MsgId: MMSG-13992]
Action.c(244): Notify: Parameter Substitution: parameter "productQuantity_Delete" =  "3"	[MsgId: MMSG-13992]
Action.c(249): Notify: Transaction "Delete_ProductFromShopCart" ended with a "Pass" status (Duration: 0,3034 Wasted Time: 0,0000).	[MsgId: MMSG-16871]
Action.c(252): lr_think_time: 10,00 seconds.	[MsgId: MMSG-15948]
Starting iteration 13.	[MsgId: MMSG-15968]
t=756263ms: Closed connection [0] to 54.157.232.206:80 after completing 10 request(s)  	[MsgId: MMSG-26000]
Resetting all proxy auto-configuration information  	[MsgId: MMSG-26000]
Starting action Action.	[MsgId: MMSG-15919]
Action.c(10): Notify: Next row for parameter RandomLogin = 7 [table  = RandomLogin].	[MsgId: MMSG-13876]
Action.c(10): Notify: Getting new value for parameter 'RandomLogin': table = '..\Outputfile\userdata.dat' column = '0' row = '7'.	[MsgId: MMSG-13877]
Action.c(10): Notify: Parameter Substitution: parameter "RandomLogin" =  "Ksenia12669"	[MsgId: MMSG-13992]
Action.c(216): Notify: Transaction "Delete_ProductFromShopCart" started.	[MsgId: MMSG-16999]
Action.c(218): web_add_auto_header("Origin") started  	[MsgId: MMSG-26355]
Action.c(218): Notify: Parameter Substitution: parameter "protocol" =  "http"	[MsgId: MMSG-13992]
Action.c(218): Notify: Parameter Substitution: parameter "host" =  "54.157.232.206"	[MsgId: MMSG-13992]
Action.c(218): An unrecognized header ("Origin") is being added  	[MsgId: MMSG-26595]
Action.c(218): "Origin: http://54.157.232.206" header registered for adding to requests from all following Action functions  	[MsgId: MMSG-26505]
Action.c(218): web_add_auto_header("Origin") was successful  	[MsgId: MMSG-26392]
Action.c(220): web_set_max_html_param_len started  	[MsgId: MMSG-26355]
Action.c(220): web_set_max_html_param_len was successful  	[MsgId: MMSG-26392]
Action.c(221): web_reg_save_param started  	[MsgId: MMSG-26355]
Action.c(221): Registering web_reg_save_param was successful  	[MsgId: MMSG-26390]
Action.c(224): web_reg_find started  	[MsgId: MMSG-26355]
Action.c(224): Notify: Parameter Substitution: parameter "userId" =  "758987928"	[MsgId: MMSG-13992]
Action.c(224): Registering web_reg_find was successful  	[MsgId: MMSG-26390]
Action.c(226): web_custom_request("deleteFromCart") started  	[MsgId: MMSG-26355]
Action.c(226): Notify: Parameter Substitution: parameter "protocol" =  "http"	[MsgId: MMSG-13992]
Action.c(226): Notify: Parameter Substitution: parameter "host" =  "54.157.232.206"	[MsgId: MMSG-13992]
Action.c(226): Notify: Parameter Substitution: parameter "userId" =  "758987928"	[MsgId: MMSG-13992]
Action.c(226): Notify: Parameter Substitution: parameter "productId_Delete" =  "9"	[MsgId: MMSG-13992]
Action.c(226): Notify: Parameter Substitution: parameter "productColorInt_Delete" =  "FFFFFF"	[MsgId: MMSG-13992]
Action.c(226): Notify: Parameter Substitution: parameter "protocol" =  "http"	[MsgId: MMSG-13992]
Action.c(226): Notify: Parameter Substitution: parameter "host" =  "54.157.232.206"	[MsgId: MMSG-13992]
Action.c(226): t=757484ms: Already connected [0] to 54.157.232.206:80  	[MsgId: MMSG-26000]
Action.c(226): t=757484ms: 673-byte request headers for "http://54.157.232.206/order/api/v1/carts/758987928/product/9/color/FFFFFF" (RelFrameId=1, Internal ID=129)
Action.c(226):     DELETE /order/api/v1/carts/758987928/product/9/color/FFFFFF HTTP/1.1\r\n
Action.c(226):     Referer: http://54.157.232.206/\r\n
Action.c(226):     Origin: http://54.157.232.206\r\n
Action.c(226):     User-Agent: Mozilla/5.0 (Windows NT 10.0; Win64; x64; rv:123.0) Gecko/20100101 Firefox/123
Action.c(226):     .0\r\n
Action.c(226):     Accept-Encoding: gzip, deflate\r\n
Action.c(226):     Accept-Language: ru-RU,ru;q=0.8,en-US;q=0.5,en;q=0.3\r\n
Action.c(226):     Accept: */*\r\n
Action.c(226):     Connection: Keep-Alive\r\n
Action.c(226):     Host: 54.157.232.206\r\n
Action.c(226):     Authorization: Basic S3NlbmlhMTI2Njk6MTIzNG9P\r\n
Action.c(226):     Cookie: JSESSIONID=028E2C67F9E24BB17082F4ECF9C6DEAD; userCart=%7B%22userId%22%3A-1%2C%22pr
Action.c(226):     oductsInCart%22%3A%5B%5D%7D; dtCookie=9D187F66364A5449BABAEFC5285F1598|1|2||1; _gat=1; _ga
Action.c(226):     _56EMNRF2S2=GS1.1.1708954185.6.1.1708954254.60.0.0\r\n
Action.c(226):     Content-Length: 0\r\n
Action.c(226):     \r\n
Action.c(226): t=757779ms: 434-byte response headers for "http://54.157.232.206/order/api/v1/carts/758987928/product/9/color/FFFFFF" (RelFrameId=1, Internal ID=129)
Action.c(226):     HTTP/1.1 200 \r\n
Action.c(226):     Server: nginx/1.12.2\r\n
Action.c(226):     Date: Sat, 02 Mar 2024 07:02:57 GMT\r\n
Action.c(226):     Content-Type: application/json\r\n
Action.c(226):     Transfer-Encoding: chunked\r\n
Action.c(226):     Connection: keep-alive\r\n
Action.c(226):     X-OneAgent-JS-Injection: true\r\n
Action.c(226):     Set-Cookie: dtCookie=9D187F66364A5449BABAEFC5285F1598|1|2||1; Path=/\r\n
Action.c(226):     Expires: 0\r\n
Action.c(226):     Cache-control: no-store\r\n
Action.c(226):     X-Content-Type-Options: nosniff\r\n
Action.c(226):     X-XSS-Protection: 1; mode=block\r\n
Action.c(226):     X-Frame-Options: DENY\r\n
Action.c(226):     vary: accept-encoding\r\n
Action.c(226):     Content-Encoding: gzip\r\n
Action.c(226):     \r\n
Action.c(226): t=757779ms: 4-byte chunked response overhead for "http://54.157.232.206/order/api/v1/carts/758987928/product/9/color/FFFFFF" (RelFrameId=1, Internal ID=129)
Action.c(226):     c8\r\n
Action.c(226): t=757780ms: 2-byte chunked response overhead for "http://54.157.232.206/order/api/v1/carts/758987928/product/9/color/FFFFFF" (RelFrameId=1, Internal ID=129)
Action.c(226):     \r\n
Action.c(226): t=757780ms: 200-byte ENCODED response body received for "http://54.157.232.206/order/api/v1/carts/758987928/product/9/color/FFFFFF" (RelFrameId=1, Internal ID=129)
Action.c(226): t=757780ms: 236-byte DECODED response body for "http://54.157.232.206/order/api/v1/carts/758987928/product/9/color/FFFFFF" (RelFrameId=1, Internal ID=129)
Action.c(226):     {"userId":758987928,"productsInCart":[{"productId":25,"productName":"Bose SoundLink Wirele
Action.c(226):     ss Speaker","price":129.0,"quantity":3,"imageUrl":"4700","color":{"code":"3683D1","name":"
Action.c(226):     BLUE","inStock":10},"exists":true,"hasWarranty":false}]}
Action.c(226): t=757780ms: 3-byte chunked response overhead for "http://54.157.232.206/order/api/v1/carts/758987928/product/9/color/FFFFFF" (RelFrameId=1, Internal ID=129)
Action.c(226):     a\r\n
Action.c(226): t=757780ms: 7-byte chunked response overhead for "http://54.157.232.206/order/api/v1/carts/758987928/product/9/color/FFFFFF" (RelFrameId=1, Internal ID=129)
Action.c(226):     \r\n
Action.c(226):     0\r\n
Action.c(226):     \r\n
Action.c(226): t=757780ms: 10-byte ENCODED response body received for "http://54.157.232.206/order/api/v1/carts/758987928/product/9/color/FFFFFF" (RelFrameId=1, Internal ID=129)
Action.c(226): Notify: Saving Parameter "jsonCart = {"userId":758987928,"productsInCart":[{"productId":25,"productName":"Bose SoundLink Wireless Speaker","price":129.0,"quantity":3,"imageUrl":"4700","color":{"code":"3683D1","name":"BLUE","inStock":10},"exists":true,"hasWarranty":false}]}".	[MsgId: MMSG-13798]
Action.c(226): t=757780ms: Request done "http://54.157.232.206/order/api/v1/carts/758987928/product/9/color/FFFFFF"  	[MsgId: MMSG-26000]
Action.c(226): Registered web_reg_find successful for "Text="userId":758987928" (count=1)  	[MsgId: MMSG-26364]
Action.c(226): web_custom_request("deleteFromCart") was successful, 210 body bytes, 434 header bytes, 16 chunking overhead bytes  	[MsgId: MMSG-26385]
Action.c(238): Notify: Parameter Substitution: parameter "jsonCart" =  "{"userId":758987928,"productsInCart":[{"productId":25,"productName":"Bose SoundLink Wireless Speaker","price":129.0,"quantity":3,"imageUrl":"4700","color":{"code":"3683D1","name":"BLUE","inStock":10},"exists":true,"hasWarranty":false}]}"	[MsgId: MMSG-13992]
..\\library\\user_lib.h(128): Notify: Saving Parameter "jsonCart = {"userId":758987928,"productsInCart":[{"productId":25,"productName":"Bose SoundLink Wireless Speaker","price":129.0,"quantity":3,"imageUrl":"4700","color":{"code":"3683D1","name":"BLUE","inStock":10},"exists":true,"hasWarranty":false}]}".	[MsgId: MMSG-13798]
..\\library\\user_lib.h(130): Notify: Parameter Substitution: parameter "jsonCart" =  "{"userId":758987928,"productsInCart":[{"productId":25,"productName":"Bose SoundLink Wireless Speaker","price":129.0,"quantity":3,"imageUrl":"4700","color":{"code":"3683D1","name":"BLUE","inStock":10},"exists":true,"hasWarranty":false}]}"	[MsgId: MMSG-13992]
..\\library\\user_lib.h(130): lr_eval_json succeed	[MsgId: MMSG0]
..\\library\\user_lib.h(132): lr_json_find succeed, 1 match	[MsgId: MMSG0]
..\\library\\user_lib.h(136): Notify: Saving Parameter "productIdInCart = 0".	[MsgId: MMSG-13798]
..\\library\\user_lib.h(137): Notify: Parameter Substitution: parameter "productIdInCart" =  "0"	[MsgId: MMSG-13992]
..\\library\\user_lib.h(137): Notify: Saving Parameter "quantity = 3".	[MsgId: MMSG-13798]
..\\library\\user_lib.h(137): lr_json_get_values succeed, 1 match	[MsgId: MMSG0]
..\\library\\user_lib.h(138): Notify: Parameter Substitution: parameter "quantity" =  "3"	[MsgId: MMSG-13992]
Action.c(240): Notify: Saving Parameter "colProductInCart_AfterDelete = 3".	[MsgId: MMSG-13798]
Action.c(244): Notify: Parameter Substitution: parameter "colProductInCart_AfterDelete" =  "3"	[MsgId: MMSG-13992]
Action.c(244): Notify: Parameter Substitution: parameter "colProductInCart_BeforeDelete" =  "5"	[MsgId: MMSG-13992]
Action.c(244): Notify: Parameter Substitution: parameter "productQuantity_Delete" =  "2"	[MsgId: MMSG-13992]
Action.c(249): Notify: Transaction "Delete_ProductFromShopCart" ended with a "Pass" status (Duration: 0,3010 Wasted Time: 0,0000).	[MsgId: MMSG-16871]
Action.c(252): lr_think_time: 10,00 seconds.	[MsgId: MMSG-15948]
Action.c(254): Notify: Parameter Substitution: parameter "login" =  "Daria49754"	[MsgId: MMSG-13992]
Action.c(254): Notify: Parameter Substitution: parameter "colProductInCart_AfterDelete" =  "3"	[MsgId: MMSG-13992]
Action.c(254): Notify: Parameter Substitution: parameter "login" =  "Ksenia12669"	[MsgId: MMSG-13992]
Action.c(254): Notify: Parameter Substitution: parameter "colProductInCart_AfterDelete" =  "3"	[MsgId: MMSG-13992]
Abort was called from an action.	[MsgId: MMSG-10447]
Ending Vuser...	[MsgId: MMSG-15966]
Starting action vuser_end.	[MsgId: MMSG-15919]
Ending action vuser_end.	[MsgId: MMSG-15918]
Vuser Terminated.	[MsgId: MMSG-15963]
HTML-Mode memory management statistics: Reusable=0, NonReusable=0, CsMemBlockSize=4096, checks disabled  	[MsgId: MMSG-26000]
Vuser 3 (thread 11152), ended OK."	[MsgId: MMSG-10695]
Abort was called from an action.	[MsgId: MMSG-10447]
Ending Vuser...	[MsgId: MMSG-15966]
Starting action vuser_end.	[MsgId: MMSG-15919]
Ending action vuser_end.	[MsgId: MMSG-15918]
Vuser Terminated.	[MsgId: MMSG-15963]
HTML-Mode memory management statistics: Reusable=0, NonReusable=0, CsMemBlockSize=4096, checks disabled  	[MsgId: MMSG-26000]
Vuser 5 (thread 11116), ended OK."	[MsgId: MMSG-10695]
..\\library\\user_lib.h(212): Notify: Transaction "UC4_DeleteProductFromShopCart" ended with a "Stop" status (Duration: 419,3223 Think Time: 45,0122 Wasted Time: 0,0025).	[MsgId: MMSG-16870]
Abort was called from an action.	[MsgId: MMSG-10447]
Ending Vuser...	[MsgId: MMSG-15966]
Starting action vuser_end.	[MsgId: MMSG-15919]
Ending action vuser_end.	[MsgId: MMSG-15918]
Vuser Terminated.	[MsgId: MMSG-15963]
..\\library\\user_lib.h(212): t=1135831ms: Closed connection [0] to 54.157.232.206:80 after completing 9 request(s)  	[MsgId: MMSG-26000]
HTML-Mode memory management statistics: Reusable=0, NonReusable=0, CsMemBlockSize=4096, checks disabled  	[MsgId: MMSG-26000]
Abort was called from an action.	[MsgId: MMSG-10447]
Ending Vuser...	[MsgId: MMSG-15966]
Starting action vuser_end.	[MsgId: MMSG-15919]
Ending action vuser_end.	[MsgId: MMSG-15918]
Vuser Terminated.	[MsgId: MMSG-15963]
Vuser 4 (thread 1204), ended OK."	[MsgId: MMSG-10695]
HTML-Mode memory management statistics: Reusable=0, NonReusable=0, CsMemBlockSize=4096, checks disabled  	[MsgId: MMSG-26000]
Vuser 1 (thread 12476), ended OK."	[MsgId: MMSG-10695]
..\\library\\user_lib.h(212): Notify: Transaction "UC4_DeleteProductFromShopCart" ended with a "Stop" status (Duration: 415,6229 Think Time: 45,0783 Wasted Time: 0,0053).	[MsgId: MMSG-16870]
Abort was called from an action.	[MsgId: MMSG-10447]
Ending Vuser...	[MsgId: MMSG-15966]
Starting action vuser_end.	[MsgId: MMSG-15919]
Ending action vuser_end.	[MsgId: MMSG-15918]
Vuser Terminated.	[MsgId: MMSG-15963]
..\\library\\user_lib.h(212): t=1135946ms: Closed connection [0] to 54.157.232.206:80 after completing 9 request(s)  	[MsgId: MMSG-26000]
HTML-Mode memory management statistics: Reusable=0, NonReusable=0, CsMemBlockSize=4096, checks disabled  	[MsgId: MMSG-26000]
Vuser 0 (thread 2736), ended OK."	[MsgId: MMSG-10695]
