Virtual User Script started at: 15.03.2024 18:15:59
Starting action vuser_init.
Web Turbo Replay of LoadRunner 12.55.0 for Windows 10; build 911 (èþë 24 2017 19:46:00)  	[MsgId: MMSG-26983]
Run mode: HTML  	[MsgId: MMSG-26993]
Replay user agent: Mozilla/5.0 (Windows NT 10.0; Win64; x64; rv:123.0) Gecko/20100101 Firefox/123.0  	[MsgId: MMSG-26988]
Run-Time Settings file: "C:\Users\user\Documents\VuGen\Scripts\UC11_ContactUsForm\\default.cfg"  	[MsgId: MMSG-27141]
Ending action vuser_init.
Running Vuser...
Starting iteration 1.
Maximum number of concurrent connections per server: 6  	[MsgId: MMSG-26989]
Starting action Action.
Action.c(3): Notify: Transaction "UC11_ContactUsForm" started.
Action.c(6): Notify: Transaction "Goto_HomePage" started.
Action.c(8): web_set_sockets_option started  	[MsgId: MMSG-26355]
Action.c(8): web_set_sockets_option was successful  	[MsgId: MMSG-26392]
Action.c(10): web_add_cookie started  	[MsgId: MMSG-26355]
Action.c(10): web_add_cookie was successful  	[MsgId: MMSG-26392]
Action.c(11): web_add_cookie started  	[MsgId: MMSG-26355]
Action.c(11): web_add_cookie was successful  	[MsgId: MMSG-26392]
Action.c(12): web_add_cookie started  	[MsgId: MMSG-26355]
Action.c(12): web_add_cookie was successful  	[MsgId: MMSG-26392]
Action.c(13): web_add_cookie started  	[MsgId: MMSG-26355]
Action.c(13): web_add_cookie was successful  	[MsgId: MMSG-26392]
Action.c(14): web_add_cookie started  	[MsgId: MMSG-26355]
Action.c(14): web_add_cookie was successful  	[MsgId: MMSG-26392]
Action.c(15): web_add_header("Upgrade-Insecure-Requests") started  	[MsgId: MMSG-26355]
Action.c(15): web_add_header("Upgrade-Insecure-Requests") was successful  	[MsgId: MMSG-26392]
Action.c(17): web_add_cookie started  	[MsgId: MMSG-26355]
Action.c(17): web_add_cookie was successful  	[MsgId: MMSG-26392]
Action.c(19): web_reg_find started  	[MsgId: MMSG-26355]
Action.c(19): Registering web_reg_find was successful  	[MsgId: MMSG-26390]
Action.c(20): web_reg_find started  	[MsgId: MMSG-26355]
Action.c(20): Registering web_reg_find was successful  	[MsgId: MMSG-26390]
Action.c(22): web_url("ALL") started  	[MsgId: MMSG-26355]
Action.c(22): Registered web_reg_find successful for "Text="parameters"" (count=1)  	[MsgId: MMSG-26364]
Action.c(22): Registered web_reg_find successful for "Text="parameterName"" (count=51)  	[MsgId: MMSG-26364]
Action.c(22): web_url("ALL") was successful, 6541 body bytes, 434 header bytes, 18 chunking overhead bytes  	[MsgId: MMSG-26385]
Action.c(32): web_add_cookie started  	[MsgId: MMSG-26355]
Action.c(32): web_add_cookie was successful  	[MsgId: MMSG-26392]
Action.c(33): web_add_header("Origin") started  	[MsgId: MMSG-26355]
Action.c(33): web_add_header("Origin") was successful  	[MsgId: MMSG-26392]
Action.c(34): web_add_header("SOAPAction") started  	[MsgId: MMSG-26355]
Action.c(34): web_add_header("SOAPAction") was successful  	[MsgId: MMSG-26392]
Action.c(35): web_add_header("X-Requested-With") started  	[MsgId: MMSG-26355]
Action.c(35): web_add_header("X-Requested-With") was successful  	[MsgId: MMSG-26392]
Action.c(37): web_reg_find started  	[MsgId: MMSG-26355]
Action.c(37): Registering web_reg_find was successful  	[MsgId: MMSG-26390]
Action.c(39): web_custom_request("GetAccountConfigurationRequest") started  	[MsgId: MMSG-26355]
Action.c(39): Registered web_reg_find successful for "Text=numberOfFailedLoginAttemptsBeforeBlocking" (count=2)  	[MsgId: MMSG-26364]
Action.c(39): web_custom_request("GetAccountConfigurationRequest") was successful, 823 body bytes, 665 header bytes  	[MsgId: MMSG-26386]
Action.c(53): web_set_max_html_param_len started  	[MsgId: MMSG-26355]
Action.c(53): web_set_max_html_param_len was successful  	[MsgId: MMSG-26392]
Action.c(54): web_reg_save_param started  	[MsgId: MMSG-26355]
Action.c(54): Registering web_reg_save_param was successful  	[MsgId: MMSG-26390]
Action.c(57): web_reg_find started  	[MsgId: MMSG-26355]
Action.c(57): Registering web_reg_find was successful  	[MsgId: MMSG-26390]
Action.c(58): web_reg_find started  	[MsgId: MMSG-26355]
Action.c(58): Registering web_reg_find was successful  	[MsgId: MMSG-26390]
Action.c(59): web_reg_find started  	[MsgId: MMSG-26355]
Action.c(59): Registering web_reg_find was successful  	[MsgId: MMSG-26390]
Action.c(60): web_reg_find started  	[MsgId: MMSG-26355]
Action.c(60): Registering web_reg_find was successful  	[MsgId: MMSG-26390]
Action.c(61): web_reg_find started  	[MsgId: MMSG-26355]
Action.c(61): Registering web_reg_find was successful  	[MsgId: MMSG-26390]
Action.c(63): web_url("categories") started  	[MsgId: MMSG-26355]
Action.c(63): Registered web_reg_find successful for "Text="categoryName":"LAPTOPS"" (count=1)  	[MsgId: MMSG-26364]
Action.c(63): Registered web_reg_find successful for "Text="categoryName":"HEADPHONES"" (count=1)  	[MsgId: MMSG-26364]
Action.c(63): Registered web_reg_find successful for "Text="categoryName":"TABLETS"" (count=1)  	[MsgId: MMSG-26364]
Action.c(63): Registered web_reg_find successful for "Text="categoryName":"SPEAKERS"" (count=1)  	[MsgId: MMSG-26364]
Action.c(63): Registered web_reg_find successful for "Text="categoryName":"MICE"" (count=1)  	[MsgId: MMSG-26364]
Action.c(63): web_url("categories") was successful, 4484 body bytes, 434 header bytes, 18 chunking overhead bytes  	[MsgId: MMSG-26385]
..\\library\\user_lib.h(80): lr_eval_json succeed
..\\library\\user_lib.h(82): lr_json_find succeed, 5 matches
..\\library\\user_lib.h(92): lr_json_find succeed, 9 matches
..\\library\\user_lib.h(99): lr_json_get_values succeed, 1 match
..\\library\\user_lib.h(100): lr_json_get_values succeed, 1 match
..\\library\\user_lib.h(101): lr_json_get_values succeed, 1 match
..\\library\\user_lib.h(102): lr_json_get_values succeed, 1 match
..\\library\\user_lib.h(103): lr_json_get_values succeed, 1 match
..\\library\\user_lib.h(104): lr_json_get_values succeed, 1 match
..\\library\\user_lib.h(105): lr_json_get_values succeed, 1 match
Action.c(77): web_reg_find started  	[MsgId: MMSG-26355]
Action.c(77): Registering web_reg_find was successful  	[MsgId: MMSG-26390]
Action.c(78): web_reg_find started  	[MsgId: MMSG-26355]
Action.c(78): Registering web_reg_find was successful  	[MsgId: MMSG-26390]
Action.c(80): web_url("dealOfTheDay") started  	[MsgId: MMSG-26355]
Action.c(80): Registered web_reg_find successful for "Text="promotionHeader"" (count=1)  	[MsgId: MMSG-26364]
Action.c(80): Registered web_reg_find successful for "Text="promotionSubHeader"" (count=1)  	[MsgId: MMSG-26364]
Action.c(80): web_url("dealOfTheDay") was successful, 351 body bytes, 434 header bytes, 17 chunking overhead bytes  	[MsgId: MMSG-26385]
Action.c(90): Notify: Transaction "Goto_HomePage" ended with a "Pass" status (Duration: 1.9735 Wasted Time: 0.1435).
Action.c(93): lr_think_time: 10.00 seconds.
Action.c(96): Notify: Transaction "Entry_DataForContactUsForm" started.
Action.c(98): web_add_cookie started  	[MsgId: MMSG-26355]
Action.c(98): web_add_cookie was successful  	[MsgId: MMSG-26392]
Action.c(99): web_add_cookie started  	[MsgId: MMSG-26355]
Action.c(99): web_add_cookie was successful  	[MsgId: MMSG-26392]
Action.c(100): web_add_header("Origin") started  	[MsgId: MMSG-26355]
Action.c(100): web_add_header("Origin") was successful  	[MsgId: MMSG-26392]
Action.c(102): web_reg_find started  	[MsgId: MMSG-26355]
Action.c(102): Registering web_reg_find was successful  	[MsgId: MMSG-26390]
Action.c(104): web_custom_request("email") started  	[MsgId: MMSG-26355]
Action.c(104): Registered web_reg_find successful for "Text=Thank you for contacting Advantage support." (count=1)  	[MsgId: MMSG-26364]
Action.c(104): web_custom_request("email") was successful, 106 body bytes, 434 header bytes, 16 chunking overhead bytes  	[MsgId: MMSG-26385]
Action.c(117): Notify: Transaction "Entry_DataForContactUsForm" ended with a "Pass" status (Duration: 0.4846 Wasted Time: 0.0062).
Action.c(120): Notify: Transaction "UC11_ContactUsForm" ended with a "Pass" status (Duration: 13.7801 Think Time: 10.0005 Wasted Time: 0.1498).
Ending action Action.
Ending iteration 1.
Ending Vuser...
Starting action vuser_end.
Ending action vuser_end.
Vuser Terminated.
